<?xml version="1.0" encoding="utf-8"?>
<test-run id="2" testcasecount="445" result="Passed" total="445" passed="445" failed="0" inconclusive="0" skipped="0" asserts="0" engine-version="3.5.0.0" clr-version="4.0.30319.42000" start-time="2026-05-28 20:02:01Z" end-time="2026-05-28 20:02:13Z" duration="12.315629">
  <test-suite type="TestSuite" id="1000" name="MrAngleGame" fullname="MrAngleGame" runstate="Runnable" testcasecount="445" result="Passed" start-time="2026-05-28 20:02:01Z" end-time="2026-05-28 20:02:13Z" duration="12.315629" total="445" passed="445" failed="0" inconclusive="0" skipped="0" asserts="0">
    <properties>
      <property name="platform" value="EditMode" />
    </properties>
    <test-suite type="Assembly" id="1035" name="MageFactory.Tests.dll" fullname="C:/Users/User/MrAngleGame/Library/ScriptAssemblies/MageFactory.Tests.dll" runstate="Runnable" testcasecount="27" result="Passed" start-time="2026-05-28 20:02:01Z" end-time="2026-05-28 20:02:12Z" duration="10.951582" total="27" passed="27" failed="0" inconclusive="0" skipped="0" asserts="0">
      <properties>
        <property name="_PID" value="21368" />
        <property name="_APPDOMAIN" value="Unity Child Domain" />
        <property name="platform" value="EditMode" />
        <property name="EditorOnly" value="True" />
      </properties>
      <test-suite type="TestSuite" id="1036" name="MageFactory" fullname="MageFactory" runstate="Runnable" testcasecount="27" result="Passed" start-time="2026-05-28 20:02:01Z" end-time="2026-05-28 20:02:12Z" duration="10.951049" total="27" passed="27" failed="0" inconclusive="0" skipped="0" asserts="0">
        <properties />
        <test-suite type="TestSuite" id="1037" name="Tests" fullname="MageFactory.Tests" runstate="Runnable" testcasecount="27" result="Passed" start-time="2026-05-28 20:02:01Z" end-time="2026-05-28 20:02:12Z" duration="10.950775" total="27" passed="27" failed="0" inconclusive="0" skipped="0" asserts="0">
          <properties />
          <test-suite type="TestSuite" id="1038" name="EditMode" fullname="MageFactory.Tests.EditMode" runstate="Runnable" testcasecount="1" result="Passed" start-time="2026-05-28 20:02:01Z" end-time="2026-05-28 20:02:01Z" duration="0.017731" total="1" passed="1" failed="0" inconclusive="0" skipped="0" asserts="0">
            <properties />
            <test-suite type="TestSuite" id="1039" name="MageFactory" fullname="MageFactory.Tests.EditMode.MageFactory" runstate="Runnable" testcasecount="1" result="Passed" start-time="2026-05-28 20:02:01Z" end-time="2026-05-28 20:02:01Z" duration="0.017467" total="1" passed="1" failed="0" inconclusive="0" skipped="0" asserts="0">
              <properties />
              <test-suite type="TestSuite" id="1040" name="Tests" fullname="MageFactory.Tests.EditMode.MageFactory.Tests" runstate="Runnable" testcasecount="1" result="Passed" start-time="2026-05-28 20:02:01Z" end-time="2026-05-28 20:02:01Z" duration="0.017146" total="1" passed="1" failed="0" inconclusive="0" skipped="0" asserts="0">
                <properties />
                <test-suite type="TestFixture" id="1001" name="DummySmokeTest" fullname="MageFactory.Tests.EditMode.MageFactory.Tests.DummySmokeTest" classname="MageFactory.Tests.EditMode.MageFactory.Tests.DummySmokeTest" runstate="Runnable" testcasecount="1" result="Passed" start-time="2026-05-28 20:02:01Z" end-time="2026-05-28 20:02:01Z" duration="0.016296" total="1" passed="1" failed="0" inconclusive="0" skipped="0" asserts="0">
                  <properties />
                  <test-case id="1002" name="smoke" fullname="MageFactory.Tests.EditMode.MageFactory.Tests.DummySmokeTest.smoke" methodname="smoke" classname="MageFactory.Tests.EditMode.MageFactory.Tests.DummySmokeTest" runstate="Runnable" seed="1331404848" result="Passed" start-time="2026-05-28 20:02:01Z" end-time="2026-05-28 20:02:01Z" duration="0.006531" asserts="0">
                    <properties>
                      <property name="retryIteration" value="0" />
                      <property name="repeatIteration" value="0" />
                    </properties>
                    <reason>
                      <message><![CDATA[If you see this, UTF działa.]]></message>
                    </reason>
                  </test-case>
                </test-suite>
              </test-suite>
            </test-suite>
          </test-suite>
          <test-suite type="TestSuite" id="1041" name="Unit" fullname="MageFactory.Tests.Unit" runstate="Runnable" testcasecount="26" result="Passed" start-time="2026-05-28 20:02:01Z" end-time="2026-05-28 20:02:12Z" duration="10.932737" total="26" passed="26" failed="0" inconclusive="0" skipped="0" asserts="0">
            <properties />
            <test-suite type="TestSuite" id="1044" name="Battle" fullname="MageFactory.Tests.Unit.Battle" runstate="Runnable" testcasecount="18" result="Passed" start-time="2026-05-28 20:02:01Z" end-time="2026-05-28 20:02:12Z" duration="10.923422" total="18" passed="18" failed="0" inconclusive="0" skipped="0" asserts="0">
              <properties />
              <test-suite type="TestFixture" id="1012" name="BattleSessionSettingsTest" fullname="MageFactory.Tests.Unit.Battle.BattleSessionSettingsTest" classname="MageFactory.Tests.Unit.Battle.BattleSessionSettingsTest" runstate="Runnable" testcasecount="3" result="Passed" start-time="2026-05-28 20:02:01Z" end-time="2026-05-28 20:02:01Z" duration="0.008832" total="3" passed="3" failed="0" inconclusive="0" skipped="0" asserts="0">
                <properties />
                <test-case id="1014" name="should_calculate_real_seconds_per_combat_tick" fullname="MageFactory.Tests.Unit.Battle.BattleSessionSettingsTest.should_calculate_real_seconds_per_combat_tick" methodname="should_calculate_real_seconds_per_combat_tick" classname="MageFactory.Tests.Unit.Battle.BattleSessionSettingsTest" runstate="Runnable" seed="1128241224" result="Passed" start-time="2026-05-28 20:02:01Z" end-time="2026-05-28 20:02:01Z" duration="0.005513" asserts="0">
                  <properties>
                    <property name="retryIteration" value="0" />
                    <property name="repeatIteration" value="0" />
                  </properties>
                </test-case>
                <test-case id="1015" name="should_reject_non_positive_combat_ticks_per_real_second" fullname="MageFactory.Tests.Unit.Battle.BattleSessionSettingsTest.should_reject_non_positive_combat_ticks_per_real_second" methodname="should_reject_non_positive_combat_ticks_per_real_second" classname="MageFactory.Tests.Unit.Battle.BattleSessionSettingsTest" runstate="Runnable" seed="1559927432" result="Passed" start-time="2026-05-28 20:02:01Z" end-time="2026-05-28 20:02:01Z" duration="0.001726" asserts="0">
                  <properties>
                    <property name="retryIteration" value="0" />
                    <property name="repeatIteration" value="0" />
                  </properties>
                </test-case>
                <test-case id="1013" name="should_use_10_combat_ticks_per_real_second_by_default" fullname="MageFactory.Tests.Unit.Battle.BattleSessionSettingsTest.should_use_10_combat_ticks_per_real_second_by_default" methodname="should_use_10_combat_ticks_per_real_second_by_default" classname="MageFactory.Tests.Unit.Battle.BattleSessionSettingsTest" runstate="Runnable" seed="242470522" result="Passed" start-time="2026-05-28 20:02:01Z" end-time="2026-05-28 20:02:01Z" duration="0.000569" asserts="0">
                  <properties>
                    <property name="retryIteration" value="0" />
                    <property name="repeatIteration" value="0" />
                  </properties>
                </test-case>
              </test-suite>
              <test-suite type="TestFixture" id="1016" name="CombatTickPerformanceSmokeTest" fullname="MageFactory.Tests.Unit.Battle.CombatTickPerformanceSmokeTest" classname="MageFactory.Tests.Unit.Battle.CombatTickPerformanceSmokeTest" runstate="Runnable" testcasecount="1" result="Passed" start-time="2026-05-28 20:02:01Z" end-time="2026-05-28 20:02:12Z" duration="10.842080" total="1" passed="1" failed="0" inconclusive="0" skipped="0" asserts="0">
                <properties />
                <test-case id="1017" name="should_tick_5000_items_and_5000_active_flows_for_10_real_seconds_at_10x_speed_within_smoke_budget" fullname="MageFactory.Tests.Unit.Battle.CombatTickPerformanceSmokeTest.should_tick_5000_items_and_5000_active_flows_for_10_real_seconds_at_10x_speed_within_smoke_budget" methodname="should_tick_5000_items_and_5000_active_flows_for_10_real_seconds_at_10x_speed_within_smoke_budget" classname="MageFactory.Tests.Unit.Battle.CombatTickPerformanceSmokeTest" runstate="Runnable" seed="1515501790" result="Passed" start-time="2026-05-28 20:02:01Z" end-time="2026-05-28 20:02:12Z" duration="10.838463" asserts="0">
                  <properties>
                    <property name="Category" value="PerformanceSmoke" />
                    <property name="retryIteration" value="0" />
                    <property name="repeatIteration" value="0" />
                  </properties>
                  <output><![CDATA[Combat tick performance smoke: 12 characters, 5000 entry point items, 5000 initial active flows, 55000 created flows after measurement, 10.217 ms/tick average over 1000 measured ticks, 10 real seconds under test, 100 ticks/real second target (10 default ticks/real second x10).
]]></output>
                </test-case>
              </test-suite>
              <test-suite type="TestFixture" id="1022" name="DeterministicFlowScenarioTest" fullname="MageFactory.Tests.Unit.Battle.DeterministicFlowScenarioTest" classname="MageFactory.Tests.Unit.Battle.DeterministicFlowScenarioTest" runstate="Runnable" testcasecount="9" result="Passed" start-time="2026-05-28 20:02:12Z" end-time="2026-05-28 20:02:12Z" duration="0.068011" total="9" passed="9" failed="0" inconclusive="0" skipped="0" asserts="0">
                <properties />
                <test-case id="1025" name="should_carry_unused_ticks_to_next_item_in_same_flow_tick" fullname="MageFactory.Tests.Unit.Battle.DeterministicFlowScenarioTest.should_carry_unused_ticks_to_next_item_in_same_flow_tick" methodname="should_carry_unused_ticks_to_next_item_in_same_flow_tick" classname="MageFactory.Tests.Unit.Battle.DeterministicFlowScenarioTest" runstate="Runnable" seed="1799726180" result="Passed" start-time="2026-05-28 20:02:12Z" end-time="2026-05-28 20:02:12Z" duration="0.012325" asserts="0">
                  <properties>
                    <property name="retryIteration" value="0" />
                    <property name="repeatIteration" value="0" />
                  </properties>
                  <output><![CDATA[[InventoryEvent] PUBLISH event=NewItemPlacedDtoEvent, listeners=0, payload=MageFactory.Inventory.Api.Event.Dto.NewItemPlacedDtoEvent
[InventoryEvent] PUBLISH event=NewItemPlacedDtoEvent, listeners=0, payload=MageFactory.Inventory.Api.Event.Dto.NewItemPlacedDtoEvent
[InventoryEvent] PUBLISH event=CombatCharacterCreatedDtoEvent, listeners=0, payload=MageFactory.CombatContext.Api.Event.CombatCharacterCreatedDtoEvent
[InventoryEvent] PUBLISH event=CombatCharacterCreatedDtoEvent, listeners=0, payload=MageFactory.CombatContext.Api.Event.CombatCharacterCreatedDtoEvent
[InventoryEvent] PUBLISH event=CombatContextCreatedDtoEvent, listeners=0, payload=MageFactory.CombatContext.Api.Event.CombatContextCreatedDtoEvent
[CombatContext] Picked enemy: Defender(TeamB)
[InventoryEvent] PUBLISH event=CharacterHpChangedDtoEvent, listeners=0, payload=MageFactory.Character.Api.Event.Dto.CharacterHpChangedDtoEvent
[Combat] DamageIncoming processed for character=55011, rawDamage=MageFactory.Shared.Model.DamageToReceive, finalDamage=7, sourceType=ATTACK
]]></output>
                </test-case>
                <test-case id="1030" name="should_deal_damage_by_two_entry_points" fullname="MageFactory.Tests.Unit.Battle.DeterministicFlowScenarioTest.should_deal_damage_by_two_entry_points" methodname="should_deal_damage_by_two_entry_points" classname="MageFactory.Tests.Unit.Battle.DeterministicFlowScenarioTest" runstate="Runnable" seed="1631888440" result="Passed" start-time="2026-05-28 20:02:12Z" end-time="2026-05-28 20:02:12Z" duration="0.006504" asserts="0">
                  <properties>
                    <property name="retryIteration" value="0" />
                    <property name="repeatIteration" value="0" />
                  </properties>
                  <output><![CDATA[[InventoryEvent] PUBLISH event=NewItemPlacedDtoEvent, listeners=0, payload=MageFactory.Inventory.Api.Event.Dto.NewItemPlacedDtoEvent
[InventoryEvent] PUBLISH event=NewItemPlacedDtoEvent, listeners=0, payload=MageFactory.Inventory.Api.Event.Dto.NewItemPlacedDtoEvent
[InventoryEvent] PUBLISH event=CombatCharacterCreatedDtoEvent, listeners=0, payload=MageFactory.CombatContext.Api.Event.CombatCharacterCreatedDtoEvent
[InventoryEvent] PUBLISH event=CombatCharacterCreatedDtoEvent, listeners=0, payload=MageFactory.CombatContext.Api.Event.CombatCharacterCreatedDtoEvent
[InventoryEvent] PUBLISH event=CombatContextCreatedDtoEvent, listeners=0, payload=MageFactory.CombatContext.Api.Event.CombatContextCreatedDtoEvent
[CombatContext] Picked enemy: Defender(TeamB)
[InventoryEvent] PUBLISH event=CharacterHpChangedDtoEvent, listeners=0, payload=MageFactory.Character.Api.Event.Dto.CharacterHpChangedDtoEvent
[Combat] DamageIncoming processed for character=55016, rawDamage=MageFactory.Shared.Model.DamageToReceive, finalDamage=4, sourceType=ATTACK
[CombatContext] Picked enemy: Defender(TeamB)
[InventoryEvent] PUBLISH event=CharacterHpChangedDtoEvent, listeners=0, payload=MageFactory.Character.Api.Event.Dto.CharacterHpChangedDtoEvent
[Combat] DamageIncoming processed for character=55016, rawDamage=MageFactory.Shared.Model.DamageToReceive, finalDamage=4, sourceType=ATTACK
]]></output>
                </test-case>
                <test-case id="1029" name="should_deal_damage_to_defender" fullname="MageFactory.Tests.Unit.Battle.DeterministicFlowScenarioTest.should_deal_damage_to_defender" methodname="should_deal_damage_to_defender" classname="MageFactory.Tests.Unit.Battle.DeterministicFlowScenarioTest" runstate="Runnable" seed="2073372515" result="Passed" start-time="2026-05-28 20:02:12Z" end-time="2026-05-28 20:02:12Z" duration="0.008272" asserts="0">
                  <properties>
                    <property name="retryIteration" value="0" />
                    <property name="repeatIteration" value="0" />
                  </properties>
                  <output><![CDATA[[InventoryEvent] PUBLISH event=NewItemPlacedDtoEvent, listeners=0, payload=MageFactory.Inventory.Api.Event.Dto.NewItemPlacedDtoEvent
[InventoryEvent] PUBLISH event=NewItemPlacedDtoEvent, listeners=0, payload=MageFactory.Inventory.Api.Event.Dto.NewItemPlacedDtoEvent
[InventoryEvent] PUBLISH event=NewItemPlacedDtoEvent, listeners=0, payload=MageFactory.Inventory.Api.Event.Dto.NewItemPlacedDtoEvent
[InventoryEvent] PUBLISH event=NewItemPlacedDtoEvent, listeners=0, payload=MageFactory.Inventory.Api.Event.Dto.NewItemPlacedDtoEvent
[InventoryEvent] PUBLISH event=CombatCharacterCreatedDtoEvent, listeners=0, payload=MageFactory.CombatContext.Api.Event.CombatCharacterCreatedDtoEvent
[InventoryEvent] PUBLISH event=CombatCharacterCreatedDtoEvent, listeners=0, payload=MageFactory.CombatContext.Api.Event.CombatCharacterCreatedDtoEvent
[InventoryEvent] PUBLISH event=CombatContextCreatedDtoEvent, listeners=0, payload=MageFactory.CombatContext.Api.Event.CombatContextCreatedDtoEvent
[CombatContext] Picked enemy: Defender(TeamB)
[InventoryEvent] PUBLISH event=CharacterHpChangedDtoEvent, listeners=0, payload=MageFactory.Character.Api.Event.Dto.CharacterHpChangedDtoEvent
[Combat] DamageIncoming processed for character=55024, rawDamage=MageFactory.Shared.Model.DamageToReceive, finalDamage=8, sourceType=ATTACK
]]></output>
                </test-case>
                <test-case id="1031" name="should_deal_damage_when_reduce_damage_to_0_shield_flow" fullname="MageFactory.Tests.Unit.Battle.DeterministicFlowScenarioTest.should_deal_damage_when_reduce_damage_to_0_shield_flow" methodname="should_deal_damage_when_reduce_damage_to_0_shield_flow" classname="MageFactory.Tests.Unit.Battle.DeterministicFlowScenarioTest" runstate="Runnable" seed="2010906484" result="Passed" start-time="2026-05-28 20:02:12Z" end-time="2026-05-28 20:02:12Z" duration="0.005097" asserts="0">
                  <properties>
                    <property name="retryIteration" value="0" />
                    <property name="repeatIteration" value="0" />
                  </properties>
                  <output><![CDATA[[InventoryEvent] PUBLISH event=NewItemPlacedDtoEvent, listeners=0, payload=MageFactory.Inventory.Api.Event.Dto.NewItemPlacedDtoEvent
[InventoryEvent] PUBLISH event=NewItemPlacedDtoEvent, listeners=0, payload=MageFactory.Inventory.Api.Event.Dto.NewItemPlacedDtoEvent
[InventoryEvent] PUBLISH event=NewItemPlacedDtoEvent, listeners=0, payload=MageFactory.Inventory.Api.Event.Dto.NewItemPlacedDtoEvent
[InventoryEvent] PUBLISH event=CombatCharacterCreatedDtoEvent, listeners=0, payload=MageFactory.CombatContext.Api.Event.CombatCharacterCreatedDtoEvent
[InventoryEvent] PUBLISH event=CombatCharacterCreatedDtoEvent, listeners=0, payload=MageFactory.CombatContext.Api.Event.CombatCharacterCreatedDtoEvent
[InventoryEvent] PUBLISH event=CombatContextCreatedDtoEvent, listeners=0, payload=MageFactory.CombatContext.Api.Event.CombatContextCreatedDtoEvent
[CombatContext] Picked enemy: Defender(TeamB)
[InventoryEvent] PUBLISH event=CharacterHpChangedDtoEvent, listeners=0, payload=MageFactory.Character.Api.Event.Dto.CharacterHpChangedDtoEvent
[Combat] DamageIncoming processed for character=55030, rawDamage=MageFactory.Shared.Model.DamageToReceive, finalDamage=5, sourceType=ATTACK
]]></output>
                </test-case>
                <test-case id="1023" name="should_expose_active_and_created_flow_counts" fullname="MageFactory.Tests.Unit.Battle.DeterministicFlowScenarioTest.should_expose_active_and_created_flow_counts" methodname="should_expose_active_and_created_flow_counts" classname="MageFactory.Tests.Unit.Battle.DeterministicFlowScenarioTest" runstate="Runnable" seed="1273807339" result="Passed" start-time="2026-05-28 20:02:12Z" end-time="2026-05-28 20:02:12Z" duration="0.003938" asserts="0">
                  <properties>
                    <property name="retryIteration" value="0" />
                    <property name="repeatIteration" value="0" />
                  </properties>
                  <output><![CDATA[[InventoryEvent] PUBLISH event=NewItemPlacedDtoEvent, listeners=0, payload=MageFactory.Inventory.Api.Event.Dto.NewItemPlacedDtoEvent
[InventoryEvent] PUBLISH event=NewItemPlacedDtoEvent, listeners=0, payload=MageFactory.Inventory.Api.Event.Dto.NewItemPlacedDtoEvent
[InventoryEvent] PUBLISH event=NewItemPlacedDtoEvent, listeners=0, payload=MageFactory.Inventory.Api.Event.Dto.NewItemPlacedDtoEvent
[InventoryEvent] PUBLISH event=NewItemPlacedDtoEvent, listeners=0, payload=MageFactory.Inventory.Api.Event.Dto.NewItemPlacedDtoEvent
[InventoryEvent] PUBLISH event=CombatCharacterCreatedDtoEvent, listeners=0, payload=MageFactory.CombatContext.Api.Event.CombatCharacterCreatedDtoEvent
[InventoryEvent] PUBLISH event=CombatCharacterCreatedDtoEvent, listeners=0, payload=MageFactory.CombatContext.Api.Event.CombatCharacterCreatedDtoEvent
[InventoryEvent] PUBLISH event=CombatContextCreatedDtoEvent, listeners=0, payload=MageFactory.CombatContext.Api.Event.CombatContextCreatedDtoEvent
]]></output>
                </test-case>
                <test-case id="1026" name="should_keep_partial_cast_progress_between_ticks" fullname="MageFactory.Tests.Unit.Battle.DeterministicFlowScenarioTest.should_keep_partial_cast_progress_between_ticks" methodname="should_keep_partial_cast_progress_between_ticks" classname="MageFactory.Tests.Unit.Battle.DeterministicFlowScenarioTest" runstate="Runnable" seed="209293173" result="Passed" start-time="2026-05-28 20:02:12Z" end-time="2026-05-28 20:02:12Z" duration="0.005289" asserts="0">
                  <properties>
                    <property name="retryIteration" value="0" />
                    <property name="repeatIteration" value="0" />
                  </properties>
                  <output><![CDATA[[InventoryEvent] PUBLISH event=NewItemPlacedDtoEvent, listeners=0, payload=MageFactory.Inventory.Api.Event.Dto.NewItemPlacedDtoEvent
[InventoryEvent] PUBLISH event=NewItemPlacedDtoEvent, listeners=0, payload=MageFactory.Inventory.Api.Event.Dto.NewItemPlacedDtoEvent
[InventoryEvent] PUBLISH event=CombatCharacterCreatedDtoEvent, listeners=0, payload=MageFactory.CombatContext.Api.Event.CombatCharacterCreatedDtoEvent
[InventoryEvent] PUBLISH event=CombatCharacterCreatedDtoEvent, listeners=0, payload=MageFactory.CombatContext.Api.Event.CombatCharacterCreatedDtoEvent
[InventoryEvent] PUBLISH event=CombatContextCreatedDtoEvent, listeners=0, payload=MageFactory.CombatContext.Api.Event.CombatContextCreatedDtoEvent
[CombatContext] Picked enemy: Defender(TeamB)
[InventoryEvent] PUBLISH event=CharacterHpChangedDtoEvent, listeners=0, payload=MageFactory.Character.Api.Event.Dto.CharacterHpChangedDtoEvent
[Combat] DamageIncoming processed for character=55041, rawDamage=MageFactory.Shared.Model.DamageToReceive, finalDamage=7, sourceType=ATTACK
]]></output>
                </test-case>
                <test-case id="1028" name="should_move_item_by_hammer_and_not_deal_damage_by_shield" fullname="MageFactory.Tests.Unit.Battle.DeterministicFlowScenarioTest.should_move_item_by_hammer_and_not_deal_damage_by_shield" methodname="should_move_item_by_hammer_and_not_deal_damage_by_shield" classname="MageFactory.Tests.Unit.Battle.DeterministicFlowScenarioTest" runstate="Runnable" seed="2088385876" result="Passed" start-time="2026-05-28 20:02:12Z" end-time="2026-05-28 20:02:12Z" duration="0.008377" asserts="0">
                  <properties>
                    <property name="retryIteration" value="0" />
                    <property name="repeatIteration" value="0" />
                  </properties>
                  <output><![CDATA[[InventoryEvent] PUBLISH event=NewItemPlacedDtoEvent, listeners=0, payload=MageFactory.Inventory.Api.Event.Dto.NewItemPlacedDtoEvent
[InventoryEvent] PUBLISH event=NewItemPlacedDtoEvent, listeners=0, payload=MageFactory.Inventory.Api.Event.Dto.NewItemPlacedDtoEvent
[InventoryEvent] PUBLISH event=NewItemPlacedDtoEvent, listeners=0, payload=MageFactory.Inventory.Api.Event.Dto.NewItemPlacedDtoEvent
[InventoryEvent] PUBLISH event=NewItemPlacedDtoEvent, listeners=0, payload=MageFactory.Inventory.Api.Event.Dto.NewItemPlacedDtoEvent
[InventoryEvent] PUBLISH event=CombatCharacterCreatedDtoEvent, listeners=0, payload=MageFactory.CombatContext.Api.Event.CombatCharacterCreatedDtoEvent
[InventoryEvent] PUBLISH event=CombatCharacterCreatedDtoEvent, listeners=0, payload=MageFactory.CombatContext.Api.Event.CombatCharacterCreatedDtoEvent
[InventoryEvent] PUBLISH event=CombatContextCreatedDtoEvent, listeners=0, payload=MageFactory.CombatContext.Api.Event.CombatContextCreatedDtoEvent
[InventoryEvent] PUBLISH event=ItemPositionChangedDtoEvent, listeners=0, payload=MageFactory.Inventory.Api.Event.Dto.ItemPositionChangedDtoEvent
[CombatContext] Picked enemy: Defender(TeamB)
[InventoryEvent] PUBLISH event=CharacterHpChangedDtoEvent, listeners=0, payload=MageFactory.Character.Api.Event.Dto.CharacterHpChangedDtoEvent
[Combat] DamageIncoming processed for character=55048, rawDamage=MageFactory.Shared.Model.DamageToReceive, finalDamage=13, sourceType=ATTACK
]]></output>
                </test-case>
                <test-case id="1027" name="should_process_same_result_for_batched_and_split_ticks" fullname="MageFactory.Tests.Unit.Battle.DeterministicFlowScenarioTest.should_process_same_result_for_batched_and_split_ticks" methodname="should_process_same_result_for_batched_and_split_ticks" classname="MageFactory.Tests.Unit.Battle.DeterministicFlowScenarioTest" runstate="Runnable" seed="1383315981" result="Passed" start-time="2026-05-28 20:02:12Z" end-time="2026-05-28 20:02:12Z" duration="0.011130" asserts="0">
                  <properties>
                    <property name="retryIteration" value="0" />
                    <property name="repeatIteration" value="0" />
                  </properties>
                  <output><![CDATA[[InventoryEvent] PUBLISH event=NewItemPlacedDtoEvent, listeners=0, payload=MageFactory.Inventory.Api.Event.Dto.NewItemPlacedDtoEvent
[InventoryEvent] PUBLISH event=NewItemPlacedDtoEvent, listeners=0, payload=MageFactory.Inventory.Api.Event.Dto.NewItemPlacedDtoEvent
[InventoryEvent] PUBLISH event=CombatCharacterCreatedDtoEvent, listeners=0, payload=MageFactory.CombatContext.Api.Event.CombatCharacterCreatedDtoEvent
[InventoryEvent] PUBLISH event=CombatCharacterCreatedDtoEvent, listeners=0, payload=MageFactory.CombatContext.Api.Event.CombatCharacterCreatedDtoEvent
[InventoryEvent] PUBLISH event=CombatContextCreatedDtoEvent, listeners=0, payload=MageFactory.CombatContext.Api.Event.CombatContextCreatedDtoEvent
[InventoryEvent] PUBLISH event=NewItemPlacedDtoEvent, listeners=0, payload=MageFactory.Inventory.Api.Event.Dto.NewItemPlacedDtoEvent
[InventoryEvent] PUBLISH event=NewItemPlacedDtoEvent, listeners=0, payload=MageFactory.Inventory.Api.Event.Dto.NewItemPlacedDtoEvent
[InventoryEvent] PUBLISH event=CombatCharacterCreatedDtoEvent, listeners=0, payload=MageFactory.CombatContext.Api.Event.CombatCharacterCreatedDtoEvent
[InventoryEvent] PUBLISH event=CombatCharacterCreatedDtoEvent, listeners=0, payload=MageFactory.CombatContext.Api.Event.CombatCharacterCreatedDtoEvent
[InventoryEvent] PUBLISH event=CombatContextCreatedDtoEvent, listeners=0, payload=MageFactory.CombatContext.Api.Event.CombatContextCreatedDtoEvent
[CombatContext] Picked enemy: Defender(TeamB)
[InventoryEvent] PUBLISH event=CharacterHpChangedDtoEvent, listeners=0, payload=MageFactory.Character.Api.Event.Dto.CharacterHpChangedDtoEvent
[Combat] DamageIncoming processed for character=55053, rawDamage=MageFactory.Shared.Model.DamageToReceive, finalDamage=7, sourceType=ATTACK
[CombatContext] Picked enemy: Defender(TeamB)
[InventoryEvent] PUBLISH event=CharacterHpChangedDtoEvent, listeners=0, payload=MageFactory.Character.Api.Event.Dto.CharacterHpChangedDtoEvent
[Combat] DamageIncoming processed for character=55057, rawDamage=MageFactory.Shared.Model.DamageToReceive, finalDamage=7, sourceType=ATTACK
]]></output>
                </test-case>
                <test-case id="1024" name="should_wait_for_entry_point_cast_time_before_dealing_damage" fullname="MageFactory.Tests.Unit.Battle.DeterministicFlowScenarioTest.should_wait_for_entry_point_cast_time_before_dealing_damage" methodname="should_wait_for_entry_point_cast_time_before_dealing_damage" classname="MageFactory.Tests.Unit.Battle.DeterministicFlowScenarioTest" runstate="Runnable" seed="1589782998" result="Passed" start-time="2026-05-28 20:02:12Z" end-time="2026-05-28 20:02:12Z" duration="0.004066" asserts="0">
                  <properties>
                    <property name="retryIteration" value="0" />
                    <property name="repeatIteration" value="0" />
                  </properties>
                  <output><![CDATA[[InventoryEvent] PUBLISH event=NewItemPlacedDtoEvent, listeners=0, payload=MageFactory.Inventory.Api.Event.Dto.NewItemPlacedDtoEvent
[InventoryEvent] PUBLISH event=CombatCharacterCreatedDtoEvent, listeners=0, payload=MageFactory.CombatContext.Api.Event.CombatCharacterCreatedDtoEvent
[InventoryEvent] PUBLISH event=CombatCharacterCreatedDtoEvent, listeners=0, payload=MageFactory.CombatContext.Api.Event.CombatCharacterCreatedDtoEvent
[InventoryEvent] PUBLISH event=CombatContextCreatedDtoEvent, listeners=0, payload=MageFactory.CombatContext.Api.Event.CombatContextCreatedDtoEvent
[CombatContext] Picked enemy: Defender(TeamB)
[InventoryEvent] PUBLISH event=CharacterHpChangedDtoEvent, listeners=0, payload=MageFactory.Character.Api.Event.Dto.CharacterHpChangedDtoEvent
[Combat] DamageIncoming processed for character=55062, rawDamage=MageFactory.Shared.Model.DamageToReceive, finalDamage=2, sourceType=ATTACK
]]></output>
                </test-case>
              </test-suite>
              <test-suite type="TestFixture" id="1018" name="FlowProcessorSettingsTest" fullname="MageFactory.Tests.Unit.Battle.FlowProcessorSettingsTest" classname="MageFactory.Tests.Unit.Battle.FlowProcessorSettingsTest" runstate="Runnable" testcasecount="3" result="Passed" start-time="2026-05-28 20:02:12Z" end-time="2026-05-28 20:02:12Z" duration="0.002336" total="3" passed="3" failed="0" inconclusive="0" skipped="0" asserts="0">
                <properties />
                <test-case id="1021" name="should_keep_configured_max_steps_per_slice" fullname="MageFactory.Tests.Unit.Battle.FlowProcessorSettingsTest.should_keep_configured_max_steps_per_slice" methodname="should_keep_configured_max_steps_per_slice" classname="MageFactory.Tests.Unit.Battle.FlowProcessorSettingsTest" runstate="Runnable" seed="884537716" result="Passed" start-time="2026-05-28 20:02:12Z" end-time="2026-05-28 20:02:12Z" duration="0.000714" asserts="0">
                  <properties>
                    <property name="retryIteration" value="0" />
                    <property name="repeatIteration" value="0" />
                  </properties>
                </test-case>
                <test-case id="1019" name="should_reject_non_positive_max_steps_per_slice" fullname="MageFactory.Tests.Unit.Battle.FlowProcessorSettingsTest.should_reject_non_positive_max_steps_per_slice" methodname="should_reject_non_positive_max_steps_per_slice" classname="MageFactory.Tests.Unit.Battle.FlowProcessorSettingsTest" runstate="Runnable" seed="1131608088" result="Passed" start-time="2026-05-28 20:02:12Z" end-time="2026-05-28 20:02:12Z" duration="0.000334" asserts="0">
                  <properties>
                    <property name="retryIteration" value="0" />
                    <property name="repeatIteration" value="0" />
                  </properties>
                </test-case>
                <test-case id="1020" name="should_reject_undefined_cast_time_mode" fullname="MageFactory.Tests.Unit.Battle.FlowProcessorSettingsTest.should_reject_undefined_cast_time_mode" methodname="should_reject_undefined_cast_time_mode" classname="MageFactory.Tests.Unit.Battle.FlowProcessorSettingsTest" runstate="Runnable" seed="196708018" result="Passed" start-time="2026-05-28 20:02:12Z" end-time="2026-05-28 20:02:12Z" duration="0.000204" asserts="0">
                  <properties>
                    <property name="retryIteration" value="0" />
                    <property name="repeatIteration" value="0" />
                  </properties>
                </test-case>
              </test-suite>
              <test-suite type="TestFixture" id="1032" name="InventoryGridConfigurationTest" fullname="MageFactory.Tests.Unit.Battle.InventoryGridConfigurationTest" classname="MageFactory.Tests.Unit.Battle.InventoryGridConfigurationTest" runstate="Runnable" testcasecount="2" result="Passed" start-time="2026-05-28 20:02:12Z" end-time="2026-05-28 20:02:12Z" duration="0.001340" total="2" passed="2" failed="0" inconclusive="0" skipped="0" asserts="0">
                <properties />
                <test-case id="1033" name="should_allow_grid_dimensions_within_configured_maximum" fullname="MageFactory.Tests.Unit.Battle.InventoryGridConfigurationTest.should_allow_grid_dimensions_within_configured_maximum" methodname="should_allow_grid_dimensions_within_configured_maximum" classname="MageFactory.Tests.Unit.Battle.InventoryGridConfigurationTest" runstate="Runnable" seed="1003165064" result="Passed" start-time="2026-05-28 20:02:12Z" end-time="2026-05-28 20:02:12Z" duration="0.000312" asserts="0">
                  <properties>
                    <property name="retryIteration" value="0" />
                    <property name="repeatIteration" value="0" />
                  </properties>
                </test-case>
                <test-case id="1034" name="should_reject_grid_dimensions_exceeding_configured_maximum" fullname="MageFactory.Tests.Unit.Battle.InventoryGridConfigurationTest.should_reject_grid_dimensions_exceeding_configured_maximum" methodname="should_reject_grid_dimensions_exceeding_configured_maximum" classname="MageFactory.Tests.Unit.Battle.InventoryGridConfigurationTest" runstate="Runnable" seed="1151025266" result="Passed" start-time="2026-05-28 20:02:12Z" end-time="2026-05-28 20:02:12Z" duration="0.000229" asserts="0">
                  <properties>
                    <property name="retryIteration" value="0" />
                    <property name="repeatIteration" value="0" />
                  </properties>
                </test-case>
              </test-suite>
            </test-suite>
            <test-suite type="TestSuite" id="1042" name="Shared" fullname="MageFactory.Tests.Unit.Shared" runstate="Runnable" testcasecount="8" result="Passed" start-time="2026-05-28 20:02:12Z" end-time="2026-05-28 20:02:12Z" duration="0.008614" total="8" passed="8" failed="0" inconclusive="0" skipped="0" asserts="0">
              <properties />
              <test-suite type="TestSuite" id="1043" name="ItemSearch" fullname="MageFactory.Tests.Unit.Shared.ItemSearch" runstate="Runnable" testcasecount="8" result="Passed" start-time="2026-05-28 20:02:12Z" end-time="2026-05-28 20:02:12Z" duration="0.008274" total="8" passed="8" failed="0" inconclusive="0" skipped="0" asserts="0">
                <properties />
                <test-suite type="TestFixture" id="1003" name="GridAdjacencySearchTests" fullname="MageFactory.Tests.Unit.Shared.ItemSearch.GridAdjacencySearchTests" classname="MageFactory.Tests.Unit.Shared.ItemSearch.GridAdjacencySearchTests" runstate="Runnable" testcasecount="8" result="Passed" start-time="2026-05-28 20:02:12Z" end-time="2026-05-28 20:02:12Z" duration="0.007873" total="8" passed="8" failed="0" inconclusive="0" skipped="0" asserts="0">
                  <properties />
                  <test-case id="1011" name="shouldFindAllNeighborsForLargeMultiCellItem" fullname="MageFactory.Tests.Unit.Shared.ItemSearch.GridAdjacencySearchTests.shouldFindAllNeighborsForLargeMultiCellItem" methodname="shouldFindAllNeighborsForLargeMultiCellItem" classname="MageFactory.Tests.Unit.Shared.ItemSearch.GridAdjacencySearchTests" runstate="Runnable" seed="697734868" result="Passed" start-time="2026-05-28 20:02:12Z" end-time="2026-05-28 20:02:12Z" duration="0.003938" asserts="0">
                    <properties>
                      <property name="retryIteration" value="0" />
                      <property name="repeatIteration" value="0" />
                    </properties>
                  </test-case>
                  <test-case id="1008" name="shouldNotReturnDuplicatesForMultiCellItems" fullname="MageFactory.Tests.Unit.Shared.ItemSearch.GridAdjacencySearchTests.shouldNotReturnDuplicatesForMultiCellItems" methodname="shouldNotReturnDuplicatesForMultiCellItems" classname="MageFactory.Tests.Unit.Shared.ItemSearch.GridAdjacencySearchTests" runstate="Runnable" seed="207741592" result="Passed" start-time="2026-05-28 20:02:12Z" end-time="2026-05-28 20:02:12Z" duration="0.000454" asserts="0">
                    <properties>
                      <property name="retryIteration" value="0" />
                      <property name="repeatIteration" value="0" />
                    </properties>
                  </test-case>
                  <test-case id="1009" name="shouldNotReturnSourceWhenDirectionIsNone" fullname="MageFactory.Tests.Unit.Shared.ItemSearch.GridAdjacencySearchTests.shouldNotReturnSourceWhenDirectionIsNone" methodname="shouldNotReturnSourceWhenDirectionIsNone" classname="MageFactory.Tests.Unit.Shared.ItemSearch.GridAdjacencySearchTests" runstate="Runnable" seed="710316523" result="Passed" start-time="2026-05-28 20:02:12Z" end-time="2026-05-28 20:02:12Z" duration="0.000628" asserts="0">
                    <properties>
                      <property name="retryIteration" value="0" />
                      <property name="repeatIteration" value="0" />
                    </properties>
                  </test-case>
                  <test-case id="1006" name="shouldRespectDirectionFilter" fullname="MageFactory.Tests.Unit.Shared.ItemSearch.GridAdjacencySearchTests.shouldRespectDirectionFilter" methodname="shouldRespectDirectionFilter" classname="MageFactory.Tests.Unit.Shared.ItemSearch.GridAdjacencySearchTests" runstate="Runnable" seed="580206847" result="Passed" start-time="2026-05-28 20:02:12Z" end-time="2026-05-28 20:02:12Z" duration="0.000219" asserts="0">
                    <properties>
                      <property name="retryIteration" value="0" />
                      <property name="repeatIteration" value="0" />
                    </properties>
                  </test-case>
                  <test-case id="1010" name="shouldReturnEmptyWhenNeighborIsNotDirectlyAdjacent" fullname="MageFactory.Tests.Unit.Shared.ItemSearch.GridAdjacencySearchTests.shouldReturnEmptyWhenNeighborIsNotDirectlyAdjacent" methodname="shouldReturnEmptyWhenNeighborIsNotDirectlyAdjacent" classname="MageFactory.Tests.Unit.Shared.ItemSearch.GridAdjacencySearchTests" runstate="Runnable" seed="1943939302" result="Passed" start-time="2026-05-28 20:02:12Z" end-time="2026-05-28 20:02:12Z" duration="0.000247" asserts="0">
                    <properties>
                      <property name="retryIteration" value="0" />
                      <property name="repeatIteration" value="0" />
                    </properties>
                  </test-case>
                  <test-case id="1005" name="shouldReturnEmptyWhenNoNeighborsExist" fullname="MageFactory.Tests.Unit.Shared.ItemSearch.GridAdjacencySearchTests.shouldReturnEmptyWhenNoNeighborsExist" methodname="shouldReturnEmptyWhenNoNeighborsExist" classname="MageFactory.Tests.Unit.Shared.ItemSearch.GridAdjacencySearchTests" runstate="Runnable" seed="1272075323" result="Passed" start-time="2026-05-28 20:02:12Z" end-time="2026-05-28 20:02:12Z" duration="0.000170" asserts="0">
                    <properties>
                      <property name="retryIteration" value="0" />
                      <property name="repeatIteration" value="0" />
                    </properties>
                  </test-case>
                  <test-case id="1007" name="shouldReturnMultipleNeighborsWhenPresentInDifferentDirections" fullname="MageFactory.Tests.Unit.Shared.ItemSearch.GridAdjacencySearchTests.shouldReturnMultipleNeighborsWhenPresentInDifferentDirections" methodname="shouldReturnMultipleNeighborsWhenPresentInDifferentDirections" classname="MageFactory.Tests.Unit.Shared.ItemSearch.GridAdjacencySearchTests" runstate="Runnable" seed="2035345559" result="Passed" start-time="2026-05-28 20:02:12Z" end-time="2026-05-28 20:02:12Z" duration="0.000298" asserts="0">
                    <properties>
                      <property name="retryIteration" value="0" />
                      <property name="repeatIteration" value="0" />
                    </properties>
                  </test-case>
                  <test-case id="1004" name="shouldReturnSingleNeighborOnRight" fullname="MageFactory.Tests.Unit.Shared.ItemSearch.GridAdjacencySearchTests.shouldReturnSingleNeighborOnRight" methodname="shouldReturnSingleNeighborOnRight" classname="MageFactory.Tests.Unit.Shared.ItemSearch.GridAdjacencySearchTests" runstate="Runnable" seed="1565764212" result="Passed" start-time="2026-05-28 20:02:12Z" end-time="2026-05-28 20:02:12Z" duration="0.000228" asserts="0">
                    <properties>
                      <property name="retryIteration" value="0" />
                      <property name="repeatIteration" value="0" />
                    </properties>
                  </test-case>
                </test-suite>
              </test-suite>
            </test-suite>
          </test-suite>
        </test-suite>
      </test-suite>
    </test-suite>
    <test-suite type="Assembly" id="1578" name="Zenject-UnitTests-Editor.dll" fullname="C:/Users/User/MrAngleGame/Library/ScriptAssemblies/Zenject-UnitTests-Editor.dll" runstate="Runnable" testcasecount="418" result="Passed" start-time="2026-05-28 20:02:12Z" end-time="2026-05-28 20:02:13Z" duration="1.358703" total="418" passed="418" failed="0" inconclusive="0" skipped="0" asserts="0">
      <properties>
        <property name="_PID" value="21368" />
        <property name="_APPDOMAIN" value="Unity Child Domain" />
        <property name="platform" value="EditMode" />
        <property name="EditorOnly" value="True" />
      </properties>
      <test-suite type="TestSuite" id="1579" name="Zenject" fullname="Zenject" runstate="Runnable" testcasecount="418" result="Passed" start-time="2026-05-28 20:02:12Z" end-time="2026-05-28 20:02:13Z" duration="1.358328" total="418" passed="418" failed="0" inconclusive="0" skipped="0" asserts="0">
        <properties />
        <test-suite type="TestSuite" id="1580" name="Tests" fullname="Zenject.Tests" runstate="Runnable" testcasecount="418" result="Passed" start-time="2026-05-28 20:02:12Z" end-time="2026-05-28 20:02:13Z" duration="1.357966" total="418" passed="418" failed="0" inconclusive="0" skipped="0" asserts="0">
          <properties />
          <test-suite type="TestSuite" id="1583" name="AbstractFactory" fullname="Zenject.Tests.AbstractFactory" runstate="Runnable" testcasecount="1" result="Passed" start-time="2026-05-28 20:02:12Z" end-time="2026-05-28 20:02:12Z" duration="0.005343" total="1" passed="1" failed="0" inconclusive="0" skipped="0" asserts="0">
            <properties />
            <test-suite type="TestFixture" id="1191" name="TestFactory" fullname="Zenject.Tests.AbstractFactory.TestFactory" classname="Zenject.Tests.AbstractFactory.TestFactory" runstate="Runnable" testcasecount="1" result="Passed" start-time="2026-05-28 20:02:12Z" end-time="2026-05-28 20:02:12Z" duration="0.005021" total="1" passed="1" failed="0" inconclusive="0" skipped="0" asserts="0">
              <properties />
              <test-case id="1192" name="TestToSelf" fullname="Zenject.Tests.AbstractFactory.TestFactory.TestToSelf" methodname="TestToSelf" classname="Zenject.Tests.AbstractFactory.TestFactory" runstate="Runnable" seed="743422697" result="Passed" start-time="2026-05-28 20:02:12Z" end-time="2026-05-28 20:02:12Z" duration="0.003483" asserts="0">
                <properties>
                  <property name="retryIteration" value="0" />
                  <property name="repeatIteration" value="0" />
                </properties>
              </test-case>
            </test-suite>
          </test-suite>
          <test-suite type="TestSuite" id="1590" name="BindFeatures" fullname="Zenject.Tests.BindFeatures" runstate="Runnable" testcasecount="17" result="Passed" start-time="2026-05-28 20:02:12Z" end-time="2026-05-28 20:02:12Z" duration="0.021350" total="17" passed="17" failed="0" inconclusive="0" skipped="0" asserts="0">
            <properties />
            <test-suite type="TestFixture" id="1486" name="TestConcreteIdentifier" fullname="Zenject.Tests.BindFeatures.TestConcreteIdentifier" classname="Zenject.Tests.BindFeatures.TestConcreteIdentifier" runstate="Runnable" testcasecount="1" result="Passed" start-time="2026-05-28 20:02:12Z" end-time="2026-05-28 20:02:12Z" duration="0.002140" total="1" passed="1" failed="0" inconclusive="0" skipped="0" asserts="0">
              <properties />
              <test-case id="1487" name="Test1" fullname="Zenject.Tests.BindFeatures.TestConcreteIdentifier.Test1" methodname="Test1" classname="Zenject.Tests.BindFeatures.TestConcreteIdentifier" runstate="Runnable" seed="417949736" result="Passed" start-time="2026-05-28 20:02:12Z" end-time="2026-05-28 20:02:12Z" duration="0.001460" asserts="0">
                <properties>
                  <property name="retryIteration" value="0" />
                  <property name="repeatIteration" value="0" />
                </properties>
              </test-case>
            </test-suite>
            <test-suite type="TestFixture" id="1488" name="TestIfNotBound" fullname="Zenject.Tests.BindFeatures.TestIfNotBound" classname="Zenject.Tests.BindFeatures.TestIfNotBound" runstate="Runnable" testcasecount="2" result="Passed" start-time="2026-05-28 20:02:12Z" end-time="2026-05-28 20:02:12Z" duration="0.002213" total="2" passed="2" failed="0" inconclusive="0" skipped="0" asserts="0">
              <properties />
              <test-case id="1489" name="Test1" fullname="Zenject.Tests.BindFeatures.TestIfNotBound.Test1" methodname="Test1" classname="Zenject.Tests.BindFeatures.TestIfNotBound" runstate="Runnable" seed="685010366" result="Passed" start-time="2026-05-28 20:02:12Z" end-time="2026-05-28 20:02:12Z" duration="0.000880" asserts="0">
                <properties>
                  <property name="retryIteration" value="0" />
                  <property name="repeatIteration" value="0" />
                </properties>
              </test-case>
              <test-case id="1490" name="Test2" fullname="Zenject.Tests.BindFeatures.TestIfNotBound.Test2" methodname="Test2" classname="Zenject.Tests.BindFeatures.TestIfNotBound" runstate="Runnable" seed="530150147" result="Passed" start-time="2026-05-28 20:02:12Z" end-time="2026-05-28 20:02:12Z" duration="0.000529" asserts="0">
                <properties>
                  <property name="retryIteration" value="0" />
                  <property name="repeatIteration" value="0" />
                </properties>
              </test-case>
            </test-suite>
            <test-suite type="TestFixture" id="1491" name="TestMultipleContractTypes" fullname="Zenject.Tests.BindFeatures.TestMultipleContractTypes" classname="Zenject.Tests.BindFeatures.TestMultipleContractTypes" runstate="Runnable" testcasecount="2" result="Passed" start-time="2026-05-28 20:02:12Z" end-time="2026-05-28 20:02:12Z" duration="0.004123" total="2" passed="2" failed="0" inconclusive="0" skipped="0" asserts="0">
              <properties />
              <test-case id="1492" name="TestMultiBind1" fullname="Zenject.Tests.BindFeatures.TestMultipleContractTypes.TestMultiBind1" methodname="TestMultiBind1" classname="Zenject.Tests.BindFeatures.TestMultipleContractTypes" runstate="Runnable" seed="465126381" result="Passed" start-time="2026-05-28 20:02:12Z" end-time="2026-05-28 20:02:12Z" duration="0.002557" asserts="0">
                <properties>
                  <property name="retryIteration" value="0" />
                  <property name="repeatIteration" value="0" />
                </properties>
              </test-case>
              <test-case id="1493" name="TestMultiBindListInjection" fullname="Zenject.Tests.BindFeatures.TestMultipleContractTypes.TestMultiBindListInjection" methodname="TestMultiBindListInjection" classname="Zenject.Tests.BindFeatures.TestMultipleContractTypes" runstate="Runnable" seed="1894793417" result="Passed" start-time="2026-05-28 20:02:12Z" end-time="2026-05-28 20:02:12Z" duration="0.000784" asserts="0">
                <properties>
                  <property name="retryIteration" value="0" />
                  <property name="repeatIteration" value="0" />
                </properties>
              </test-case>
            </test-suite>
            <test-suite type="TestFixture" id="1494" name="TestMultipleContractTypes2" fullname="Zenject.Tests.BindFeatures.TestMultipleContractTypes2" classname="Zenject.Tests.BindFeatures.TestMultipleContractTypes2" runstate="Runnable" testcasecount="6" result="Passed" start-time="2026-05-28 20:02:12Z" end-time="2026-05-28 20:02:12Z" duration="0.003908" total="6" passed="6" failed="0" inconclusive="0" skipped="0" asserts="0">
              <properties />
              <test-case id="1495" name="Test1" fullname="Zenject.Tests.BindFeatures.TestMultipleContractTypes2.Test1" methodname="Test1" classname="Zenject.Tests.BindFeatures.TestMultipleContractTypes2" runstate="Runnable" seed="1268272212" result="Passed" start-time="2026-05-28 20:02:12Z" end-time="2026-05-28 20:02:12Z" duration="0.000666" asserts="0">
                <properties>
                  <property name="retryIteration" value="0" />
                  <property name="repeatIteration" value="0" />
                </properties>
              </test-case>
              <test-case id="1498" name="TestAllInterfaces" fullname="Zenject.Tests.BindFeatures.TestMultipleContractTypes2.TestAllInterfaces" methodname="TestAllInterfaces" classname="Zenject.Tests.BindFeatures.TestMultipleContractTypes2" runstate="Runnable" seed="247304347" result="Passed" start-time="2026-05-28 20:02:12Z" end-time="2026-05-28 20:02:12Z" duration="0.000400" asserts="0">
                <properties>
                  <property name="retryIteration" value="0" />
                  <property name="repeatIteration" value="0" />
                </properties>
              </test-case>
              <test-case id="1499" name="TestAllInterfacesAndSelf" fullname="Zenject.Tests.BindFeatures.TestMultipleContractTypes2.TestAllInterfacesAndSelf" methodname="TestAllInterfacesAndSelf" classname="Zenject.Tests.BindFeatures.TestMultipleContractTypes2" runstate="Runnable" seed="2053154572" result="Passed" start-time="2026-05-28 20:02:12Z" end-time="2026-05-28 20:02:12Z" duration="0.000313" asserts="0">
                <properties>
                  <property name="retryIteration" value="0" />
                  <property name="repeatIteration" value="0" />
                </properties>
              </test-case>
              <test-case id="1500" name="TestAllInterfacesAndSelfMistake" fullname="Zenject.Tests.BindFeatures.TestMultipleContractTypes2.TestAllInterfacesAndSelfMistake" methodname="TestAllInterfacesAndSelfMistake" classname="Zenject.Tests.BindFeatures.TestMultipleContractTypes2" runstate="Runnable" seed="2073670488" result="Passed" start-time="2026-05-28 20:02:12Z" end-time="2026-05-28 20:02:12Z" duration="0.000501" asserts="0">
                <properties>
                  <property name="retryIteration" value="0" />
                  <property name="repeatIteration" value="0" />
                </properties>
              </test-case>
              <test-case id="1497" name="TestAllInterfacesMistake" fullname="Zenject.Tests.BindFeatures.TestMultipleContractTypes2.TestAllInterfacesMistake" methodname="TestAllInterfacesMistake" classname="Zenject.Tests.BindFeatures.TestMultipleContractTypes2" runstate="Runnable" seed="1128082692" result="Passed" start-time="2026-05-28 20:02:12Z" end-time="2026-05-28 20:02:12Z" duration="0.000292" asserts="0">
                <properties>
                  <property name="retryIteration" value="0" />
                  <property name="repeatIteration" value="0" />
                </properties>
              </test-case>
              <test-case id="1496" name="TestInterfaces" fullname="Zenject.Tests.BindFeatures.TestMultipleContractTypes2.TestInterfaces" methodname="TestInterfaces" classname="Zenject.Tests.BindFeatures.TestMultipleContractTypes2" runstate="Runnable" seed="448281794" result="Passed" start-time="2026-05-28 20:02:12Z" end-time="2026-05-28 20:02:12Z" duration="0.000327" asserts="0">
                <properties>
                  <property name="retryIteration" value="0" />
                  <property name="repeatIteration" value="0" />
                </properties>
              </test-case>
            </test-suite>
            <test-suite type="TestFixture" id="1501" name="TestMultipleContractTypes3" fullname="Zenject.Tests.BindFeatures.TestMultipleContractTypes3" classname="Zenject.Tests.BindFeatures.TestMultipleContractTypes3" runstate="Runnable" testcasecount="1" result="Passed" start-time="2026-05-28 20:02:12Z" end-time="2026-05-28 20:02:12Z" duration="0.002132" total="1" passed="1" failed="0" inconclusive="0" skipped="0" asserts="0">
              <properties />
              <test-case id="1502" name="TestMultiBind2" fullname="Zenject.Tests.BindFeatures.TestMultipleContractTypes3.TestMultiBind2" methodname="TestMultiBind2" classname="Zenject.Tests.BindFeatures.TestMultipleContractTypes3" runstate="Runnable" seed="1085529417" result="Passed" start-time="2026-05-28 20:02:12Z" end-time="2026-05-28 20:02:12Z" duration="0.001489" asserts="0">
                <properties>
                  <property name="retryIteration" value="0" />
                  <property name="repeatIteration" value="0" />
                </properties>
              </test-case>
            </test-suite>
            <test-suite type="TestFixture" id="1503" name="TestRebind" fullname="Zenject.Tests.BindFeatures.TestRebind" classname="Zenject.Tests.BindFeatures.TestRebind" runstate="Runnable" testcasecount="1" result="Passed" start-time="2026-05-28 20:02:12Z" end-time="2026-05-28 20:02:12Z" duration="0.001446" total="1" passed="1" failed="0" inconclusive="0" skipped="0" asserts="0">
              <properties />
              <test-case id="1504" name="Run" fullname="Zenject.Tests.BindFeatures.TestRebind.Run" methodname="Run" classname="Zenject.Tests.BindFeatures.TestRebind" runstate="Runnable" seed="1087498071" result="Passed" start-time="2026-05-28 20:02:12Z" end-time="2026-05-28 20:02:12Z" duration="0.000770" asserts="0">
                <properties>
                  <property name="retryIteration" value="0" />
                  <property name="repeatIteration" value="0" />
                </properties>
              </test-case>
            </test-suite>
            <test-suite type="TestFixture" id="1505" name="TestUnbind" fullname="Zenject.Tests.BindFeatures.TestUnbind" classname="Zenject.Tests.BindFeatures.TestUnbind" runstate="Runnable" testcasecount="2" result="Passed" start-time="2026-05-28 20:02:12Z" end-time="2026-05-28 20:02:12Z" duration="0.002263" total="2" passed="2" failed="0" inconclusive="0" skipped="0" asserts="0">
              <properties />
              <test-case id="1506" name="Run" fullname="Zenject.Tests.BindFeatures.TestUnbind.Run" methodname="Run" classname="Zenject.Tests.BindFeatures.TestUnbind" runstate="Runnable" seed="1105092866" result="Passed" start-time="2026-05-28 20:02:12Z" end-time="2026-05-28 20:02:12Z" duration="0.000587" asserts="0">
                <properties>
                  <property name="retryIteration" value="0" />
                  <property name="repeatIteration" value="0" />
                </properties>
              </test-case>
              <test-case id="1507" name="TestUnbindInterfaces" fullname="Zenject.Tests.BindFeatures.TestUnbind.TestUnbindInterfaces" methodname="TestUnbindInterfaces" classname="Zenject.Tests.BindFeatures.TestUnbind" runstate="Runnable" seed="1421819195" result="Passed" start-time="2026-05-28 20:02:12Z" end-time="2026-05-28 20:02:12Z" duration="0.000842" asserts="0">
                <properties>
                  <property name="retryIteration" value="0" />
                  <property name="repeatIteration" value="0" />
                </properties>
              </test-case>
            </test-suite>
            <test-suite type="TestFixture" id="1508" name="TestWithArguments" fullname="Zenject.Tests.BindFeatures.TestWithArguments" classname="Zenject.Tests.BindFeatures.TestWithArguments" runstate="Runnable" testcasecount="2" result="Passed" start-time="2026-05-28 20:02:12Z" end-time="2026-05-28 20:02:12Z" duration="0.002076" total="2" passed="2" failed="0" inconclusive="0" skipped="0" asserts="0">
              <properties />
              <test-case id="1509" name="Test1" fullname="Zenject.Tests.BindFeatures.TestWithArguments.Test1" methodname="Test1" classname="Zenject.Tests.BindFeatures.TestWithArguments" runstate="Runnable" seed="1082462182" result="Passed" start-time="2026-05-28 20:02:12Z" end-time="2026-05-28 20:02:12Z" duration="0.000880" asserts="0">
                <properties>
                  <property name="retryIteration" value="0" />
                  <property name="repeatIteration" value="0" />
                </properties>
              </test-case>
              <test-case id="1510" name="TestNullValues" fullname="Zenject.Tests.BindFeatures.TestWithArguments.TestNullValues" methodname="TestNullValues" classname="Zenject.Tests.BindFeatures.TestWithArguments" runstate="Runnable" seed="539638324" result="Passed" start-time="2026-05-28 20:02:12Z" end-time="2026-05-28 20:02:12Z" duration="0.000425" asserts="0">
                <properties>
                  <property name="retryIteration" value="0" />
                  <property name="repeatIteration" value="0" />
                </properties>
              </test-case>
            </test-suite>
          </test-suite>
          <test-suite type="TestSuite" id="1588" name="Bindings" fullname="Zenject.Tests.Bindings" runstate="Runnable" testcasecount="193" result="Passed" start-time="2026-05-28 20:02:12Z" end-time="2026-05-28 20:02:12Z" duration="0.264269" total="193" passed="193" failed="0" inconclusive="0" skipped="0" asserts="0">
            <properties />
            <test-suite type="TestSuite" id="1589" name="Singletons" fullname="Zenject.Tests.Bindings.Singletons" runstate="Runnable" testcasecount="11" result="Passed" start-time="2026-05-28 20:02:12Z" end-time="2026-05-28 20:02:12Z" duration="0.011815" total="11" passed="11" failed="0" inconclusive="0" skipped="0" asserts="0">
              <properties />
              <test-suite type="TestFixture" id="1473" name="TestAsSingle" fullname="Zenject.Tests.Bindings.Singletons.TestAsSingle" classname="Zenject.Tests.Bindings.Singletons.TestAsSingle" runstate="Runnable" testcasecount="7" result="Passed" start-time="2026-05-28 20:02:12Z" end-time="2026-05-28 20:02:12Z" duration="0.007344" total="7" passed="7" failed="0" inconclusive="0" skipped="0" asserts="0">
                <properties />
                <test-case id="1476" name="TestAsSingleAndResolveNoThrow" fullname="Zenject.Tests.Bindings.Singletons.TestAsSingle.TestAsSingleAndResolveNoThrow" methodname="TestAsSingleAndResolveNoThrow" classname="Zenject.Tests.Bindings.Singletons.TestAsSingle" runstate="Runnable" seed="265225195" result="Passed" start-time="2026-05-28 20:02:12Z" end-time="2026-05-28 20:02:12Z" duration="0.001131" asserts="0">
                  <properties>
                    <property name="retryIteration" value="0" />
                    <property name="repeatIteration" value="0" />
                  </properties>
                </test-case>
                <test-case id="1475" name="TestAsSingleAndTransientThrows" fullname="Zenject.Tests.Bindings.Singletons.TestAsSingle.TestAsSingleAndTransientThrows" methodname="TestAsSingleAndTransientThrows" classname="Zenject.Tests.Bindings.Singletons.TestAsSingle" runstate="Runnable" seed="2118967896" result="Passed" start-time="2026-05-28 20:02:12Z" end-time="2026-05-28 20:02:12Z" duration="0.000376" asserts="0">
                  <properties>
                    <property name="retryIteration" value="0" />
                    <property name="repeatIteration" value="0" />
                  </properties>
                </test-case>
                <test-case id="1474" name="TestAsSingleThrows" fullname="Zenject.Tests.Bindings.Singletons.TestAsSingle.TestAsSingleThrows" methodname="TestAsSingleThrows" classname="Zenject.Tests.Bindings.Singletons.TestAsSingle" runstate="Runnable" seed="1518959189" result="Passed" start-time="2026-05-28 20:02:12Z" end-time="2026-05-28 20:02:12Z" duration="0.000455" asserts="0">
                  <properties>
                    <property name="retryIteration" value="0" />
                    <property name="repeatIteration" value="0" />
                  </properties>
                </test-case>
                <test-case id="1480" name="TestToSingleFactory" fullname="Zenject.Tests.Bindings.Singletons.TestAsSingle.TestToSingleFactory" methodname="TestToSingleFactory" classname="Zenject.Tests.Bindings.Singletons.TestAsSingle" runstate="Runnable" seed="488004027" result="Passed" start-time="2026-05-28 20:02:12Z" end-time="2026-05-28 20:02:12Z" duration="0.001513" asserts="0">
                  <properties>
                    <property name="retryIteration" value="0" />
                    <property name="repeatIteration" value="0" />
                  </properties>
                </test-case>
                <test-case id="1479" name="TestToSingleInstance" fullname="Zenject.Tests.Bindings.Singletons.TestAsSingle.TestToSingleInstance" methodname="TestToSingleInstance" classname="Zenject.Tests.Bindings.Singletons.TestAsSingle" runstate="Runnable" seed="1013263310" result="Passed" start-time="2026-05-28 20:02:12Z" end-time="2026-05-28 20:02:12Z" duration="0.000541" asserts="0">
                  <properties>
                    <property name="retryIteration" value="0" />
                    <property name="repeatIteration" value="0" />
                  </properties>
                </test-case>
                <test-case id="1478" name="TestToSingleMethod" fullname="Zenject.Tests.Bindings.Singletons.TestAsSingle.TestToSingleMethod" methodname="TestToSingleMethod" classname="Zenject.Tests.Bindings.Singletons.TestAsSingle" runstate="Runnable" seed="2090071458" result="Passed" start-time="2026-05-28 20:02:12Z" end-time="2026-05-28 20:02:12Z" duration="0.000527" asserts="0">
                  <properties>
                    <property name="retryIteration" value="0" />
                    <property name="repeatIteration" value="0" />
                  </properties>
                </test-case>
                <test-case id="1477" name="TestToSingleMethod1" fullname="Zenject.Tests.Bindings.Singletons.TestAsSingle.TestToSingleMethod1" methodname="TestToSingleMethod1" classname="Zenject.Tests.Bindings.Singletons.TestAsSingle" runstate="Runnable" seed="646215087" result="Passed" start-time="2026-05-28 20:02:12Z" end-time="2026-05-28 20:02:12Z" duration="0.000539" asserts="0">
                  <properties>
                    <property name="retryIteration" value="0" />
                    <property name="repeatIteration" value="0" />
                  </properties>
                </test-case>
              </test-suite>
              <test-suite type="TestFixture" id="1481" name="TestLazy" fullname="Zenject.Tests.Bindings.Singletons.TestLazy" classname="Zenject.Tests.Bindings.Singletons.TestLazy" runstate="Runnable" testcasecount="4" result="Passed" start-time="2026-05-28 20:02:12Z" end-time="2026-05-28 20:02:12Z" duration="0.003990" total="4" passed="4" failed="0" inconclusive="0" skipped="0" asserts="0">
                <properties />
                <test-case id="1482" name="Test1" fullname="Zenject.Tests.Bindings.Singletons.TestLazy.Test1" methodname="Test1" classname="Zenject.Tests.Bindings.Singletons.TestLazy" runstate="Runnable" seed="151957798" result="Passed" start-time="2026-05-28 20:02:12Z" end-time="2026-05-28 20:02:12Z" duration="0.001329" asserts="0">
                  <properties>
                    <property name="retryIteration" value="0" />
                    <property name="repeatIteration" value="0" />
                  </properties>
                </test-case>
                <test-case id="1483" name="TestOptional1" fullname="Zenject.Tests.Bindings.Singletons.TestLazy.TestOptional1" methodname="TestOptional1" classname="Zenject.Tests.Bindings.Singletons.TestLazy" runstate="Runnable" seed="684111171" result="Passed" start-time="2026-05-28 20:02:12Z" end-time="2026-05-28 20:02:12Z" duration="0.000701" asserts="0">
                  <properties>
                    <property name="retryIteration" value="0" />
                    <property name="repeatIteration" value="0" />
                  </properties>
                </test-case>
                <test-case id="1484" name="TestOptional2" fullname="Zenject.Tests.Bindings.Singletons.TestLazy.TestOptional2" methodname="TestOptional2" classname="Zenject.Tests.Bindings.Singletons.TestLazy" runstate="Runnable" seed="531782382" result="Passed" start-time="2026-05-28 20:02:12Z" end-time="2026-05-28 20:02:12Z" duration="0.000296" asserts="0">
                  <properties>
                    <property name="retryIteration" value="0" />
                    <property name="repeatIteration" value="0" />
                  </properties>
                </test-case>
                <test-case id="1485" name="TestOptional3" fullname="Zenject.Tests.Bindings.Singletons.TestLazy.TestOptional3" methodname="TestOptional3" classname="Zenject.Tests.Bindings.Singletons.TestLazy" runstate="Runnable" seed="687971982" result="Passed" start-time="2026-05-28 20:02:12Z" end-time="2026-05-28 20:02:12Z" duration="0.000582" asserts="0">
                  <properties>
                    <property name="retryIteration" value="0" />
                    <property name="repeatIteration" value="0" />
                  </properties>
                </test-case>
              </test-suite>
            </test-suite>
            <test-suite type="TestFixture" id="1391" name="TestFactoryFrom0" fullname="Zenject.Tests.Bindings.TestFactoryFrom0" classname="Zenject.Tests.Bindings.TestFactoryFrom0" runstate="Runnable" testcasecount="7" result="Passed" start-time="2026-05-28 20:02:12Z" end-time="2026-05-28 20:02:12Z" duration="0.006129" total="7" passed="7" failed="0" inconclusive="0" skipped="0" asserts="0">
              <properties />
              <test-case id="1397" name="TestConcrete" fullname="Zenject.Tests.Bindings.TestFactoryFrom0.TestConcrete" methodname="TestConcrete" classname="Zenject.Tests.Bindings.TestFactoryFrom0" runstate="Runnable" seed="796068397" result="Passed" start-time="2026-05-28 20:02:12Z" end-time="2026-05-28 20:02:12Z" duration="0.001376" asserts="0">
                <properties>
                  <property name="retryIteration" value="0" />
                  <property name="repeatIteration" value="0" />
                </properties>
              </test-case>
              <test-case id="1398" name="TestConcreteUntyped" fullname="Zenject.Tests.Bindings.TestFactoryFrom0.TestConcreteUntyped" methodname="TestConcreteUntyped" classname="Zenject.Tests.Bindings.TestFactoryFrom0" runstate="Runnable" seed="1290713099" result="Passed" start-time="2026-05-28 20:02:12Z" end-time="2026-05-28 20:02:12Z" duration="0.000407" asserts="0">
                <properties>
                  <property name="retryIteration" value="0" />
                  <property name="repeatIteration" value="0" />
                </properties>
              </test-case>
              <test-case id="1395" name="TestFactoryScopeDefault" fullname="Zenject.Tests.Bindings.TestFactoryFrom0.TestFactoryScopeDefault" methodname="TestFactoryScopeDefault" classname="Zenject.Tests.Bindings.TestFactoryFrom0" runstate="Runnable" seed="1427347609" result="Passed" start-time="2026-05-28 20:02:12Z" end-time="2026-05-28 20:02:12Z" duration="0.000920" asserts="0">
                <properties>
                  <property name="retryIteration" value="0" />
                  <property name="repeatIteration" value="0" />
                </properties>
              </test-case>
              <test-case id="1396" name="TestFactoryScopeTransient" fullname="Zenject.Tests.Bindings.TestFactoryFrom0.TestFactoryScopeTransient" methodname="TestFactoryScopeTransient" classname="Zenject.Tests.Bindings.TestFactoryFrom0" runstate="Runnable" seed="493271394" result="Passed" start-time="2026-05-28 20:02:12Z" end-time="2026-05-28 20:02:12Z" duration="0.000384" asserts="0">
                <properties>
                  <property name="retryIteration" value="0" />
                  <property name="repeatIteration" value="0" />
                </properties>
              </test-case>
              <test-case id="1392" name="TestSelf1" fullname="Zenject.Tests.Bindings.TestFactoryFrom0.TestSelf1" methodname="TestSelf1" classname="Zenject.Tests.Bindings.TestFactoryFrom0" runstate="Runnable" seed="1875556797" result="Passed" start-time="2026-05-28 20:02:12Z" end-time="2026-05-28 20:02:12Z" duration="0.000280" asserts="0">
                <properties>
                  <property name="retryIteration" value="0" />
                  <property name="repeatIteration" value="0" />
                </properties>
              </test-case>
              <test-case id="1393" name="TestSelf2" fullname="Zenject.Tests.Bindings.TestFactoryFrom0.TestSelf2" methodname="TestSelf2" classname="Zenject.Tests.Bindings.TestFactoryFrom0" runstate="Runnable" seed="1505138574" result="Passed" start-time="2026-05-28 20:02:12Z" end-time="2026-05-28 20:02:12Z" duration="0.000263" asserts="0">
                <properties>
                  <property name="retryIteration" value="0" />
                  <property name="repeatIteration" value="0" />
                </properties>
              </test-case>
              <test-case id="1394" name="TestSelf3" fullname="Zenject.Tests.Bindings.TestFactoryFrom0.TestSelf3" methodname="TestSelf3" classname="Zenject.Tests.Bindings.TestFactoryFrom0" runstate="Runnable" seed="891374958" result="Passed" start-time="2026-05-28 20:02:12Z" end-time="2026-05-28 20:02:12Z" duration="0.000740" asserts="0">
                <properties>
                  <property name="retryIteration" value="0" />
                  <property name="repeatIteration" value="0" />
                </properties>
              </test-case>
            </test-suite>
            <test-suite type="TestFixture" id="1399" name="TestFactoryFrom1" fullname="Zenject.Tests.Bindings.TestFactoryFrom1" classname="Zenject.Tests.Bindings.TestFactoryFrom1" runstate="Runnable" testcasecount="2" result="Passed" start-time="2026-05-28 20:02:12Z" end-time="2026-05-28 20:02:12Z" duration="0.004291" total="2" passed="2" failed="0" inconclusive="0" skipped="0" asserts="0">
              <properties />
              <test-case id="1401" name="TestConcrete" fullname="Zenject.Tests.Bindings.TestFactoryFrom1.TestConcrete" methodname="TestConcrete" classname="Zenject.Tests.Bindings.TestFactoryFrom1" runstate="Runnable" seed="784939134" result="Passed" start-time="2026-05-28 20:02:12Z" end-time="2026-05-28 20:02:12Z" duration="0.002189" asserts="0">
                <properties>
                  <property name="retryIteration" value="0" />
                  <property name="repeatIteration" value="0" />
                </properties>
              </test-case>
              <test-case id="1400" name="TestSelf" fullname="Zenject.Tests.Bindings.TestFactoryFrom1.TestSelf" methodname="TestSelf" classname="Zenject.Tests.Bindings.TestFactoryFrom1" runstate="Runnable" seed="1369323782" result="Passed" start-time="2026-05-28 20:02:12Z" end-time="2026-05-28 20:02:12Z" duration="0.001067" asserts="0">
                <properties>
                  <property name="retryIteration" value="0" />
                  <property name="repeatIteration" value="0" />
                </properties>
              </test-case>
            </test-suite>
            <test-suite type="TestFixture" id="1402" name="TestFactoryFrom5" fullname="Zenject.Tests.Bindings.TestFactoryFrom5" classname="Zenject.Tests.Bindings.TestFactoryFrom5" runstate="Runnable" testcasecount="3" result="Passed" start-time="2026-05-28 20:02:12Z" end-time="2026-05-28 20:02:12Z" duration="0.004304" total="3" passed="3" failed="0" inconclusive="0" skipped="0" asserts="0">
              <properties />
              <test-case id="1405" name="TestConcrete" fullname="Zenject.Tests.Bindings.TestFactoryFrom5.TestConcrete" methodname="TestConcrete" classname="Zenject.Tests.Bindings.TestFactoryFrom5" runstate="Runnable" seed="1235515431" result="Passed" start-time="2026-05-28 20:02:12Z" end-time="2026-05-28 20:02:12Z" duration="0.001892" asserts="0">
                <properties>
                  <property name="retryIteration" value="0" />
                  <property name="repeatIteration" value="0" />
                </properties>
              </test-case>
              <test-case id="1403" name="TestSelf1" fullname="Zenject.Tests.Bindings.TestFactoryFrom5.TestSelf1" methodname="TestSelf1" classname="Zenject.Tests.Bindings.TestFactoryFrom5" runstate="Runnable" seed="1474117942" result="Passed" start-time="2026-05-28 20:02:12Z" end-time="2026-05-28 20:02:12Z" duration="0.001209" asserts="0">
                <properties>
                  <property name="retryIteration" value="0" />
                  <property name="repeatIteration" value="0" />
                </properties>
              </test-case>
              <test-case id="1404" name="TestSelf2" fullname="Zenject.Tests.Bindings.TestFactoryFrom5.TestSelf2" methodname="TestSelf2" classname="Zenject.Tests.Bindings.TestFactoryFrom5" runstate="Runnable" seed="1670233275" result="Passed" start-time="2026-05-28 20:02:12Z" end-time="2026-05-28 20:02:12Z" duration="0.000280" asserts="0">
                <properties>
                  <property name="retryIteration" value="0" />
                  <property name="repeatIteration" value="0" />
                </properties>
              </test-case>
            </test-suite>
            <test-suite type="TestFixture" id="1406" name="TestFactoryFromFactory0" fullname="Zenject.Tests.Bindings.TestFactoryFromFactory0" classname="Zenject.Tests.Bindings.TestFactoryFromFactory0" runstate="Runnable" testcasecount="3" result="Passed" start-time="2026-05-28 20:02:12Z" end-time="2026-05-28 20:02:12Z" duration="0.004912" total="3" passed="3" failed="0" inconclusive="0" skipped="0" asserts="0">
              <properties />
              <test-case id="1408" name="TestConcrete" fullname="Zenject.Tests.Bindings.TestFactoryFromFactory0.TestConcrete" methodname="TestConcrete" classname="Zenject.Tests.Bindings.TestFactoryFromFactory0" runstate="Runnable" seed="1940599601" result="Passed" start-time="2026-05-28 20:02:12Z" end-time="2026-05-28 20:02:12Z" duration="0.002325" asserts="0">
                <properties>
                  <property name="retryIteration" value="0" />
                  <property name="repeatIteration" value="0" />
                </properties>
              </test-case>
              <test-case id="1409" name="TestFactoryValidation" fullname="Zenject.Tests.Bindings.TestFactoryFromFactory0.TestFactoryValidation" methodname="TestFactoryValidation" classname="Zenject.Tests.Bindings.TestFactoryFromFactory0" runstate="Runnable" seed="397263495" result="Passed" start-time="2026-05-28 20:02:12Z" end-time="2026-05-28 20:02:12Z" duration="0.000635" asserts="0">
                <properties>
                  <property name="retryIteration" value="0" />
                  <property name="repeatIteration" value="0" />
                </properties>
              </test-case>
              <test-case id="1407" name="TestSelf" fullname="Zenject.Tests.Bindings.TestFactoryFromFactory0.TestSelf" methodname="TestSelf" classname="Zenject.Tests.Bindings.TestFactoryFromFactory0" runstate="Runnable" seed="1080247115" result="Passed" start-time="2026-05-28 20:02:12Z" end-time="2026-05-28 20:02:12Z" duration="0.000997" asserts="0">
                <properties>
                  <property name="retryIteration" value="0" />
                  <property name="repeatIteration" value="0" />
                </properties>
              </test-case>
            </test-suite>
            <test-suite type="TestFixture" id="1410" name="TestFactoryFromFactory1" fullname="Zenject.Tests.Bindings.TestFactoryFromFactory1" classname="Zenject.Tests.Bindings.TestFactoryFromFactory1" runstate="Runnable" testcasecount="2" result="Passed" start-time="2026-05-28 20:02:12Z" end-time="2026-05-28 20:02:12Z" duration="0.004784" total="2" passed="2" failed="0" inconclusive="0" skipped="0" asserts="0">
              <properties />
              <test-case id="1412" name="TestConcrete" fullname="Zenject.Tests.Bindings.TestFactoryFromFactory1.TestConcrete" methodname="TestConcrete" classname="Zenject.Tests.Bindings.TestFactoryFromFactory1" runstate="Runnable" seed="1676333563" result="Passed" start-time="2026-05-28 20:02:12Z" end-time="2026-05-28 20:02:12Z" duration="0.002611" asserts="0">
                <properties>
                  <property name="retryIteration" value="0" />
                  <property name="repeatIteration" value="0" />
                </properties>
              </test-case>
              <test-case id="1411" name="TestSelf" fullname="Zenject.Tests.Bindings.TestFactoryFromFactory1.TestSelf" methodname="TestSelf" classname="Zenject.Tests.Bindings.TestFactoryFromFactory1" runstate="Runnable" seed="1502450143" result="Passed" start-time="2026-05-28 20:02:12Z" end-time="2026-05-28 20:02:12Z" duration="0.001369" asserts="0">
                <properties>
                  <property name="retryIteration" value="0" />
                  <property name="repeatIteration" value="0" />
                </properties>
              </test-case>
            </test-suite>
            <test-suite type="TestFixture" id="1413" name="TestFactoryFromGetter0" fullname="Zenject.Tests.Bindings.TestFactoryFromGetter0" classname="Zenject.Tests.Bindings.TestFactoryFromGetter0" runstate="Runnable" testcasecount="1" result="Passed" start-time="2026-05-28 20:02:12Z" end-time="2026-05-28 20:02:12Z" duration="0.002704" total="1" passed="1" failed="0" inconclusive="0" skipped="0" asserts="0">
              <properties />
              <test-case id="1414" name="TestSelf" fullname="Zenject.Tests.Bindings.TestFactoryFromGetter0.TestSelf" methodname="TestSelf" classname="Zenject.Tests.Bindings.TestFactoryFromGetter0" runstate="Runnable" seed="1469417941" result="Passed" start-time="2026-05-28 20:02:12Z" end-time="2026-05-28 20:02:12Z" duration="0.001981" asserts="0">
                <properties>
                  <property name="retryIteration" value="0" />
                  <property name="repeatIteration" value="0" />
                </properties>
              </test-case>
            </test-suite>
            <test-suite type="TestFixture" id="1415" name="TestFactoryFromInstance0" fullname="Zenject.Tests.Bindings.TestFactoryFromInstance0" classname="Zenject.Tests.Bindings.TestFactoryFromInstance0" runstate="Runnable" testcasecount="2" result="Passed" start-time="2026-05-28 20:02:12Z" end-time="2026-05-28 20:02:12Z" duration="0.003103" total="2" passed="2" failed="0" inconclusive="0" skipped="0" asserts="0">
              <properties />
              <test-case id="1417" name="TestConcrete" fullname="Zenject.Tests.Bindings.TestFactoryFromInstance0.TestConcrete" methodname="TestConcrete" classname="Zenject.Tests.Bindings.TestFactoryFromInstance0" runstate="Runnable" seed="1947188151" result="Passed" start-time="2026-05-28 20:02:12Z" end-time="2026-05-28 20:02:12Z" duration="0.001354" asserts="0">
                <properties>
                  <property name="retryIteration" value="0" />
                  <property name="repeatIteration" value="0" />
                </properties>
              </test-case>
              <test-case id="1416" name="TestSelf" fullname="Zenject.Tests.Bindings.TestFactoryFromInstance0.TestSelf" methodname="TestSelf" classname="Zenject.Tests.Bindings.TestFactoryFromInstance0" runstate="Runnable" seed="1118987207" result="Passed" start-time="2026-05-28 20:02:12Z" end-time="2026-05-28 20:02:12Z" duration="0.000973" asserts="0">
                <properties>
                  <property name="retryIteration" value="0" />
                  <property name="repeatIteration" value="0" />
                </properties>
              </test-case>
            </test-suite>
[...]
]]></output>
              </test-case>
              <test-case id="1115" name="TestSubscribeDeterministicOrder" fullname="Zenject.Tests.Signals.TestSignalsAdvanced.TestSubscribeDeterministicOrder" methodname="TestSubscribeDeterministicOrder" classname="Zenject.Tests.Signals.TestSignalsAdvanced" runstate="Runnable" seed="690232670" result="Passed" start-time="2026-05-28 20:02:13Z" end-time="2026-05-28 20:02:13Z" duration="0.000655" asserts="0">
                <properties>
                  <property name="retryIteration" value="0" />
                  <property name="repeatIteration" value="0" />
                </properties>
              </test-case>
              <test-case id="1116" name="TestSubscribeUnsubscribeInsideHandler" fullname="Zenject.Tests.Signals.TestSignalsAdvanced.TestSubscribeUnsubscribeInsideHandler" methodname="TestSubscribeUnsubscribeInsideHandler" classname="Zenject.Tests.Signals.TestSignalsAdvanced" runstate="Runnable" seed="565311518" result="Passed" start-time="2026-05-28 20:02:13Z" end-time="2026-05-28 20:02:13Z" duration="0.001732" asserts="0">
                <properties>
                  <property name="retryIteration" value="0" />
                  <property name="repeatIteration" value="0" />
                </properties>
                <output><![CDATA[Fired signal 'TestSignalsAdvanced.FooSignal' but no subscriptions found!  If this is intentional then either add OptionalSubscriber() to the binding or change the default in ZenjectSettings
Fired signal 'TestSignalsAdvanced.FooSignal' but no subscriptions found!  If this is intentional then either add OptionalSubscriber() to the binding or change the default in ZenjectSettings
]]></output>
              </test-case>
            </test-suite>
          </test-suite>
          <test-suite type="TestFixture" id="1050" name="TestArrayPool" fullname="Zenject.Tests.TestArrayPool" classname="Zenject.Tests.TestArrayPool" runstate="Runnable" testcasecount="1" result="Passed" start-time="2026-05-28 20:02:13Z" end-time="2026-05-28 20:02:13Z" duration="0.002791" total="1" passed="1" failed="0" inconclusive="0" skipped="0" asserts="0">
            <properties />
            <test-case id="1051" name="RunTest" fullname="Zenject.Tests.TestArrayPool.RunTest" methodname="RunTest" classname="Zenject.Tests.TestArrayPool" runstate="Runnable" seed="2010241228" result="Passed" start-time="2026-05-28 20:02:13Z" end-time="2026-05-28 20:02:13Z" duration="0.002046" asserts="0">
              <properties>
                <property name="retryIteration" value="0" />
                <property name="repeatIteration" value="0" />
              </properties>
            </test-case>
          </test-suite>
          <test-suite type="TestFixture" id="1052" name="TestDisposeBlock" fullname="Zenject.Tests.TestDisposeBlock" classname="Zenject.Tests.TestDisposeBlock" runstate="Runnable" testcasecount="3" result="Passed" start-time="2026-05-28 20:02:13Z" end-time="2026-05-28 20:02:13Z" duration="0.004440" total="3" passed="3" failed="0" inconclusive="0" skipped="0" asserts="0">
            <properties />
            <test-case id="1053" name="TestExceptions" fullname="Zenject.Tests.TestDisposeBlock.TestExceptions" methodname="TestExceptions" classname="Zenject.Tests.TestDisposeBlock" runstate="Runnable" seed="2072211502" result="Passed" start-time="2026-05-28 20:02:13Z" end-time="2026-05-28 20:02:13Z" duration="0.000719" asserts="0">
              <properties>
                <property name="retryIteration" value="0" />
                <property name="repeatIteration" value="0" />
              </properties>
            </test-case>
            <test-case id="1055" name="TestWithNormalMemoryPool" fullname="Zenject.Tests.TestDisposeBlock.TestWithNormalMemoryPool" methodname="TestWithNormalMemoryPool" classname="Zenject.Tests.TestDisposeBlock" runstate="Runnable" seed="554101946" result="Passed" start-time="2026-05-28 20:02:13Z" end-time="2026-05-28 20:02:13Z" duration="0.001908" asserts="0">
              <properties>
                <property name="retryIteration" value="0" />
                <property name="repeatIteration" value="0" />
              </properties>
            </test-case>
            <test-case id="1054" name="TestWithStaticMemoryPool" fullname="Zenject.Tests.TestDisposeBlock.TestWithStaticMemoryPool" methodname="TestWithStaticMemoryPool" classname="Zenject.Tests.TestDisposeBlock" runstate="Runnable" seed="1443161470" result="Passed" start-time="2026-05-28 20:02:13Z" end-time="2026-05-28 20:02:13Z" duration="0.000846" asserts="0">
              <properties>
                <property name="retryIteration" value="0" />
                <property name="repeatIteration" value="0" />
              </properties>
            </test-case>
          </test-suite>
          <test-suite type="TestFixture" id="1056" name="TestPoolableStaticMemoryPool" fullname="Zenject.Tests.TestPoolableStaticMemoryPool" classname="Zenject.Tests.TestPoolableStaticMemoryPool" runstate="Runnable" testcasecount="1" result="Passed" start-time="2026-05-28 20:02:13Z" end-time="2026-05-28 20:02:13Z" duration="0.001407" total="1" passed="1" failed="0" inconclusive="0" skipped="0" asserts="0">
            <properties />
            <test-case id="1057" name="RunTest" fullname="Zenject.Tests.TestPoolableStaticMemoryPool.RunTest" methodname="RunTest" classname="Zenject.Tests.TestPoolableStaticMemoryPool" runstate="Runnable" seed="1154512187" result="Passed" start-time="2026-05-28 20:02:13Z" end-time="2026-05-28 20:02:13Z" duration="0.000748" asserts="0">
              <properties>
                <property name="retryIteration" value="0" />
                <property name="repeatIteration" value="0" />
              </properties>
            </test-case>
          </test-suite>
          <test-suite type="TestFixture" id="1058" name="TestStaticMemoryPool" fullname="Zenject.Tests.TestStaticMemoryPool" classname="Zenject.Tests.TestStaticMemoryPool" runstate="Runnable" testcasecount="4" result="Passed" start-time="2026-05-28 20:02:13Z" end-time="2026-05-28 20:02:13Z" duration="0.004214" total="4" passed="4" failed="0" inconclusive="0" skipped="0" asserts="0">
            <properties />
            <test-case id="1059" name="RunTest" fullname="Zenject.Tests.TestStaticMemoryPool.RunTest" methodname="RunTest" classname="Zenject.Tests.TestStaticMemoryPool" runstate="Runnable" seed="65301151" result="Passed" start-time="2026-05-28 20:02:13Z" end-time="2026-05-28 20:02:13Z" duration="0.001043" asserts="0">
              <properties>
                <property name="retryIteration" value="0" />
                <property name="repeatIteration" value="0" />
              </properties>
            </test-case>
            <test-case id="1060" name="TestListPool" fullname="Zenject.Tests.TestStaticMemoryPool.TestListPool" methodname="TestListPool" classname="Zenject.Tests.TestStaticMemoryPool" runstate="Runnable" seed="754310264" result="Passed" start-time="2026-05-28 20:02:13Z" end-time="2026-05-28 20:02:13Z" duration="0.000700" asserts="0">
              <properties>
                <property name="retryIteration" value="0" />
                <property name="repeatIteration" value="0" />
              </properties>
            </test-case>
            <test-case id="1061" name="TestPoolWrapper" fullname="Zenject.Tests.TestStaticMemoryPool.TestPoolWrapper" methodname="TestPoolWrapper" classname="Zenject.Tests.TestStaticMemoryPool" runstate="Runnable" seed="753788984" result="Passed" start-time="2026-05-28 20:02:13Z" end-time="2026-05-28 20:02:13Z" duration="0.000450" asserts="0">
              <properties>
                <property name="retryIteration" value="0" />
                <property name="repeatIteration" value="0" />
              </properties>
            </test-case>
            <test-case id="1062" name="TestResize" fullname="Zenject.Tests.TestStaticMemoryPool.TestResize" methodname="TestResize" classname="Zenject.Tests.TestStaticMemoryPool" runstate="Runnable" seed="1842701961" result="Passed" start-time="2026-05-28 20:02:13Z" end-time="2026-05-28 20:02:13Z" duration="0.000920" asserts="0">
              <properties>
                <property name="retryIteration" value="0" />
                <property name="repeatIteration" value="0" />
              </properties>
            </test-case>
          </test-suite>
          <test-suite type="TestFixture" id="1063" name="TestTestUtil" fullname="Zenject.Tests.TestTestUtil" classname="Zenject.Tests.TestTestUtil" runstate="Runnable" testcasecount="2" result="Passed" start-time="2026-05-28 20:02:13Z" end-time="2026-05-28 20:02:13Z" duration="0.001462" total="2" passed="2" failed="0" inconclusive="0" skipped="0" asserts="0">
            <properties />
            <test-case id="1065" name="TestFalse" fullname="Zenject.Tests.TestTestUtil.TestFalse" methodname="TestFalse" classname="Zenject.Tests.TestTestUtil" runstate="Runnable" seed="1423011396" result="Passed" start-time="2026-05-28 20:02:13Z" end-time="2026-05-28 20:02:13Z" duration="0.000560" asserts="0">
              <properties>
                <property name="retryIteration" value="0" />
                <property name="repeatIteration" value="0" />
              </properties>
            </test-case>
            <test-case id="1064" name="TestTrue" fullname="Zenject.Tests.TestTestUtil.TestTrue" methodname="TestTrue" classname="Zenject.Tests.TestTestUtil" runstate="Runnable" seed="508993100" result="Passed" start-time="2026-05-28 20:02:13Z" end-time="2026-05-28 20:02:13Z" duration="0.000194" asserts="0">
              <properties>
                <property name="retryIteration" value="0" />
                <property name="repeatIteration" value="0" />
              </properties>
            </test-case>
          </test-suite>
          <test-suite type="TestFixture" id="1066" name="TestValidation" fullname="Zenject.Tests.TestValidation" classname="Zenject.Tests.TestValidation" runstate="Runnable" testcasecount="13" result="Passed" start-time="2026-05-28 20:02:13Z" end-time="2026-05-28 20:02:13Z" duration="0.012967" total="13" passed="13" failed="0" inconclusive="0" skipped="0" asserts="0">
            <properties />
            <test-case id="1079" name="TestCustomValidatable" fullname="Zenject.Tests.TestValidation.TestCustomValidatable" methodname="TestCustomValidatable" classname="Zenject.Tests.TestValidation" runstate="Runnable" seed="940906619" result="Passed" start-time="2026-05-28 20:02:13Z" end-time="2026-05-28 20:02:13Z" duration="0.000918" asserts="0">
              <properties>
                <property name="retryIteration" value="0" />
                <property name="repeatIteration" value="0" />
              </properties>
            </test-case>
            <test-case id="1070" name="TestFactoryFail" fullname="Zenject.Tests.TestValidation.TestFactoryFail" methodname="TestFactoryFail" classname="Zenject.Tests.TestValidation" runstate="Runnable" seed="462046313" result="Passed" start-time="2026-05-28 20:02:13Z" end-time="2026-05-28 20:02:13Z" duration="0.001996" asserts="0">
              <properties>
                <property name="retryIteration" value="0" />
                <property name="repeatIteration" value="0" />
              </properties>
            </test-case>
            <test-case id="1071" name="TestFactorySuccess" fullname="Zenject.Tests.TestValidation.TestFactorySuccess" methodname="TestFactorySuccess" classname="Zenject.Tests.TestValidation" runstate="Runnable" seed="22280436" result="Passed" start-time="2026-05-28 20:02:13Z" end-time="2026-05-28 20:02:13Z" duration="0.000726" asserts="0">
              <properties>
                <property name="retryIteration" value="0" />
                <property name="repeatIteration" value="0" />
              </properties>
            </test-case>
            <test-case id="1067" name="TestFailure" fullname="Zenject.Tests.TestValidation.TestFailure" methodname="TestFailure" classname="Zenject.Tests.TestValidation" runstate="Runnable" seed="22623617" result="Passed" start-time="2026-05-28 20:02:13Z" end-time="2026-05-28 20:02:13Z" duration="0.000399" asserts="0">
              <properties>
                <property name="retryIteration" value="0" />
                <property name="repeatIteration" value="0" />
              </properties>
            </test-case>
            <test-case id="1075" name="TestLazyFail" fullname="Zenject.Tests.TestValidation.TestLazyFail" methodname="TestLazyFail" classname="Zenject.Tests.TestValidation" runstate="Runnable" seed="1849649086" result="Passed" start-time="2026-05-28 20:02:13Z" end-time="2026-05-28 20:02:13Z" duration="0.000986" asserts="0">
              <properties>
                <property name="retryIteration" value="0" />
                <property name="repeatIteration" value="0" />
              </properties>
            </test-case>
            <test-case id="1076" name="TestLazySuccess" fullname="Zenject.Tests.TestValidation.TestLazySuccess" methodname="TestLazySuccess" classname="Zenject.Tests.TestValidation" runstate="Runnable" seed="1813073747" result="Passed" start-time="2026-05-28 20:02:13Z" end-time="2026-05-28 20:02:13Z" duration="0.000724" asserts="0">
              <properties>
                <property name="retryIteration" value="0" />
                <property name="repeatIteration" value="0" />
              </properties>
            </test-case>
            <test-case id="1077" name="TestMemoryPoolFailure" fullname="Zenject.Tests.TestValidation.TestMemoryPoolFailure" methodname="TestMemoryPoolFailure" classname="Zenject.Tests.TestValidation" runstate="Runnable" seed="1416159141" result="Passed" start-time="2026-05-28 20:02:13Z" end-time="2026-05-28 20:02:13Z" duration="0.001469" asserts="0">
              <properties>
                <property name="retryIteration" value="0" />
                <property name="repeatIteration" value="0" />
              </properties>
            </test-case>
            <test-case id="1078" name="TestMemoryPoolSuccess" fullname="Zenject.Tests.TestValidation.TestMemoryPoolSuccess" methodname="TestMemoryPoolSuccess" classname="Zenject.Tests.TestValidation" runstate="Runnable" seed="1954206768" result="Passed" start-time="2026-05-28 20:02:13Z" end-time="2026-05-28 20:02:13Z" duration="0.000347" asserts="0">
              <properties>
                <property name="retryIteration" value="0" />
                <property name="repeatIteration" value="0" />
              </properties>
            </test-case>
            <test-case id="1069" name="TestNumCalls" fullname="Zenject.Tests.TestValidation.TestNumCalls" methodname="TestNumCalls" classname="Zenject.Tests.TestValidation" runstate="Runnable" seed="1370035336" result="Passed" start-time="2026-05-28 20:02:13Z" end-time="2026-05-28 20:02:13Z" duration="0.000818" asserts="0">
              <properties>
                <property name="retryIteration" value="0" />
                <property name="repeatIteration" value="0" />
              </properties>
            </test-case>
            <test-case id="1074" name="TestSubContainerInstallerFailure" fullname="Zenject.Tests.TestValidation.TestSubContainerInstallerFailure" methodname="TestSubContainerInstallerFailure" classname="Zenject.Tests.TestValidation" runstate="Runnable" seed="1502774353" result="Passed" start-time="2026-05-28 20:02:13Z" end-time="2026-05-28 20:02:13Z" duration="0.000761" asserts="0">
              <properties>
                <property name="retryIteration" value="0" />
                <property name="repeatIteration" value="0" />
              </properties>
            </test-case>
            <test-case id="1073" name="TestSubContainerMethodFailure" fullname="Zenject.Tests.TestValidation.TestSubContainerMethodFailure" methodname="TestSubContainerMethodFailure" classname="Zenject.Tests.TestValidation" runstate="Runnable" seed="1021914150" result="Passed" start-time="2026-05-28 20:02:13Z" end-time="2026-05-28 20:02:13Z" duration="0.000584" asserts="0">
              <properties>
                <property name="retryIteration" value="0" />
                <property name="repeatIteration" value="0" />
              </properties>
            </test-case>
            <test-case id="1072" name="TestSubContainerMethodSuccess" fullname="Zenject.Tests.TestValidation.TestSubContainerMethodSuccess" methodname="TestSubContainerMethodSuccess" classname="Zenject.Tests.TestValidation" runstate="Runnable" seed="406038393" result="Passed" start-time="2026-05-28 20:02:13Z" end-time="2026-05-28 20:02:13Z" duration="0.000600" asserts="0">
              <properties>
                <property name="retryIteration" value="0" />
                <property name="repeatIteration" value="0" />
              </properties>
            </test-case>
            <test-case id="1068" name="TestSuccess" fullname="Zenject.Tests.TestValidation.TestSuccess" methodname="TestSuccess" classname="Zenject.Tests.TestValidation" runstate="Runnable" seed="1319912693" result="Passed" start-time="2026-05-28 20:02:13Z" end-time="2026-05-28 20:02:13Z" duration="0.000300" asserts="0">
              <properties>
                <property name="retryIteration" value="0" />
                <property name="repeatIteration" value="0" />
              </properties>
            </test-case>
          </test-suite>
          <test-suite type="TestFixture" id="1080" name="TestValidationSettings" fullname="Zenject.Tests.TestValidationSettings" classname="Zenject.Tests.TestValidationSettings" runstate="Runnable" testcasecount="3" result="Passed" start-time="2026-05-28 20:02:13Z" end-time="2026-05-28 20:02:13Z" duration="0.002295" total="3" passed="3" failed="0" inconclusive="0" skipped="0" asserts="0">
            <properties />
            <test-case id="1082" name="TestOutsideObjectGraph1" fullname="Zenject.Tests.TestValidationSettings.TestOutsideObjectGraph1" methodname="TestOutsideObjectGraph1" classname="Zenject.Tests.TestValidationSettings" runstate="Runnable" seed="552558771" result="Passed" start-time="2026-05-28 20:02:13Z" end-time="2026-05-28 20:02:13Z" duration="0.000353" asserts="0">
              <properties>
                <property name="retryIteration" value="0" />
                <property name="repeatIteration" value="0" />
              </properties>
            </test-case>
            <test-case id="1083" name="TestOutsideObjectGraph2" fullname="Zenject.Tests.TestValidationSettings.TestOutsideObjectGraph2" methodname="TestOutsideObjectGraph2" classname="Zenject.Tests.TestValidationSettings" runstate="Runnable" seed="1597562862" result="Passed" start-time="2026-05-28 20:02:13Z" end-time="2026-05-28 20:02:13Z" duration="0.000608" asserts="0">
              <properties>
                <property name="retryIteration" value="0" />
                <property name="repeatIteration" value="0" />
              </properties>
            </test-case>
            <test-case id="1081" name="TestValidationErrorThrows" fullname="Zenject.Tests.TestValidationSettings.TestValidationErrorThrows" methodname="TestValidationErrorThrows" classname="Zenject.Tests.TestValidationSettings" runstate="Runnable" seed="1824058857" result="Passed" start-time="2026-05-28 20:02:13Z" end-time="2026-05-28 20:02:13Z" duration="0.000312" asserts="0">
              <properties>
                <property name="retryIteration" value="0" />
                <property name="repeatIteration" value="0" />
              </properties>
              <output><![CDATA[Saving results to: C:/Users/User/AppData/LocalLow/DefaultCompany/MrAngleGame\TestResults.xml
]]></output>
            </test-case>
          </test-suite>
        </test-suite>
      </test-suite>
    </test-suite>
  </test-suite>
</test-run>