<?xml version="1.0" encoding="utf-8"?>
<test-run id="2" testcasecount="491" result="Passed" total="491" passed="491" failed="0" inconclusive="0" skipped="0" asserts="0" engine-version="3.5.0.0" clr-version="4.0.30319.42000" start-time="2026-06-22 19:07:24Z" end-time="2026-06-22 19:07:34Z" duration="10.1017633">
  <test-suite type="TestSuite" id="1000" name="MrAngleGame" fullname="MrAngleGame" runstate="Runnable" testcasecount="491" result="Passed" start-time="2026-06-22 19:07:24Z" end-time="2026-06-22 19:07:34Z" duration="10.101763" total="491" passed="491" failed="0" inconclusive="0" skipped="0" asserts="0">
    <properties>
      <property name="platform" value="EditMode" />
    </properties>
    <test-suite type="Assembly" id="1091" name="MageFactory.Tests.dll" fullname="C:/Users/User/MrAngleGame/Library/ScriptAssemblies/MageFactory.Tests.dll" runstate="Runnable" testcasecount="73" result="Passed" start-time="2026-06-22 19:07:24Z" end-time="2026-06-22 19:07:33Z" duration="8.913204" total="73" passed="73" failed="0" inconclusive="0" skipped="0" asserts="0">
      <properties>
        <property name="_PID" value="8860" />
        <property name="_APPDOMAIN" value="Unity Child Domain" />
        <property name="platform" value="EditMode" />
        <property name="EditorOnly" value="True" />
      </properties>
      <test-suite type="TestSuite" id="1092" name="MageFactory" fullname="MageFactory" runstate="Runnable" testcasecount="73" result="Passed" start-time="2026-06-22 19:07:24Z" end-time="2026-06-22 19:07:33Z" duration="8.912755" total="73" passed="73" failed="0" inconclusive="0" skipped="0" asserts="0">
        <properties />
        <test-suite type="TestSuite" id="1093" name="Tests" fullname="MageFactory.Tests" runstate="Runnable" testcasecount="73" result="Passed" start-time="2026-06-22 19:07:24Z" end-time="2026-06-22 19:07:33Z" duration="8.912486" total="73" passed="73" failed="0" inconclusive="0" skipped="0" asserts="0">
          <properties />
          <test-suite type="TestSuite" id="1094" name="EditMode" fullname="MageFactory.Tests.EditMode" runstate="Runnable" testcasecount="1" result="Passed" start-time="2026-06-22 19:07:24Z" end-time="2026-06-22 19:07:24Z" duration="0.014542" total="1" passed="1" failed="0" inconclusive="0" skipped="0" asserts="0">
            <properties />
            <test-suite type="TestSuite" id="1095" name="MageFactory" fullname="MageFactory.Tests.EditMode.MageFactory" runstate="Runnable" testcasecount="1" result="Passed" start-time="2026-06-22 19:07:24Z" end-time="2026-06-22 19:07:24Z" duration="0.014280" total="1" passed="1" failed="0" inconclusive="0" skipped="0" asserts="0">
              <properties />
              <test-suite type="TestSuite" id="1096" name="Tests" fullname="MageFactory.Tests.EditMode.MageFactory.Tests" runstate="Runnable" testcasecount="1" result="Passed" start-time="2026-06-22 19:07:24Z" end-time="2026-06-22 19:07:24Z" duration="0.013956" total="1" passed="1" failed="0" inconclusive="0" skipped="0" asserts="0">
                <properties />
                <test-suite type="TestFixture" id="1001" name="DummySmokeTest" fullname="MageFactory.Tests.EditMode.MageFactory.Tests.DummySmokeTest" classname="MageFactory.Tests.EditMode.MageFactory.Tests.DummySmokeTest" runstate="Runnable" testcasecount="1" result="Passed" start-time="2026-06-22 19:07:24Z" end-time="2026-06-22 19:07:24Z" duration="0.013146" total="1" passed="1" failed="0" inconclusive="0" skipped="0" asserts="0">
                  <properties />
                  <test-case id="1002" name="smoke" fullname="MageFactory.Tests.EditMode.MageFactory.Tests.DummySmokeTest.smoke" methodname="smoke" classname="MageFactory.Tests.EditMode.MageFactory.Tests.DummySmokeTest" runstate="Runnable" seed="14048703" result="Passed" start-time="2026-06-22 19:07:24Z" end-time="2026-06-22 19:07:24Z" duration="0.004935" asserts="0">
                    <properties>
                      <property name="retryIteration" value="0" />
                      <property name="repeatIteration" value="0" />
                    </properties>
                    <reason>
                      <message><![CDATA[If you see this, UTF działa.]]></message>
                    </reason>
                  </test-case>
                </test-suite>
              </test-suite>
            </test-suite>
          </test-suite>
          <test-suite type="TestSuite" id="1097" name="Unit" fullname="MageFactory.Tests.Unit" runstate="Runnable" testcasecount="72" result="Passed" start-time="2026-06-22 19:07:24Z" end-time="2026-06-22 19:07:33Z" duration="8.897609" total="72" passed="72" failed="0" inconclusive="0" skipped="0" asserts="0">
            <properties />
            <test-suite type="TestSuite" id="1100" name="Battle" fullname="MageFactory.Tests.Unit.Battle" runstate="Runnable" testcasecount="54" result="Passed" start-time="2026-06-22 19:07:24Z" end-time="2026-06-22 19:07:33Z" duration="8.817373" total="54" passed="54" failed="0" inconclusive="0" skipped="0" asserts="0">
              <properties />
              <test-suite type="TestFixture" id="1026" name="BattleSessionSettingsTest" fullname="MageFactory.Tests.Unit.Battle.BattleSessionSettingsTest" classname="MageFactory.Tests.Unit.Battle.BattleSessionSettingsTest" runstate="Runnable" testcasecount="3" result="Passed" start-time="2026-06-22 19:07:24Z" end-time="2026-06-22 19:07:24Z" duration="0.011950" total="3" passed="3" failed="0" inconclusive="0" skipped="0" asserts="0">
                <properties />
                <test-case id="1028" name="should_calculate_real_seconds_per_combat_tick" fullname="MageFactory.Tests.Unit.Battle.BattleSessionSettingsTest.should_calculate_real_seconds_per_combat_tick" methodname="should_calculate_real_seconds_per_combat_tick" classname="MageFactory.Tests.Unit.Battle.BattleSessionSettingsTest" runstate="Runnable" seed="1614414928" result="Passed" start-time="2026-06-22 19:07:24Z" end-time="2026-06-22 19:07:24Z" duration="0.005350" asserts="0">
                  <properties>
                    <property name="retryIteration" value="0" />
                    <property name="repeatIteration" value="0" />
                  </properties>
                </test-case>
                <test-case id="1029" name="should_reject_non_positive_combat_ticks_per_real_second" fullname="MageFactory.Tests.Unit.Battle.BattleSessionSettingsTest.should_reject_non_positive_combat_ticks_per_real_second" methodname="should_reject_non_positive_combat_ticks_per_real_second" classname="MageFactory.Tests.Unit.Battle.BattleSessionSettingsTest" runstate="Runnable" seed="1284981151" result="Passed" start-time="2026-06-22 19:07:24Z" end-time="2026-06-22 19:07:24Z" duration="0.004971" asserts="0">
                  <properties>
                    <property name="retryIteration" value="0" />
                    <property name="repeatIteration" value="0" />
                  </properties>
                </test-case>
                <test-case id="1027" name="should_use_10_combat_ticks_per_real_second_by_default" fullname="MageFactory.Tests.Unit.Battle.BattleSessionSettingsTest.should_use_10_combat_ticks_per_real_second_by_default" methodname="should_use_10_combat_ticks_per_real_second_by_default" classname="MageFactory.Tests.Unit.Battle.BattleSessionSettingsTest" runstate="Runnable" seed="1488140157" result="Passed" start-time="2026-06-22 19:07:24Z" end-time="2026-06-22 19:07:24Z" duration="0.000594" asserts="0">
                  <properties>
                    <property name="retryIteration" value="0" />
                    <property name="repeatIteration" value="0" />
                  </properties>
                </test-case>
              </test-suite>
              <test-suite type="TestFixture" id="1030" name="CombatHookTerminologyTest" fullname="MageFactory.Tests.Unit.Battle.CombatHookTerminologyTest" classname="MageFactory.Tests.Unit.Battle.CombatHookTerminologyTest" runstate="Runnable" testcasecount="2" result="Passed" start-time="2026-06-22 19:07:24Z" end-time="2026-06-22 19:07:24Z" duration="0.003219" total="2" passed="2" failed="0" inconclusive="0" skipped="0" asserts="0">
                <properties />
                <test-case id="1032" name="should_keep_none_hook_detached_from_combat_facts" fullname="MageFactory.Tests.Unit.Battle.CombatHookTerminologyTest.should_keep_none_hook_detached_from_combat_facts" methodname="should_keep_none_hook_detached_from_combat_facts" classname="MageFactory.Tests.Unit.Battle.CombatHookTerminologyTest" runstate="Runnable" seed="980559687" result="Passed" start-time="2026-06-22 19:07:24Z" end-time="2026-06-22 19:07:24Z" duration="0.001822" asserts="0">
                  <properties>
                    <property name="retryIteration" value="0" />
                    <property name="repeatIteration" value="0" />
                  </properties>
                </test-case>
                <test-case id="1031" name="should_match_on_incoming_attack_damage_hook_to_incoming_attack_damage_fact" fullname="MageFactory.Tests.Unit.Battle.CombatHookTerminologyTest.should_match_on_incoming_attack_damage_hook_to_incoming_attack_damage_fact" methodname="should_match_on_incoming_attack_damage_hook_to_incoming_attack_damage_fact" classname="MageFactory.Tests.Unit.Battle.CombatHookTerminologyTest" runstate="Runnable" seed="928610490" result="Passed" start-time="2026-06-22 19:07:24Z" end-time="2026-06-22 19:07:24Z" duration="0.000358" asserts="0">
                  <properties>
                    <property name="retryIteration" value="0" />
                    <property name="repeatIteration" value="0" />
                  </properties>
                </test-case>
              </test-suite>
              <test-suite type="TestFixture" id="1033" name="CombatRuntimeSettingsTest" fullname="MageFactory.Tests.Unit.Battle.CombatRuntimeSettingsTest" classname="MageFactory.Tests.Unit.Battle.CombatRuntimeSettingsTest" runstate="Runnable" testcasecount="3" result="Passed" start-time="2026-06-22 19:07:24Z" end-time="2026-06-22 19:07:24Z" duration="0.002063" total="3" passed="3" failed="0" inconclusive="0" skipped="0" asserts="0">
                <properties />
                <test-case id="1035" name="should_disable_hot_path_logs_for_production_profile" fullname="MageFactory.Tests.Unit.Battle.CombatRuntimeSettingsTest.should_disable_hot_path_logs_for_production_profile" methodname="should_disable_hot_path_logs_for_production_profile" classname="MageFactory.Tests.Unit.Battle.CombatRuntimeSettingsTest" runstate="Runnable" seed="1032733022" result="Passed" start-time="2026-06-22 19:07:24Z" end-time="2026-06-22 19:07:24Z" duration="0.000469" asserts="0">
                  <properties>
                    <property name="retryIteration" value="0" />
                    <property name="repeatIteration" value="0" />
                  </properties>
                </test-case>
                <test-case id="1034" name="should_enable_hot_path_logs_for_developer_profile" fullname="MageFactory.Tests.Unit.Battle.CombatRuntimeSettingsTest.should_enable_hot_path_logs_for_developer_profile" methodname="should_enable_hot_path_logs_for_developer_profile" classname="MageFactory.Tests.Unit.Battle.CombatRuntimeSettingsTest" runstate="Runnable" seed="1547171205" result="Passed" start-time="2026-06-22 19:07:24Z" end-time="2026-06-22 19:07:24Z" duration="0.000162" asserts="0">
                  <properties>
                    <property name="retryIteration" value="0" />
                    <property name="repeatIteration" value="0" />
                  </properties>
                </test-case>
                <test-case id="1036" name="should_reject_unsupported_combat_runtime_profile" fullname="MageFactory.Tests.Unit.Battle.CombatRuntimeSettingsTest.should_reject_unsupported_combat_runtime_profile" methodname="should_reject_unsupported_combat_runtime_profile" classname="MageFactory.Tests.Unit.Battle.CombatRuntimeSettingsTest" runstate="Runnable" seed="1381021310" result="Passed" start-time="2026-06-22 19:07:24Z" end-time="2026-06-22 19:07:24Z" duration="0.000327" asserts="0">
                  <properties>
                    <property name="retryIteration" value="0" />
                    <property name="repeatIteration" value="0" />
                  </properties>
                </test-case>
              </test-suite>
              <test-suite type="TestFixture" id="1037" name="CombatTickPerformanceSmokeTest" fullname="MageFactory.Tests.Unit.Battle.CombatTickPerformanceSmokeTest" classname="MageFactory.Tests.Unit.Battle.CombatTickPerformanceSmokeTest" runstate="Runnable" testcasecount="2" result="Passed" start-time="2026-06-22 19:07:24Z" end-time="2026-06-22 19:07:29Z" duration="5.492460" total="2" passed="2" failed="0" inconclusive="0" skipped="0" asserts="0">
                <properties />
                <test-case id="1039" name="should_create_route_resolve_and_recreate_flows_within_smoke_budget" fullname="MageFactory.Tests.Unit.Battle.CombatTickPerformanceSmokeTest.should_create_route_resolve_and_recreate_flows_within_smoke_budget" methodname="should_create_route_resolve_and_recreate_flows_within_smoke_budget" classname="MageFactory.Tests.Unit.Battle.CombatTickPerformanceSmokeTest" runstate="Runnable" seed="1091286615" result="Passed" start-time="2026-06-22 19:07:24Z" end-time="2026-06-22 19:07:26Z" duration="2.356532" asserts="0">
                  <properties>
                    <property name="Category" value="PerformanceSmoke" />
                    <property name="retryIteration" value="0" />
                    <property name="repeatIteration" value="0" />
                  </properties>
                  <output><![CDATA[Combat routing/resolution performance smoke: 12 characters, 800 entry->processor pairs, 80000 created flows after measurement, 800 active flows after measurement, 11.096 ms/tick average over 200 measured ticks.
]]></output>
                </test-case>
                <test-case id="1038" name="should_tick_5000_long_casting_flows_without_resolution_within_smoke_budget" fullname="MageFactory.Tests.Unit.Battle.CombatTickPerformanceSmokeTest.should_tick_5000_long_casting_flows_without_resolution_within_smoke_budget" methodname="should_tick_5000_long_casting_flows_without_resolution_within_smoke_budget" classname="MageFactory.Tests.Unit.Battle.CombatTickPerformanceSmokeTest" runstate="Runnable" seed="582423801" result="Passed" start-time="2026-06-22 19:07:26Z" end-time="2026-06-22 19:07:29Z" duration="3.132718" asserts="0">
                  <properties>
                    <property name="Category" value="PerformanceSmoke" />
                    <property name="retryIteration" value="0" />
                    <property name="repeatIteration" value="0" />
                  </properties>
                  <output><![CDATA[Combat steady-casting performance smoke: 12 characters, 5000 entry point items, 5000 initial active flows, 5000 created flows after measurement, 2.933 ms/tick average over 1000 measured ticks, 10 real seconds under test, 100 ticks/real second target (10 default ticks/real second x10).
]]></output>
                </test-case>
              </test-suite>
              <test-suite type="TestFixture" id="1040" name="DefensiveIncomingDamageFlowTest" fullname="MageFactory.Tests.Unit.Battle.DefensiveIncomingDamageFlowTest" classname="MageFactory.Tests.Unit.Battle.DefensiveIncomingDamageFlowTest" runstate="Runnable" testcasecount="8" result="Passed" start-time="2026-06-22 19:07:29Z" end-time="2026-06-22 19:07:29Z" duration="0.068950" total="8" passed="8" failed="0" inconclusive="0" skipped="0" asserts="0">
                <properties />
                <test-case id="1043" name="should_apply_defensive_flow_result_without_republishing_incoming_attack_damage_event" fullname="MageFactory.Tests.Unit.Battle.DefensiveIncomingDamageFlowTest.should_apply_defensive_flow_result_without_republishing_incoming_attack_damage_event" methodname="should_apply_defensive_flow_result_without_republishing_incoming_attack_damage_event" classname="MageFactory.Tests.Unit.Battle.DefensiveIncomingDamageFlowTest" runstate="Runnable" seed="583495581" result="Passed" start-time="2026-06-22 19:07:29Z" end-time="2026-06-22 19:07:29Z" duration="0.018627" asserts="0">
                  <properties>
                    <property name="retryIteration" value="0" />
                    <property name="repeatIteration" value="0" />
                  </properties>
                  <output><![CDATA[[InventoryEvent] PUBLISH event=NewItemPlacedDtoEvent, listeners=0, payload=MageFactory.Inventory.Api.Event.Dto.NewItemPlacedDtoEvent
[InventoryEvent] PUBLISH event=CombatCharacterCreatedDtoEvent, listeners=0, payload=MageFactory.CombatContext.Api.Event.CombatCharacterCreatedDtoEvent
[InventoryEvent] PUBLISH event=NewItemPlacedDtoEvent, listeners=0, payload=MageFactory.Inventory.Api.Event.Dto.NewItemPlacedDtoEvent
[InventoryEvent] PUBLISH event=NewItemPlacedDtoEvent, listeners=0, payload=MageFactory.Inventory.Api.Event.Dto.NewItemPlacedDtoEvent
[InventoryEvent] PUBLISH event=CombatCharacterCreatedDtoEvent, listeners=0, payload=MageFactory.CombatContext.Api.Event.CombatCharacterCreatedDtoEvent
[InventoryEvent] PUBLISH event=CombatContextCreatedDtoEvent, listeners=0, payload=MageFactory.CombatContext.Api.Event.CombatContextCreatedDtoEvent
[InventoryEvent] PUBLISH event=FlowInputStartedDtoEvent, listeners=0, payload=MageFactory.CombatContext.Api.Event.FlowInputStartedDtoEvent
[InventoryEvent] PUBLISH event=FlowNoOutputDtoEvent, listeners=0, payload=MageFactory.CombatContext.Api.Event.FlowNoOutputDtoEvent
[CombatContext] Picked enemy: Defender(TeamB)
[InventoryEvent] PUBLISH event=FlowAttackCreatedDtoEvent, listeners=0, payload=MageFactory.CombatContext.Api.Event.FlowAttackCreatedDtoEvent
[Combat] IncomingAttackDamage created defensive flow for character=91629, rawDamage=MageFactory.Shared.Model.DamageToReceive, sourceCharacter=91627
[InventoryEvent] PUBLISH event=FlowNoOutputDtoEvent, listeners=0, payload=MageFactory.CombatContext.Api.Event.FlowNoOutputDtoEvent
[InventoryEvent] PUBLISH event=CharacterHpChangedDtoEvent, listeners=0, payload=MageFactory.Character.Api.Event.Dto.CharacterHpChangedDtoEvent
[CombatContext] Defensive flow resolved for character=91629, resolvedDamage=2, damageTaken=2
]]></output>
                </test-case>
                <test-case id="1045" name="should_apply_incoming_attack_damage_directly_when_defensive_entry_point_is_busy" fullname="MageFactory.Tests.Unit.Battle.DefensiveIncomingDamageFlowTest.should_apply_incoming_attack_damage_directly_when_defensive_entry_point_is_busy" methodname="should_apply_incoming_attack_damage_directly_when_defensive_entry_point_is_busy" classname="MageFactory.Tests.Unit.Battle.DefensiveIncomingDamageFlowTest" runstate="Runnable" seed="121491995" result="Passed" start-time="2026-06-22 19:07:29Z" end-time="2026-06-22 19:07:29Z" duration="0.007030" asserts="0">
                  <properties>
                    <property name="retryIteration" value="0" />
                    <property name="repeatIteration" value="0" />
                  </properties>
                  <output><![CDATA[[InventoryEvent] PUBLISH event=NewItemPlacedDtoEvent, listeners=0, payload=MageFactory.Inventory.Api.Event.Dto.NewItemPlacedDtoEvent
[InventoryEvent] PUBLISH event=CombatCharacterCreatedDtoEvent, listeners=0, payload=MageFactory.CombatContext.Api.Event.CombatCharacterCreatedDtoEvent
[InventoryEvent] PUBLISH event=NewItemPlacedDtoEvent, listeners=0, payload=MageFactory.Inventory.Api.Event.Dto.NewItemPlacedDtoEvent
[InventoryEvent] PUBLISH event=NewItemPlacedDtoEvent, listeners=0, payload=MageFactory.Inventory.Api.Event.Dto.NewItemPlacedDtoEvent
[InventoryEvent] PUBLISH event=CombatCharacterCreatedDtoEvent, listeners=0, payload=MageFactory.CombatContext.Api.Event.CombatCharacterCreatedDtoEvent
[InventoryEvent] PUBLISH event=CombatContextCreatedDtoEvent, listeners=0, payload=MageFactory.CombatContext.Api.Event.CombatContextCreatedDtoEvent
[InventoryEvent] PUBLISH event=FlowInputStartedDtoEvent, listeners=0, payload=MageFactory.CombatContext.Api.Event.FlowInputStartedDtoEvent
[InventoryEvent] PUBLISH event=FlowInputStartedDtoEvent, listeners=0, payload=MageFactory.CombatContext.Api.Event.FlowInputStartedDtoEvent
[InventoryEvent] PUBLISH event=FlowNoOutputDtoEvent, listeners=0, payload=MageFactory.CombatContext.Api.Event.FlowNoOutputDtoEvent
[CombatContext] Picked enemy: Defender(TeamB)
[InventoryEvent] PUBLISH event=FlowAttackCreatedDtoEvent, listeners=0, payload=MageFactory.CombatContext.Api.Event.FlowAttackCreatedDtoEvent
[InventoryEvent] PUBLISH event=CharacterHpChangedDtoEvent, listeners=0, payload=MageFactory.Character.Api.Event.Dto.CharacterHpChangedDtoEvent
[Combat] IncomingAttackDamage resolved directly for character=91637, rawDamage=MageFactory.Shared.Model.DamageToReceive, finalDamage=10, damageRole=ATTACK
]]></output>
                </test-case>
                <test-case id="1044" name="should_apply_incoming_attack_damage_directly_when_no_defensive_entry_point_exists" fullname="MageFactory.Tests.Unit.Battle.DefensiveIncomingDamageFlowTest.should_apply_incoming_attack_damage_directly_when_no_defensive_entry_point_exists" methodname="should_apply_incoming_attack_damage_directly_when_no_defensive_entry_point_exists" classname="MageFactory.Tests.Unit.Battle.DefensiveIncomingDamageFlowTest" runstate="Runnable" seed="1601253890" result="Passed" start-time="2026-06-22 19:07:29Z" end-time="2026-06-22 19:07:29Z" duration="0.005708" asserts="0">
                  <properties>
                    <property name="retryIteration" value="0" />
                    <property name="repeatIteration" value="0" />
                  </properties>
                  <output><![CDATA[[InventoryEvent] PUBLISH event=NewItemPlacedDtoEvent, listeners=0, payload=MageFactory.Inventory.Api.Event.Dto.NewItemPlacedDtoEvent
[InventoryEvent] PUBLISH event=CombatCharacterCreatedDtoEvent, listeners=0, payload=MageFactory.CombatContext.Api.Event.CombatCharacterCreatedDtoEvent
[InventoryEvent] PUBLISH event=CombatCharacterCreatedDtoEvent, listeners=0, payload=MageFactory.CombatContext.Api.Event.CombatCharacterCreatedDtoEvent
[InventoryEvent] PUBLISH event=CombatContextCreatedDtoEvent, listeners=0, payload=MageFactory.CombatContext.Api.Event.CombatContextCreatedDtoEvent
[InventoryEvent] PUBLISH event=FlowInputStartedDtoEvent, listeners=0, payload=MageFactory.CombatContext.Api.Event.FlowInputStartedDtoEvent
[InventoryEvent] PUBLISH event=FlowNoOutputDtoEvent, listeners=0, payload=MageFactory.CombatContext.Api.Event.FlowNoOutputDtoEvent
[CombatContext] Picked enemy: Defender(TeamB)
[InventoryEvent] PUBLISH event=FlowAttackCreatedDtoEvent, listeners=0, payload=MageFactory.CombatContext.Api.Event.FlowAttackCreatedDtoEvent
[InventoryEvent] PUBLISH event=CharacterHpChangedDtoEvent, listeners=0, payload=MageFactory.Character.Api.Event.Dto.CharacterHpChangedDtoEvent
[Combat] IncomingAttackDamage resolved directly for character=91645, rawDamage=MageFactory.Shared.Model.DamageToReceive, finalDamage=10, damageRole=ATTACK
]]></output>
                </test-case>
                <test-case id="1042" name="should_create_defensive_flow_from_incoming_attack_damage_event_before_hp_is_changed" fullname="MageFactory.Tests.Unit.Battle.DefensiveIncomingDamageFlowTest.should_create_defensive_flow_from_incoming_attack_damage_event_before_hp_is_changed" methodname="should_create_defensive_flow_from_incoming_attack_damage_event_before_hp_is_changed" classname="MageFactory.Tests.Unit.Battle.DefensiveIncomingDamageFlowTest" runstate="Runnable" seed="383347556" result="Passed" start-time="2026-06-22 19:07:29Z" end-time="2026-06-22 19:07:29Z" duration="0.005414" asserts="0">
                  <properties>
                    <property name="retryIteration" value="0" />
                    <property name="repeatIteration" value="0" />
                  </properties>
                  <output><![CDATA[[InventoryEvent] PUBLISH event=NewItemPlacedDtoEvent, listeners=0, payload=MageFactory.Inventory.Api.Event.Dto.NewItemPlacedDtoEvent
[InventoryEvent] PUBLISH event=CombatCharacterCreatedDtoEvent, listeners=0, payload=MageFactory.CombatContext.Api.Event.CombatCharacterCreatedDtoEvent
[InventoryEvent] PUBLISH event=NewItemPlacedDtoEvent, listeners=0, payload=MageFactory.Inventory.Api.Event.Dto.NewItemPlacedDtoEvent
[InventoryEvent] PUBLISH event=NewItemPlacedDtoEvent, listeners=0, payload=MageFactory.Inventory.Api.Event.Dto.NewItemPlacedDtoEvent
[InventoryEvent] PUBLISH event=CombatCharacterCreatedDtoEvent, listeners=0, payload=MageFactory.CombatContext.Api.Event.CombatCharacterCreatedDtoEvent
[InventoryEvent] PUBLISH event=CombatContextCreatedDtoEvent, listeners=0, payload=MageFactory.CombatContext.Api.Event.CombatContextCreatedDtoEvent
[InventoryEvent] PUBLISH event=FlowInputStartedDtoEvent, listeners=0, payload=MageFactory.CombatContext.Api.Event.FlowInputStartedDtoEvent
[InventoryEvent] PUBLISH event=FlowNoOutputDtoEvent, listeners=0, payload=MageFactory.CombatContext.Api.Event.FlowNoOutputDtoEvent
[CombatContext] Picked enemy: Defender(TeamB)
[InventoryEvent] PUBLISH event=FlowAttackCreatedDtoEvent, listeners=0, payload=MageFactory.CombatContext.Api.Event.FlowAttackCreatedDtoEvent
[Combat] IncomingAttackDamage created defensive flow for character=91650, rawDamage=MageFactory.Shared.Model.DamageToReceive, sourceCharacter=91648
]]></output>
                </test-case>
                <test-case id="1041" name="should_not_tick_event_triggered_defensive_entry_point_without_incoming_attack_damage_event" fullname="MageFactory.Tests.Unit.Battle.DefensiveIncomingDamageFlowTest.should_not_tick_event_triggered_defensive_entry_point_without_incoming_attack_damage_event" methodname="should_not_tick_event_triggered_defensive_entry_point_without_incoming_attack_damage_event" classname="MageFactory.Tests.Unit.Battle.DefensiveIncomingDamageFlowTest" runstate="Runnable" seed="257119175" result="Passed" start-time="2026-06-22 19:07:29Z" end-time="2026-06-22 19:07:29Z" duration="0.003310" asserts="0">
                  <properties>
                    <property name="retryIteration" value="0" />
                    <property name="repeatIteration" value="0" />
                  </properties>
                  <output><![CDATA[[InventoryEvent] PUBLISH event=CombatCharacterCreatedDtoEvent, listeners=0, payload=MageFactory.CombatContext.Api.Event.CombatCharacterCreatedDtoEvent
[InventoryEvent] PUBLISH event=NewItemPlacedDtoEvent, listeners=0, payload=MageFactory.Inventory.Api.Event.Dto.NewItemPlacedDtoEvent
[InventoryEvent] PUBLISH event=NewItemPlacedDtoEvent, listeners=0, payload=MageFactory.Inventory.Api.Event.Dto.NewItemPlacedDtoEvent
[InventoryEvent] PUBLISH event=CombatCharacterCreatedDtoEvent, listeners=0, payload=MageFactory.CombatContext.Api.Event.CombatCharacterCreatedDtoEvent
[InventoryEvent] PUBLISH event=CombatContextCreatedDtoEvent, listeners=0, payload=MageFactory.CombatContext.Api.Event.CombatContextCreatedDtoEvent
]]></output>
                </test-case>
                <test-case id="1048" name="should_process_catalog_defensive_entry_point_and_shield_against_incoming_attack_damage" fullname="MageFactory.Tests.Unit.Battle.DefensiveIncomingDamageFlowTest.should_process_catalog_defensive_entry_point_and_shield_against_incoming_attack_damage" methodname="should_process_catalog_defensive_entry_point_and_shield_against_incoming_attack_damage" classname="MageFactory.Tests.Unit.Battle.DefensiveIncomingDamageFlowTest" runstate="Runnable" seed="233875881" result="Passed" start-time="2026-06-22 19:07:29Z" end-time="2026-06-22 19:07:29Z" duration="0.010894" asserts="0">
                  <properties>
                    <property name="retryIteration" value="0" />
                    <property name="repeatIteration" value="0" />
                  </properties>
                  <output><![CDATA[[InventoryEvent] PUBLISH event=NewItemPlacedDtoEvent, listeners=0, payload=MageFactory.Inventory.Api.Event.Dto.NewItemPlacedDtoEvent
[InventoryEvent] PUBLISH event=CombatCharacterCreatedDtoEvent, listeners=0, payload=MageFactory.CombatContext.Api.Event.CombatCharacterCreatedDtoEvent
[InventoryEvent] PUBLISH event=NewItemPlacedDtoEvent, listeners=0, payload=MageFactory.Inventory.Api.Event.Dto.NewItemPlacedDtoEvent
[InventoryEvent] PUBLISH event=NewItemPlacedDtoEvent, listeners=0, payload=MageFactory.Inventory.Api.Event.Dto.NewItemPlacedDtoEvent
[InventoryEvent] PUBLISH event=CombatCharacterCreatedDtoEvent, listeners=0, payload=MageFactory.CombatContext.Api.Event.CombatCharacterCreatedDtoEvent
[InventoryEvent] PUBLISH event=CombatContextCreatedDtoEvent, listeners=0, payload=MageFactory.CombatContext.Api.Event.CombatContextCreatedDtoEvent
[InventoryEvent] PUBLISH event=FlowInputStartedDtoEvent, listeners=0, payload=MageFactory.CombatContext.Api.Event.FlowInputStartedDtoEvent
[InventoryEvent] PUBLISH event=FlowNoOutputDtoEvent, listeners=0, payload=MageFactory.CombatContext.Api.Event.FlowNoOutputDtoEvent
[CombatContext] Picked enemy: Defender(TeamB)
[InventoryEvent] PUBLISH event=FlowAttackCreatedDtoEvent, listeners=0, payload=MageFactory.CombatContext.Api.Event.FlowAttackCreatedDtoEvent
[Combat] IncomingAttackDamage created defensive flow for character=91662, rawDamage=MageFactory.Shared.Model.DamageToReceive, sourceCharacter=91660
[InventoryEvent] PUBLISH event=FlowNoOutputDtoEvent, listeners=0, payload=MageFactory.CombatContext.Api.Event.FlowNoOutputDtoEvent
[InventoryEvent] PUBLISH event=FlowGuardCreatedDtoEvent, listeners=0, payload=MageFactory.CombatContext.Api.Event.FlowGuardCreatedDtoEvent
[InventoryEvent] PUBLISH event=CharacterGuardAbsorbedDamageDtoEvent, listeners=0, payload=MageFactory.Character.Api.Event.Dto.CharacterGuardAbsorbedDamageDtoEvent
[InventoryEvent] PUBLISH event=CharacterHpChangedDtoEvent, listeners=0, payload=MageFactory.Character.Api.Event.Dto.CharacterHpChangedDtoEvent
[CombatContext] Defensive flow resolved for character=91662, resolvedDamage=10, damageTaken=4
]]></output>
                </test-case>
                <test-case id="1047" name="should_rotate_successful_defensive_entry_point_selection_round_robin" fullname="MageFactory.Tests.Unit.Battle.DefensiveIncomingDamageFlowTest.should_rotate_successful_defensive_entry_point_selection_round_robin" methodname="should_rotate_successful_defensive_entry_point_selection_round_robin" classname="MageFactory.Tests.Unit.Battle.DefensiveIncomingDamageFlowTest" runstate="Runnable" seed="330490207" result="Passed" start-time="2026-06-22 19:07:29Z" end-time="2026-06-22 19:07:29Z" duration="0.009182" asserts="0">
                  <properties>
                    <property name="retryIteration" value="0" />
                    <property name="repeatIteration" value="0" />
                  </properties>
                  <output><![CDATA[[InventoryEvent] PUBLISH event=NewItemPlacedDtoEvent, listeners=0, payload=MageFactory.Inventory.Api.Event.Dto.NewItemPlacedDtoEvent
[InventoryEvent] PUBLISH event=CombatCharacterCreatedDtoEvent, listeners=0, payload=MageFactory.CombatContext.Api.Event.CombatCharacterCreatedDtoEvent
[InventoryEvent] PUBLISH event=NewItemPlacedDtoEvent, listeners=0, payload=MageFactory.Inventory.Api.Event.Dto.NewItemPlacedDtoEvent
[InventoryEvent] PUBLISH event=NewItemPlacedDtoEvent, listeners=0, payload=MageFactory.Inventory.Api.Event.Dto.NewItemPlacedDtoEvent
[InventoryEvent] PUBLISH event=CombatCharacterCreatedDtoEvent, listeners=0, payload=MageFactory.CombatContext.Api.Event.CombatCharacterCreatedDtoEvent
[InventoryEvent] PUBLISH event=CombatContextCreatedDtoEvent, listeners=0, payload=MageFactory.CombatContext.Api.Event.CombatContextCreatedDtoEvent
[InventoryEvent] PUBLISH event=FlowInputStartedDtoEvent, listeners=0, payload=MageFactory.CombatContext.Api.Event.FlowInputStartedDtoEvent
[InventoryEvent] PUBLISH event=FlowNoOutputDtoEvent, listeners=0, payload=MageFactory.CombatContext.Api.Event.FlowNoOutputDtoEvent
[CombatContext] Picked enemy: Defender(TeamB)
[InventoryEvent] PUBLISH event=FlowAttackCreatedDtoEvent, listeners=0, payload=MageFactory.CombatContext.Api.Event.FlowAttackCreatedDtoEvent
[Combat] IncomingAttackDamage created defensive flow for character=91671, rawDamage=MageFactory.Shared.Model.DamageToReceive, sourceCharacter=91669
[InventoryEvent] PUBLISH event=FlowNoOutputDtoEvent, listeners=0, payload=MageFactory.CombatContext.Api.Event.FlowNoOutputDtoEvent
[InventoryEvent] PUBLISH event=CharacterHpChangedDtoEvent, listeners=0, payload=MageFactory.Character.Api.Event.Dto.CharacterHpChangedDtoEvent
[CombatContext] Defensive flow resolved for character=91671, resolvedDamage=7, damageTaken=7
[InventoryEvent] PUBLISH event=FlowInputStartedDtoEvent, listeners=0, payload=MageFactory.CombatContext.Api.Event.FlowInputStartedDtoEvent
[InventoryEvent] PUBLISH event=FlowNoOutputDtoEvent, listeners=0, payload=MageFactory.CombatContext.Api.Event.FlowNoOutputDtoEvent
[CombatContext] Picked enemy: Defender(TeamB)
[InventoryEvent] PUBLISH event=FlowAttackCreatedDtoEvent, listeners=0, payload=MageFactory.CombatContext.Api.Event.FlowAttackCreatedDtoEvent
[Combat] IncomingAttackDamage created defensive flow for character=91671, rawDamage=MageFactory.Shared.Model.DamageToReceive, sourceCharacter=91669
]]></output>
                </test-case>
                <test-case id="1046" name="should_use_next_available_defensive_entry_point_when_first_defensive_entry_point_is_busy" fullname="MageFactory.Tests.Unit.Battle.DefensiveIncomingDamageFlowTest.should_use_next_available_defensive_entry_point_when_first_defensive_entry_point_is_busy" methodname="should_use_next_available_defensive_entry_point_when_first_defensive_entry_point_is_busy" classname="MageFactory.Tests.Unit.Battle.DefensiveIncomingDamageFlowTest" runstate="Runnable" seed="600263188" result="Passed" start-time="2026-06-22 19:07:29Z" end-time="2026-06-22 19:07:29Z" duration="0.005950" asserts="0">
                  <properties>
                    <property name="retryIteration" value="0" />
                    <property name="repeatIteration" value="0" />
                  </properties>
                  <output><![CDATA[[InventoryEvent] PUBLISH event=NewItemPlacedDtoEvent, listeners=0, payload=MageFactory.Inventory.Api.Event.Dto.NewItemPlacedDtoEvent
[InventoryEvent] PUBLISH event=CombatCharacterCreatedDtoEvent, listeners=0, payload=MageFactory.CombatContext.Api.Event.CombatCharacterCreatedDtoEvent
[InventoryEvent] PUBLISH event=NewItemPlacedDtoEvent, listeners=0, payload=MageFactory.Inventory.Api.Event.Dto.NewItemPlacedDtoEvent
[InventoryEvent] PUBLISH event=NewItemPlacedDtoEvent, listeners=0, payload=MageFactory.Inventory.Api.Event.Dto.NewItemPlacedDtoEvent
[InventoryEvent] PUBLISH event=CombatCharacterCreatedDtoEvent, listeners=0, payload=MageFactory.CombatContext.Api.Event.CombatCharacterCreatedDtoEvent
[InventoryEvent] PUBLISH event=CombatContextCreatedDtoEvent, listeners=0, payload=MageFactory.CombatContext.Api.Event.CombatContextCreatedDtoEvent
[InventoryEvent] PUBLISH event=FlowInputStartedDtoEvent, listeners=0, payload=MageFactory.CombatContext.Api.Event.FlowInputStartedDtoEvent
[InventoryEvent] PUBLISH event=FlowInputStartedDtoEvent, listeners=0, payload=MageFactory.CombatContext.Api.Event.FlowInputStartedDtoEvent
[InventoryEvent] PUBLISH event=FlowNoOutputDtoEvent, listeners=0, payload=MageFactory.CombatContext.Api.Event.FlowNoOutputDtoEvent
[CombatContext] Picked enemy: Defender(TeamB)
[InventoryEvent] PUBLISH event=FlowAttackCreatedDtoEvent, listeners=0, payload=MageFactory.CombatContext.Api.Event.FlowAttackCreatedDtoEvent
[Combat] IncomingAttackDamage created defensive flow for character=91682, rawDamage=MageFactory.Shared.Model.DamageToReceive, sourceCharacter=91680
]]></output>
                </test-case>
              </test-suite>
              <test-suite type="TestFixture" id="1049" name="DefensiveIncomingDamagePerformanceSmokeTest" fullname="MageFactory.Tests.Unit.Battle.DefensiveIncomingDamagePerformanceSmokeTest" classname="MageFactory.Tests.Unit.Battle.DefensiveIncomingDamagePerformanceSmokeTest" runstate="Runnable" testcasecount="1" result="Passed" start-time="2026-06-22 19:07:29Z" end-time="2026-06-22 19:07:32Z" duration="2.983635" total="1" passed="1" failed="0" inconclusive="0" skipped="0" asserts="0">
                <properties />
                <test-case id="1050" name="should_process_high_volume_incoming_attack_damage_defense_events_within_smoke_budget" fullname="MageFactory.Tests.Unit.Battle.DefensiveIncomingDamagePerformanceSmokeTest.should_process_high_volume_incoming_attack_damage_defense_events_within_smoke_budget" methodname="should_process_high_volume_incoming_attack_damage_defense_events_within_smoke_budget" classname="MageFactory.Tests.Unit.Battle.DefensiveIncomingDamagePerformanceSmokeTest" runstate="Runnable" seed="2092052941" result="Passed" start-time="2026-06-22 19:07:29Z" end-time="2026-06-22 19:07:32Z" duration="2.982684" asserts="0">
                  <properties>
                    <property name="Category" value="PerformanceSmoke" />
                    <property name="retryIteration" value="0" />
                    <property name="repeatIteration" value="0" />
                  </properties>
                  <output><![CDATA[Defensive incoming damage performance smoke: 12 characters, 800 offensive entry points, 1600 event defensive entry points, 47200 incoming damage events, 47200 defensive flows, 95200 total created flows, 800 active flows after measurement, 24.561 ms/tick average over 120 measured ticks.
]]></output>
                </test-case>
              </test-suite>
              <test-suite type="TestFixture" id="1059" name="DeterministicFlowScenarioTest" fullname="MageFactory.Tests.Unit.Battle.DeterministicFlowScenarioTest" classname="MageFactory.Tests.Unit.Battle.DeterministicFlowScenarioTest" runstate="Runnable" testcasecount="19" result="Passed" start-time="2026-06-22 19:07:32Z" end-time="2026-06-22 19:07:33Z" duration="0.180721" total="19" passed="19" failed="0" inconclusive="0" skipped="0" asserts="0">
                <properties />
                <test-case id="1063" name="should_assign_unique_domain_flow_ids_to_active_flows" fullname="MageFactory.Tests.Unit.Battle.DeterministicFlowScenarioTest.should_assign_unique_domain_flow_ids_to_active_flows" methodname="should_assign_unique_domain_flow_ids_to_active_flows" classname="MageFactory.Tests.Unit.Battle.DeterministicFlowScenarioTest" runstate="Runnable" seed="413912721" result="Passed" start-time="2026-06-22 19:07:32Z" end-time="2026-06-22 19:07:32Z" duration="0.013154" asserts="0">
                  <properties>
                    <property name="retryIteration" value="0" />
                    <property name="repeatIteration" value="0" />
                  </properties>
                  <output><![CDATA[[InventoryEvent] PUBLISH event=NewItemPlacedDtoEvent, listeners=0, payload=MageFactory.Inventory.Api.Event.Dto.NewItemPlacedDtoEvent
[InventoryEvent] PUBLISH event=NewItemPlacedDtoEvent, listeners=0, payload=MageFactory.Inventory.Api.Event.Dto.NewItemPlacedDtoEvent
[InventoryEvent] PUBLISH event=NewItemPlacedDtoEvent, listeners=0, payload=MageFactory.Inventory.Api.Event.Dto.NewItemPlacedDtoEvent
[InventoryEvent] PUBLISH event=NewItemPlacedDtoEvent, listeners=0, payload=MageFactory.Inventory.Api.Event.Dto.NewItemPlacedDtoEvent
[InventoryEvent] PUBLISH event=NewItemPlacedDtoEvent, listeners=0, payload=MageFactory.Inventory.Api.Event.Dto.NewItemPlacedDtoEvent
[InventoryEvent] PUBLISH event=NewItemPlacedDtoEvent, listeners=0, payload=MageFactory.Inventory.Api.Event.Dto.NewItemPlacedDtoEvent
[InventoryEvent] PUBLISH event=NewItemPlacedDtoEvent, listeners=0, payload=MageFactory.Inventory.Api.Event.Dto.NewItemPlacedDtoEvent
[InventoryEvent] PUBLISH event=NewItemPlacedDtoEvent, listeners=0, payload=MageFactory.Inventory.Api.Event.Dto.NewItemPlacedDtoEvent
[InventoryEvent] PUBLISH event=NewItemPlacedDtoEvent, listeners=0, payload=MageFactory.Inventory.Api.Event.Dto.NewItemPlacedDtoEvent
[InventoryEvent] PUBLISH event=CombatCharacterCreatedDtoEvent, listeners=0, payload=MageFactory.CombatContext.Api.Event.CombatCharacterCreatedDtoEvent
[InventoryEvent] PUBLISH event=CombatCharacterCreatedDtoEvent, listeners=0, payload=MageFactory.CombatContext.Api.Event.CombatCharacterCreatedDtoEvent
[InventoryEvent] PUBLISH event=CombatContextCreatedDtoEvent, listeners=0, payload=MageFactory.CombatContext.Api.Event.CombatContextCreatedDtoEvent
[InventoryEvent] PUBLISH event=FlowInputStartedDtoEvent, listeners=0, payload=MageFactory.CombatContext.Api.Event.FlowInputStartedDtoEvent
[InventoryEvent] PUBLISH event=FlowInputStartedDtoEvent, listeners=0, payload=MageFactory.CombatContext.Api.Event.FlowInputStartedDtoEvent
[InventoryEvent] PUBLISH event=FlowInputStartedDtoEvent, listeners=0, payload=MageFactory.CombatContext.Api.Event.FlowInputStartedDtoEvent
[InventoryEvent] PUBLISH event=FlowInputStartedDtoEvent, listeners=0, payload=MageFactory.CombatContext.Api.Event.FlowInputStartedDtoEvent
[InventoryEvent] PUBLISH event=FlowInputStartedDtoEvent, listeners=0, payload=MageFactory.CombatContext.Api.Event.FlowInputStartedDtoEvent
[InventoryEvent] PUBLISH event=FlowInputStartedDtoEvent, listeners=0, payload=MageFactory.CombatContext.Api.Event.FlowInputStartedDtoEvent
[InventoryEvent] PUBLISH event=FlowInputStartedDtoEvent, listeners=0, payload=MageFactory.CombatContext.Api.Event.FlowInputStartedDtoEvent
[InventoryEvent] PUBLISH event=FlowInputStartedDtoEvent, listeners=0, payload=MageFactory.CombatContext.Api.Event.FlowInputStartedDtoEvent
[InventoryEvent] PUBLISH event=FlowInputStartedDtoEvent, listeners=0, payload=MageFactory.CombatContext.Api.Event.FlowInputStartedDtoEvent
]]></output>
                </test-case>
                <test-case id="1071" name="should_carry_unused_ticks_to_next_item_in_same_flow_tick" fullname="MageFactory.Tests.Unit.Battle.DeterministicFlowScenarioTest.should_carry_unused_ticks_to_next_item_in_same_flow_tick" methodname="should_carry_unused_ticks_to_next_item_in_same_flow_tick" classname="MageFactory.Tests.Unit.Battle.DeterministicFlowScenarioTest" runstate="Runnable" seed="1526742737" result="Passed" start-time="2026-06-22 19:07:32Z" end-time="2026-06-22 19:07:32Z" duration="0.006573" asserts="0">
                  <properties>
                    <property name="retryIteration" value="0" />
                    <property name="repeatIteration" value="0" />
                  </properties>
                  <output><![CDATA[[InventoryEvent] PUBLISH event=NewItemPlacedDtoEvent, listeners=0, payload=MageFactory.Inventory.Api.Event.Dto.NewItemPlacedDtoEvent
[InventoryEvent] PUBLISH event=NewItemPlacedDtoEvent, listeners=0, payload=MageFactory.Inventory.Api.Event.Dto.NewItemPlacedDtoEvent
[InventoryEvent] PUBLISH event=CombatCharacterCreatedDtoEvent, listeners=0, payload=MageFactory.CombatContext.Api.Event.CombatCharacterCreatedDtoEvent
[InventoryEvent] PUBLISH event=CombatCharacterCreatedDtoEvent, listeners=0, payload=MageFactory.CombatContext.Api.Event.CombatCharacterCreatedDtoEvent
[InventoryEvent] PUBLISH event=CombatContextCreatedDtoEvent, listeners=0, payload=MageFactory.CombatContext.Api.Event.CombatContextCreatedDtoEvent
[InventoryEvent] PUBLISH event=FlowInputStartedDtoEvent, listeners=0, payload=MageFactory.CombatContext.Api.Event.FlowInputStartedDtoEvent
[InventoryEvent] PUBLISH event=FlowNoOutputDtoEvent, listeners=0, payload=MageFactory.CombatContext.Api.Event.FlowNoOutputDtoEvent
[CombatContext] Picked enemy: Defender(TeamB)
[InventoryEvent] PUBLISH event=FlowAttackCreatedDtoEvent, listeners=0, payload=MageFactory.CombatContext.Api.Event.FlowAttackCreatedDtoEvent
[InventoryEvent] PUBLISH event=CharacterHpChangedDtoEvent, listeners=0, payload=MageFactory.Character.Api.Event.Dto.CharacterHpChangedDtoEvent
[Combat] IncomingAttackDamage resolved directly for character=236524, rawDamage=MageFactory.Shared.Model.DamageToReceive, finalDamage=7, damageRole=ATTACK
]]></output>
                </test-case>
                <test-case id="1069" name="should_continue_and_finish_active_flow_when_last_enemy_is_already_dead" fullname="MageFactory.Tests.Unit.Battle.DeterministicFlowScenarioTest.should_continue_and_finish_active_flow_when_last_enemy_is_already_dead" methodname="should_continue_and_finish_active_flow_when_last_enemy_is_already_dead" classname="MageFactory.Tests.Unit.Battle.DeterministicFlowScenarioTest" runstate="Runnable" seed="400102384" result="Passed" start-time="2026-06-22 19:07:32Z" end-time="2026-06-22 19:07:32Z" duration="0.012317" asserts="0">
                  <properties>
                    <property name="retryIteration" value="0" />
                    <property name="repeatIteration" value="0" />
                  </properties>
                  <output><![CDATA[[InventoryEvent] SUBSCRIBE event=CharacterDeathDtoEvent, listenerType=ICharacterDeathEventListener, listener=MageFactory.Tests.Unit.Battle.DeterministicFlowScenarioTest+CountingDeathEventListener
[InventoryEvent] PUBLISH event=NewItemPlacedDtoEvent, listeners=0, payload=MageFactory.Inventory.Api.Event.Dto.NewItemPlacedDtoEvent
[InventoryEvent] PUBLISH event=NewItemPlacedDtoEvent, listeners=0, payload=MageFactory.Inventory.Api.Event.Dto.NewItemPlacedDtoEvent
[InventoryEvent] PUBLISH event=CombatCharacterCreatedDtoEvent, listeners=0, payload=MageFactory.CombatContext.Api.Event.CombatCharacterCreatedDtoEvent
[InventoryEvent] PUBLISH event=CombatCharacterCreatedDtoEvent, listeners=0, payload=MageFactory.CombatContext.Api.Event.CombatCharacterCreatedDtoEvent
[InventoryEvent] PUBLISH event=CombatContextCreatedDtoEvent, listeners=0, payload=MageFactory.CombatContext.Api.Event.CombatContextCreatedDtoEvent
[InventoryEvent] PUBLISH event=FlowInputStartedDtoEvent, listeners=0, payload=MageFactory.CombatContext.Api.Event.FlowInputStartedDtoEvent
[InventoryEvent] PUBLISH event=FlowInputStartedDtoEvent, listeners=0, payload=MageFactory.CombatContext.Api.Event.FlowInputStartedDtoEvent
[InventoryEvent] PUBLISH event=FlowNoOutputDtoEvent, listeners=0, payload=MageFactory.CombatContext.Api.Event.FlowNoOutputDtoEvent
[CombatContext] Picked enemy: Defender(TeamB)
[InventoryEvent] PUBLISH event=FlowAttackCreatedDtoEvent, listeners=0, payload=MageFactory.CombatContext.Api.Event.FlowAttackCreatedDtoEvent
[InventoryEvent] PUBLISH event=CharacterHpChangedDtoEvent, listeners=0, payload=MageFactory.Character.Api.Event.Dto.CharacterHpChangedDtoEvent
[InventoryEvent] PUBLISH event=CharacterDeathDtoEvent, listeners=1, payload=MageFactory.Character.Api.Event.Dto.CharacterDeathDtoEvent
[InventoryEvent]  -> listener[0] type=ICharacterDeathEventListener, instance=MageFactory.Tests.Unit.Battle.DeterministicFlowScenarioTest+CountingDeathEventListener
[Combat] IncomingAttackDamage resolved directly for character=236530, rawDamage=MageFactory.Shared.Model.DamageToReceive, finalDamage=1, damageRole=ATTACK
[InventoryEvent] PUBLISH event=FlowNoOutputDtoEvent, listeners=0, payload=MageFactory.CombatContext.Api.Event.FlowNoOutputDtoEvent
]]></output>
                </test-case>
                <test-case id="1077" name="should_deal_damage_by_two_entry_points" fullname="MageFactory.Tests.Unit.Battle.DeterministicFlowScenarioTest.should_deal_damage_by_two_entry_points" methodname="should_deal_damage_by_two_entry_points" classname="MageFactory.Tests.Unit.Battle.DeterministicFlowScenarioTest" runstate="Runnable" seed="1261406810" result="Passed" start-time="2026-06-22 19:07:32Z" end-time="2026-06-22 19:07:32Z" duration="0.010652" asserts="0">
                  <properties>
                    <property name="retryIteration" value="0" />
                    <property name="repeatIteration" value="0" />
                  </properties>
                  <output><![CDATA[[InventoryEvent] PUBLISH event=NewItemPlacedDtoEvent, listeners=0, payload=MageFactory.Inventory.Api.Event.Dto.NewItemPlacedDtoEvent
[InventoryEvent] PUBLISH event=NewItemPlacedDtoEvent, listeners=0, payload=MageFactory.Inventory.Api.Event.Dto.NewItemPlacedDtoEvent
[InventoryEvent] PUBLISH event=CombatCharacterCreatedDtoEvent, listeners=0, payload=MageFactory.CombatContext.Api.Event.CombatCharacterCreatedDtoEvent
[InventoryEvent] PUBLISH event=CombatCharacterCreatedDtoEvent, listeners=0, payload=MageFactory.CombatContext.Api.Event.CombatCharacterCreatedDtoEvent
[InventoryEvent] PUBLISH event=CombatContextCreatedDtoEvent, listeners=0, payload=MageFactory.CombatContext.Api.Event.CombatContextCreatedDtoEvent
[InventoryEvent] PUBLISH event=FlowInputStartedDtoEvent, listeners=0, payload=MageFactory.CombatContext.Api.Event.FlowInputStartedDtoEvent
[InventoryEvent] PUBLISH event=FlowInputStartedDtoEvent, listeners=0, payload=MageFactory.CombatContext.Api.Event.FlowInputStartedDtoEvent
[InventoryEvent] PUBLISH event=FlowNoOutputDtoEvent, listeners=0, payload=MageFactory.CombatContext.Api.Event.FlowNoOutputDtoEvent
[CombatContext] Picked enemy: Defender(TeamB)
[InventoryEvent] PUBLISH event=FlowAttackCreatedDtoEvent, listeners=0, payload=MageFactory.CombatContext.Api.Event.FlowAttackCreatedDtoEvent
[InventoryEvent] PUBLISH event=CharacterHpChangedDtoEvent, listeners=0, payload=MageFactory.Character.Api.Event.Dto.CharacterHpChangedDtoEvent
[Combat] IncomingAttackDamage resolved directly for character=236537, rawDamage=MageFactory.Shared.Model.DamageToReceive, finalDamage=2, damageRole=ATTACK
[InventoryEvent] PUBLISH event=FlowNoOutputDtoEvent, listeners=0, payload=MageFactory.CombatContext.Api.Event.FlowNoOutputDtoEvent
[CombatContext] Picked enemy: Defender(TeamB)
[InventoryEvent] PUBLISH event=FlowAttackCreatedDtoEvent, listeners=0, payload=MageFactory.CombatContext.Api.Event.FlowAttackCreatedDtoEvent
[InventoryEvent] PUBLISH event=CharacterHpChangedDtoEvent, listeners=0, payload=MageFactory.Character.Api.Event.Dto.CharacterHpChangedDtoEvent
[Combat] IncomingAttackDamage resolved directly for character=236537, rawDamage=MageFactory.Shared.Model.DamageToReceive, finalDamage=2, damageRole=ATTACK
]]></output>
                </test-case>
                <test-case id="1076" name="should_deal_damage_to_defender" fullname="MageFactory.Tests.Unit.Battle.DeterministicFlowScenarioTest.should_deal_damage_to_defender" methodname="should_deal_damage_to_defender" classname="MageFactory.Tests.Unit.Battle.DeterministicFlowScenarioTest" runstate="Runnable" seed="303226840" result="Passed" start-time="2026-06-22 19:07:32Z" end-time="2026-06-22 19:07:32Z" duration="0.010782" asserts="0">
                  <properties>
                    <property name="retryIteration" value="0" />
                    <property name="repeatIteration" value="0" />
                  </properties>
                  <output><![CDATA[[InventoryEvent] PUBLISH event=NewItemPlacedDtoEvent, listeners=0, payload=MageFactory.Inventory.Api.Event.Dto.NewItemPlacedDtoEvent
[InventoryEvent] PUBLISH event=NewItemPlacedDtoEvent, listeners=0, payload=MageFactory.Inventory.Api.Event.Dto.NewItemPlacedDtoEvent
[InventoryEvent] PUBLISH event=NewItemPlacedDtoEvent, listeners=0, payload=MageFactory.Inventory.Api.Event.Dto.NewItemPlacedDtoEvent
[InventoryEvent] PUBLISH event=NewItemPlacedDtoEvent, listeners=0, payload=MageFactory.Inventory.Api.Event.Dto.NewItemPlacedDtoEvent
[InventoryEvent] PUBLISH event=CombatCharacterCreatedDtoEvent, listeners=0, payload=MageFactory.CombatContext.Api.Event.CombatCharacterCreatedDtoEvent
[InventoryEvent] PUBLISH event=CombatCharacterCreatedDtoEvent, listeners=0, payload=MageFactory.CombatContext.Api.Event.CombatCharacterCreatedDtoEvent
[InventoryEvent] PUBLISH event=CombatContextCreatedDtoEvent, listeners=0, payload=MageFactory.CombatContext.Api.Event.CombatContextCreatedDtoEvent
[InventoryEvent] PUBLISH event=FlowInputStartedDtoEvent, listeners=0, payload=MageFactory.CombatContext.Api.Event.FlowInputStartedDtoEvent
[InventoryEvent] PUBLISH event=FlowNoOutputDtoEvent, listeners=0, payload=MageFactory.CombatContext.Api.Event.FlowNoOutputDtoEvent
[InventoryEvent] PUBLISH event=FlowGuardCreatedDtoEvent, listeners=0, payload=MageFactory.CombatContext.Api.Event.FlowGuardCreatedDtoEvent
[CombatContext] Picked enemy: Defender(TeamB)
[InventoryEvent] PUBLISH event=FlowAttackCreatedDtoEvent, listeners=0, payload=MageFactory.CombatContext.Api.Event.FlowAttackCreatedDtoEvent
[InventoryEvent] PUBLISH event=CharacterHpChangedDtoEvent, listeners=0, payload=MageFactory.Character.Api.Event.Dto.CharacterHpChangedDtoEvent
[Combat] IncomingAttackDamage resolved directly for character=236547, rawDamage=MageFactory.Shared.Model.DamageToReceive, finalDamage=13, damageRole=ATTACK
]]></output>
                </test-case>
                <test-case id="1078" name="should_deal_damage_when_reduce_damage_to_0_shield_flow" fullname="MageFactory.Tests.Unit.Battle.DeterministicFlowScenarioTest.should_deal_damage_when_reduce_damage_to_0_shield_flow" methodname="should_deal_damage_when_reduce_damage_to_0_shield_flow" classname="MageFactory.Tests.Unit.Battle.DeterministicFlowScenarioTest" runstate="Runnable" seed="137669031" result="Passed" start-time="2026-06-22 19:07:32Z" end-time="2026-06-22 19:07:32Z" duration="0.011361" asserts="0">
                  <properties>
                    <property name="retryIteration" value="0" />
                    <property name="repeatIteration" value="0" />
                  </properties>
                  <output><![CDATA[[InventoryEvent] PUBLISH event=NewItemPlacedDtoEvent, listeners=0, payload=MageFactory.Inventory.Api.Event.Dto.NewItemPlacedDtoEvent
[InventoryEvent] PUBLISH event=NewItemPlacedDtoEvent, listeners=0, payload=MageFactory.Inventory.Api.Event.Dto.NewItemPlacedDtoEvent
[InventoryEvent] PUBLISH event=NewItemPlacedDtoEvent, listeners=0, payload=MageFactory.Inventory.Api.Event.Dto.NewItemPlacedDtoEvent
[InventoryEvent] PUBLISH event=CombatCharacterCreatedDtoEvent, listeners=0, payload=MageFactory.CombatContext.Api.Event.CombatCharacterCreatedDtoEvent
[InventoryEvent] PUBLISH event=CombatCharacterCreatedDtoEvent, listeners=0, payload=MageFactory.CombatContext.Api.Event.CombatCharacterCreatedDtoEvent
[InventoryEvent] PUBLISH event=CombatContextCreatedDtoEvent, listeners=0, payload=MageFactory.CombatContext.Api.Event.CombatContextCreatedDtoEvent
[InventoryEvent] PUBLISH event=FlowInputStartedDtoEvent, listeners=0, payload=MageFactory.CombatContext.Api.Event.FlowInputStartedDtoEvent
[InventoryEvent] PUBLISH event=FlowNoOutputDtoEvent, listeners=0, payload=MageFactory.CombatContext.Api.Event.FlowNoOutputDtoEvent
[InventoryEvent] PUBLISH event=FlowGuardCreatedDtoEvent, listeners=0, payload=MageFactory.CombatContext.Api.Event.FlowGuardCreatedDtoEvent
[CombatContext] Picked enemy: Defender(TeamB)
[InventoryEvent] PUBLISH event=FlowAttackCreatedDtoEvent, listeners=0, payload=MageFactory.CombatContext.Api.Event.FlowAttackCreatedDtoEvent
[InventoryEvent] PUBLISH event=CharacterHpChangedDtoEvent, listeners=0, payload=MageFactory.Character.Api.Event.Dto.CharacterHpChangedDtoEvent
[Combat] IncomingAttackDamage resolved directly for character=236555, rawDamage=MageFactory.Shared.Model.DamageToReceive, finalDamage=7, damageRole=ATTACK
]]></output>
                </test-case>
                <test-case id="1060" name="should_expose_active_and_created_flow_counts" fullname="MageFactory.Tests.Unit.Battle.DeterministicFlowScenarioTest.should_expose_active_and_created_flow_counts" methodname="should_expose_active_and_created_flow_counts" classname="MageFactory.Tests.Unit.Battle.DeterministicFlowScenarioTest" runstate="Runnable" seed="2141268313" result="Passed" start-time="2026-06-22 19:07:32Z" end-time="2026-06-22 19:07:33Z" duration="0.009589" asserts="0">
                  <properties>
                    <property name="retryIteration" value="0" />
                    <property name="repeatIteration" value="0" />
                  </properties>
                  <output><![CDATA[[InventoryEvent] PUBLISH event=NewItemPlacedDtoEvent, listeners=0, payload=MageFactory.Inventory.Api.Event.Dto.NewItemPlacedDtoEvent
[InventoryEvent] PUBLISH event=NewItemPlacedDtoEvent, listeners=0, payload=MageFactory.Inventory.Api.Event.Dto.NewItemPlacedDtoEvent
[InventoryEvent] PUBLISH event=NewItemPlacedDtoEvent, listeners=0, payload=MageFactory.Inventory.Api.Event.Dto.NewItemPlacedDtoEvent
[InventoryEvent] PUBLISH event=NewItemPlacedDtoEvent, listeners=0, payload=MageFactory.Inventory.Api.Event.Dto.NewItemPlacedDtoEvent
[InventoryEvent] PUBLISH event=CombatCharacterCreatedDtoEvent, listeners=0, payload=MageFactory.CombatContext.Api.Event.CombatCharacterCreatedDtoEvent
[InventoryEvent] PUBLISH event=CombatCharacterCreatedDtoEvent, listeners=0, payload=MageFactory.CombatContext.Api.Event.CombatCharacterCreatedDtoEvent
[InventoryEvent] PUBLISH event=CombatContextCreatedDtoEvent, listeners=0, payload=MageFactory.CombatContext.Api.Event.CombatContextCreatedDtoEvent
[InventoryEvent] PUBLISH event=FlowInputStartedDtoEvent, listeners=0, payload=MageFactory.CombatContext.Api.Event.FlowInputStartedDtoEvent
[InventoryEvent] PUBLISH event=FlowInputStartedDtoEvent, listeners=0, payload=MageFactory.CombatContext.Api.Event.FlowInputStartedDtoEvent
[InventoryEvent] PUBLISH event=FlowInputStartedDtoEvent, listeners=0, payload=MageFactory.CombatContext.Api.Event.FlowInputStartedDtoEvent
[InventoryEvent] PUBLISH event=FlowInputStartedDtoEvent, listeners=0, payload=MageFactory.CombatContext.Api.Event.FlowInputStartedDtoEvent
]]></output>
                </test-case>
                <test-case id="1066" name="should_expose_domain_cast_state_for_current_processing_row" fullname="MageFactory.Tests.Unit.Battle.DeterministicFlowScenarioTest.should_expose_domain_cast_state_for_current_processing_row" methodname="should_expose_domain_cast_state_for_current_processing_row" classname="MageFactory.Tests.Unit.Battle.DeterministicFlowScenarioTest" runstate="Runnable" seed="85131687" result="Passed" start-time="2026-06-22 19:07:33Z" end-time="2026-06-22 19:07:33Z" duration="0.007358" asserts="0">
                  <properties>
                    <property name="retryIteration" value="0" />
                    <property name="repeatIteration" value="0" />
                  </properties>
                  <output><![CDATA[[InventoryEvent] PUBLISH event=NewItemPlacedDtoEvent, listeners=0, payload=MageFactory.Inventory.Api.Event.Dto.NewItemPlacedDtoEvent
[InventoryEvent] PUBLISH event=NewItemPlacedDtoEvent, listeners=0, payload=MageFactory.Inventory.Api.Event.Dto.NewItemPlacedDtoEvent
[InventoryEvent] PUBLISH event=CombatCharacterCreatedDtoEvent, listeners=0, payload=MageFactory.CombatContext.Api.Event.CombatCharacterCreatedDtoEvent
[InventoryEvent] PUBLISH event=CombatCharacterCreatedDtoEvent, listeners=0, payload=MageFactory.CombatContext.Api.Event.CombatCharacterCreatedDtoEvent
[InventoryEvent] PUBLISH event=CombatContextCreatedDtoEvent, listeners=0, payload=MageFactory.CombatContext.Api.Event.CombatContextCreatedDtoEvent
[InventoryEvent] PUBLISH event=FlowInputStartedDtoEvent, listeners=0, payload=MageFactory.CombatContext.Api.Event.FlowInputStartedDtoEvent
]]></output>
                </test-case>
                <test-case id="1072" name="should_keep_partial_cast_progress_between_ticks" fullname="MageFactory.Tests.Unit.Battle.DeterministicFlowScenarioTest.should_keep_partial_cast_progress_between_ticks" methodname="should_keep_partial_cast_progress_between_ticks" classname="MageFactory.Tests.Unit.Battle.DeterministicFlowScenarioTest" runstate="Runnable" seed="354878777" result="Passed" start-time="2026-06-22 19:07:33Z" end-time="2026-06-22 19:07:33Z" duration="0.008256" asserts="0">
                  <properties>
                    <property name="retryIteration" value="0" />
                    <property name="repeatIteration" value="0" />
                  </properties>
                  <output><![CDATA[[InventoryEvent] PUBLISH event=NewItemPlacedDtoEvent, listeners=0, payload=MageFactory.Inventory.Api.Event.Dto.NewItemPlacedDtoEvent
[InventoryEvent] PUBLISH event=NewItemPlacedDtoEvent, listeners=0, payload=MageFactory.Inventory.Api.Event.Dto.NewItemPlacedDtoEvent
[InventoryEvent] PUBLISH event=CombatCharacterCreatedDtoEvent, listeners=0, payload=MageFactory.CombatContext.Api.Event.CombatCharacterCreatedDtoEvent
[InventoryEvent] PUBLISH event=CombatCharacterCreatedDtoEvent, listeners=0, payload=MageFactory.CombatContext.Api.Event.CombatCharacterCreatedDtoEvent
[InventoryEvent] PUBLISH event=CombatContextCreatedDtoEvent, listeners=0, payload=MageFactory.CombatContext.Api.Event.CombatContextCreatedDtoEvent
[InventoryEvent] PUBLISH event=FlowInputStartedDtoEvent, listeners=0, payload=MageFactory.CombatContext.Api.Event.FlowInputStartedDtoEvent
[InventoryEvent] PUBLISH event=FlowNoOutputDtoEvent, listeners=0, payload=MageFactory.CombatContext.Api.Event.FlowNoOutputDtoEvent
[CombatContext] Picked enemy: Defender(TeamB)
[InventoryEvent] PUBLISH event=FlowAttackCreatedDtoEvent, listeners=0, payload=MageFactory.CombatContext.Api.Event.FlowAttackCreatedDtoEvent
[InventoryEvent] PUBLISH event=CharacterHpChangedDtoEvent, listeners=0, payload=MageFactory.Character.Api.Event.Dto.CharacterHpChangedDtoEvent
[Combat] IncomingAttackDamage resolved directly for character=236577, rawDamage=MageFactory.Shared.Model.DamageToReceive, finalDamage=7, damageRole=ATTACK
]]></output>
                </test-case>
                <test-case id="1075" name="should_move_item_by_hammer_and_not_deal_damage_by_shield" fullname="MageFactory.Tests.Unit.Battle.DeterministicFlowScenarioTest.should_move_item_by_hammer_and_not_deal_damage_by_shield" methodname="should_move_item_by_hammer_and_not_deal_damage_by_shield" classname="MageFactory.Tests.Unit.Battle.DeterministicFlowScenarioTest" runstate="Runnable" seed="497374698" result="Passed" start-time="2026-06-22 19:07:33Z" end-time="2026-06-22 19:07:33Z" duration="0.014109" asserts="0">
                  <properties>
                    <property name="retryIteration" value="0" />
                    <property name="repeatIteration" value="0" />
                  </properties>
                  <output><![CDATA[[InventoryEvent] PUBLISH event=NewItemPlacedDtoEvent, listeners=0, payload=MageFactory.Inventory.Api.Event.Dto.NewItemPlacedDtoEvent
[InventoryEvent] PUBLISH event=NewItemPlacedDtoEvent, listeners=0, payload=MageFactory.Inventory.Api.Event.Dto.NewItemPlacedDtoEvent
[InventoryEvent] PUBLISH event=NewItemPlacedDtoEvent, listeners=0, payload=MageFactory.Inventory.Api.Event.Dto.NewItemPlacedDtoEvent
[InventoryEvent] PUBLISH event=NewItemPlacedDtoEvent, listeners=0, payload=MageFactory.Inventory.Api.Event.Dto.NewItemPlacedDtoEvent
[InventoryEvent] PUBLISH event=CombatCharacterCreatedDtoEvent, listeners=0, payload=MageFactory.CombatContext.Api.Event.CombatCharacterCreatedDtoEvent
[InventoryEvent] PUBLISH event=CombatCharacterCreatedDtoEvent, listeners=0, payload=MageFactory.CombatContext.Api.Event.CombatCharacterCreatedDtoEvent
[InventoryEvent] PUBLISH event=CombatContextCreatedDtoEvent, listeners=0, payload=MageFactory.CombatContext.Api.Event.CombatContextCreatedDtoEvent
[InventoryEvent] PUBLISH event=FlowInputStartedDtoEvent, listeners=0, payload=MageFactory.CombatContext.Api.Event.FlowInputStartedDtoEvent
[InventoryEvent] PUBLISH event=ItemPositionChangedDtoEvent, listeners=0, payload=MageFactory.Inventory.Api.Event.Dto.ItemPositionChangedDtoEvent
[InventoryEvent] PUBLISH event=FlowNoOutputDtoEvent, listeners=0, payload=MageFactory.CombatContext.Api.Event.FlowNoOutputDtoEvent
[CombatContext] Picked enemy: Defender(TeamB)
[InventoryEvent] PUBLISH event=FlowAttackCreatedDtoEvent, listeners=0, payload=MageFactory.CombatContext.Api.Event.FlowAttackCreatedDtoEvent
[InventoryEvent] PUBLISH event=CharacterHpChangedDtoEvent, listeners=0, payload=MageFactory.Character.Api.Event.Dto.CharacterHpChangedDtoEvent
[Combat] IncomingAttackDamage resolved directly for character=236585, rawDamage=MageFactory.Shared.Model.DamageToReceive, finalDamage=13, damageRole=ATTACK
]]></output>
                </test-case>
                <test-case id="1065" name="should_multiply_item_cast_time_by_processing_row_cell_count" fullname="MageFactory.Tests.Unit.Battle.DeterministicFlowScenarioTest.should_multiply_item_cast_time_by_processing_row_cell_count" methodname="should_multiply_item_cast_time_by_processing_row_cell_count" classname="MageFactory.Tests.Unit.Battle.DeterministicFlowScenarioTest" runstate="Runnable" seed="408172173" result="Passed" start-time="2026-06-22 19:07:33Z" end-time="2026-06-22 19:07:33Z" duration="0.014323" asserts="0">
                  <properties>
                    <property name="retryIteration" value="0" />
                    <property name="repeatIteration" value="0" />
                  </properties>
                  <output><![CDATA[[InventoryEvent] PUBLISH event=NewItemPlacedDtoEvent, listeners=0, payload=MageFactory.Inventory.Api.Event.Dto.NewItemPlacedDtoEvent
[InventoryEvent] PUBLISH event=NewItemPlacedDtoEvent, listeners=0, payload=MageFactory.Inventory.Api.Event.Dto.NewItemPlacedDtoEvent
[InventoryEvent] PUBLISH event=CombatCharacterCreatedDtoEvent, listeners=0, payload=MageFactory.CombatContext.Api.Event.CombatCharacterCreatedDtoEvent
[InventoryEvent] PUBLISH event=CombatCharacterCreatedDtoEvent, listeners=0, payload=MageFactory.CombatContext.Api.Event.CombatCharacterCreatedDtoEvent
[InventoryEvent] PUBLISH event=CombatContextCreatedDtoEvent, listeners=0, payload=MageFactory.CombatContext.Api.Event.CombatContextCreatedDtoEvent
[InventoryEvent] PUBLISH event=FlowInputStartedDtoEvent, listeners=0, payload=MageFactory.CombatContext.Api.Event.FlowInputStartedDtoEvent
[InventoryEvent] PUBLISH event=FlowNoOutputDtoEvent, listeners=0, payload=MageFactory.CombatContext.Api.Event.FlowNoOutputDtoEvent
[CombatContext] Picked enemy: Defender(TeamB)
[InventoryEvent] PUBLISH event=FlowAttackCreatedDtoEvent, listeners=0, payload=MageFactory.CombatContext.Api.Event.FlowAttackCreatedDtoEvent
[InventoryEvent] PUBLISH event=CharacterHpChangedDtoEvent, listeners=0, payload=MageFactory.Character.Api.Event.Dto.CharacterHpChangedDtoEvent
[Combat] IncomingAttackDamage resolved directly for character=236591, rawDamage=MageFactory.Shared.Model.DamageToReceive, finalDamage=11, damageRole=ATTACK
]]></output>
                </test-case>
                <test-case id="1062" name="should_not_create_second_flow_when_entry_point_processing_slot_is_busy" fullname="MageFactory.Tests.Unit.Battle.DeterministicFlowScenarioTest.should_not_create_second_flow_when_entry_point_processing_slot_is_busy" methodname="should_not_create_second_flow_when_entry_point_processing_slot_is_busy" classname="MageFactory.Tests.Unit.Battle.DeterministicFlowScenarioTest" runstate="Runnable" seed="752779998" result="Passed" start-time="2026-06-22 19:07:33Z" end-time="2026-06-22 19:07:33Z" duration="0.002928" asserts="0">
                  <properties>
                    <property name="retryIteration" value="0" />
                    <property name="repeatIteration" value="0" />
                  </properties>
                  <output><![CDATA[[InventoryEvent] PUBLISH event=NewItemPlacedDtoEvent, listeners=0, payload=MageFactory.Inventory.Api.Event.Dto.NewItemPlacedDtoEvent
[InventoryEvent] PUBLISH event=CombatCharacterCreatedDtoEvent, listeners=0, payload=MageFactory.CombatContext.Api.Event.CombatCharacterCreatedDtoEvent
[InventoryEvent] PUBLISH event=CombatCharacterCreatedDtoEvent, listeners=0, payload=MageFactory.CombatContext.Api.Event.CombatCharacterCreatedDtoEvent
[InventoryEvent] PUBLISH event=CombatContextCreatedDtoEvent, listeners=0, payload=MageFactory.CombatContext.Api.Event.CombatContextCreatedDtoEvent
[InventoryEvent] PUBLISH event=FlowInputStartedDtoEvent, listeners=0, payload=MageFactory.CombatContext.Api.Event.FlowInputStartedDtoEvent
]]></output>
                </test-case>
                <test-case id="1067" name="should_prepare_flow_processing_state_for_item_equipped_after_combat_context_creation" fullname="MageFactory.Tests.Unit.Battle.DeterministicFlowScenarioTest.should_prepare_flow_processing_state_for_item_equipped_after_combat_context_creation" methodname="should_prepare_flow_processing_state_for_item_equipped_after_combat_context_creation" classname="MageFactory.Tests.Unit.Battle.DeterministicFlowScenarioTest" runstate="Runnable" seed="112279515" result="Passed" start-time="2026-06-22 19:07:33Z" end-time="2026-06-22 19:07:33Z" duration="0.007384" asserts="0">
                  <properties>
                    <property name="retryIteration" value="0" />
                    <property name="repeatIteration" value="0" />
                  </properties>
                  <output><![CDATA[[InventoryEvent] PUBLISH event=CombatCharacterCreatedDtoEvent, listeners=0, payload=MageFactory.CombatContext.Api.Event.CombatCharacterCreatedDtoEvent
[InventoryEvent] PUBLISH event=CombatCharacterCreatedDtoEvent, listeners=0, payload=MageFactory.CombatContext.Api.Event.CombatCharacterCreatedDtoEvent
[InventoryEvent] PUBLISH event=CombatContextCreatedDtoEvent, listeners=0, payload=MageFactory.CombatContext.Api.Event.CombatContextCreatedDtoEvent
[InventoryEvent] PUBLISH event=NewItemPlacedDtoEvent, listeners=0, payload=MageFactory.Inventory.Api.Event.Dto.NewItemPlacedDtoEvent
[InventoryEvent] PUBLISH event=NewItemPlacedDtoEvent, listeners=0, payload=MageFactory.Inventory.Api.Event.Dto.NewItemPlacedDtoEvent
[InventoryEvent] PUBLISH event=FlowInputStartedDtoEvent, listeners=0, payload=MageFactory.CombatContext.Api.Event.FlowInputStartedDtoEvent
[InventoryEvent] PUBLISH event=FlowNoOutputDtoEvent, listeners=0, payload=MageFactory.CombatContext.Api.Event.FlowNoOutputDtoEvent
[CombatContext] Picked enemy: Defender(TeamB)
[InventoryEvent] PUBLISH event=FlowAttackCreatedDtoEvent, listeners=0, payload=MageFactory.CombatContext.Api.Event.FlowAttackCreatedDtoEvent
[InventoryEvent] PUBLISH event=CharacterHpChangedDtoEvent, listeners=0, payload=MageFactory.Character.Api.Event.Dto.CharacterHpChangedDtoEvent
[Combat] IncomingAttackDamage resolved directly for character=236599, rawDamage=MageFactory.Shared.Model.DamageToReceive, finalDamage=7, damageRole=ATTACK
]]></output>
                </test-case>
                <test-case id="1073" name="should_process_same_result_for_batched_and_split_ticks" fullname="MageFactory.Tests.Unit.Battle.DeterministicFlowScenarioTest.should_process_same_result_for_batched_and_split_ticks" methodname="should_process_same_result_for_batched_and_split_ticks" classname="MageFactory.Tests.Unit.Battle.DeterministicFlowScenarioTest" runstate="Runnable" seed="798200033" result="Passed" start-time="2026-06-22 19:07:33Z" end-time="2026-06-22 19:07:33Z" duration="0.011968" asserts="0">
                  <properties>
                    <property name="retryIteration" value="0" />
                    <property name="repeatIteration" value="0" />
                  </properties>
                  <output><![CDATA[[InventoryEvent] PUBLISH event=NewItemPlacedDtoEvent, listeners=0, payload=MageFactory.Inventory.Api.Event.Dto.NewItemPlacedDtoEvent
[InventoryEvent] PUBLISH event=NewItemPlacedDtoEvent, listeners=0, payload=MageFactory.Inventory.Api.Event.Dto.NewItemPlacedDtoEvent
[InventoryEvent] PUBLISH event=CombatCharacterCreatedDtoEvent, listeners=0, payload=MageFactory.CombatContext.Api.Event.CombatCharacterCreatedDtoEvent
[InventoryEvent] PUBLISH event=CombatCharacterCreatedDtoEvent, listeners=0, payload=MageFactory.CombatContext.Api.Event.CombatCharacterCreatedDtoEvent
[InventoryEvent] PUBLISH event=CombatContextCreatedDtoEvent, listeners=0, payload=MageFactory.CombatContext.Api.Event.CombatContextCreatedDtoEvent
[InventoryEvent] PUBLISH event=FlowInputStartedDtoEvent, listeners=0, payload=MageFactory.CombatContext.Api.Event.FlowInputStartedDtoEvent
[InventoryEvent] PUBLISH event=NewItemPlacedDtoEvent, listeners=0, payload=MageFactory.Inventory.Api.Event.Dto.NewItemPlacedDtoEvent
[InventoryEvent] PUBLISH event=NewItemPlacedDtoEvent, listeners=0, payload=MageFactory.Inventory.Api.Event.Dto.NewItemPlacedDtoEvent
[InventoryEvent] PUBLISH event=CombatCharacterCreatedDtoEvent, listeners=0, payload=MageFactory.CombatContext.Api.Event.CombatCharacterCreatedDtoEvent
[InventoryEvent] PUBLISH event=CombatCharacterCreatedDtoEvent, listeners=0, payload=MageFactory.CombatContext.Api.Event.CombatCharacterCreatedDtoEvent
[InventoryEvent] PUBLISH event=CombatContextCreatedDtoEvent, listeners=0, payload=MageFactory.CombatContext.Api.Event.CombatContextCreatedDtoEvent
[InventoryEvent] PUBLISH event=FlowInputStartedDtoEvent, listeners=0, payload=MageFactory.CombatContext.Api.Event.FlowInputStartedDtoEvent
[InventoryEvent] PUBLISH event=FlowNoOutputDtoEvent, listeners=0, payload=MageFactory.CombatContext.Api.Event.FlowNoOutputDtoEvent
[CombatContext] Picked enemy: Defender(TeamB)
[InventoryEvent] PUBLISH event=FlowAttackCreatedDtoEvent, listeners=0, payload=MageFactory.CombatContext.Api.Event.FlowAttackCreatedDtoEvent
[InventoryEvent] PUBLISH event=CharacterHpChangedDtoEvent, listeners=0, payload=MageFactory.Character.Api.Event.Dto.CharacterHpChangedDtoEvent
[Combat] IncomingAttackDamage resolved directly for character=236607, rawDamage=MageFactory.Shared.Model.DamageToReceive, finalDamage=7, damageRole=ATTACK
[InventoryEvent] PUBLISH event=FlowNoOutputDtoEvent, listeners=0, payload=MageFactory.CombatContext.Api.Event.FlowNoOutputDtoEvent
[CombatContext] Picked enemy: Defender(TeamB)
[InventoryEvent] PUBLISH event=FlowAttackCreatedDtoEvent, listeners=0, payload=MageFactory.CombatContext.Api.Event.FlowAttackCreatedDtoEvent
[InventoryEvent] PUBLISH event=CharacterHpChangedDtoEvent, listeners=0, payload=MageFactory.Character.Api.Event.Dto.CharacterHpChangedDtoEvent
[Combat] IncomingAttackDamage resolved directly for character=236612, rawDamage=MageFactory.Shared.Model.DamageToReceive, finalDamage=7, damageRole=ATTACK
]]></output>
                </test-case>
                <test-case id="1068" name="should_release_processing_slot_after_flow_finishes_so_next_flow_can_use_item" fullname="MageFactory.Tests.Unit.Battle.DeterministicFlowScenarioTest.should_release_processing_slot_after_flow_finishes_so_next_flow_can_use_item" methodname="should_release_processing_slot_after_flow_finishes_so_next_flow_can_use_item" classname="MageFactory.Tests.Unit.Battle.DeterministicFlowScenarioTest" runstate="Runnable" seed="281975079" result="Passed" start-time="2026-06-22 19:07:33Z" end-time="2026-06-22 19:07:33Z" duration="0.008447" asserts="0">
                  <properties>
                    <property name="retryIteration" value="0" />
                    <property name="repeatIteration" value="0" />
                  </properties>
                  <output><![CDATA[[InventoryEvent] PUBLISH event=NewItemPlacedDtoEvent, listeners=0, payload=MageFactory.Inventory.Api.Event.Dto.NewItemPlacedDtoEvent
[InventoryEvent] PUBLISH event=NewItemPlacedDtoEvent, listeners=0, payload=MageFactory.Inventory.Api.Event.Dto.NewItemPlacedDtoEvent
[InventoryEvent] PUBLISH event=CombatCharacterCreatedDtoEvent, listeners=0, payload=MageFactory.CombatContext.Api.Event.CombatCharacterCreatedDtoEvent
[InventoryEvent] PUBLISH event=CombatCharacterCreatedDtoEvent, listeners=0, payload=MageFactory.CombatContext.Api.Event.CombatCharacterCreatedDtoEvent
[InventoryEvent] PUBLISH event=CombatContextCreatedDtoEvent, listeners=0, payload=MageFactory.CombatContext.Api.Event.CombatContextCreatedDtoEvent
[InventoryEvent] PUBLISH event=FlowInputStartedDtoEvent, listeners=0, payload=MageFactory.CombatContext.Api.Event.FlowInputStartedDtoEvent
[InventoryEvent] PUBLISH event=FlowNoOutputDtoEvent, listeners=0, payload=MageFactory.CombatContext.Api.Event.FlowNoOutputDtoEvent
[CombatContext] Picked enemy: Defender(TeamB)
[InventoryEvent] PUBLISH event=FlowAttackCreatedDtoEvent, listeners=0, payload=MageFactory.CombatContext.Api.Event.FlowAttackCreatedDtoEvent
[InventoryEvent] PUBLISH event=CharacterHpChangedDtoEvent, listeners=0, payload=MageFactory.Character.Api.Event.Dto.CharacterHpChangedDtoEvent
[Combat] IncomingAttackDamage resolved directly for character=236619, rawDamage=MageFactory.Shared.Model.DamageToReceive, finalDamage=7, damageRole=ATTACK
[InventoryEvent] PUBLISH event=FlowInputStartedDtoEvent, listeners=0, payload=MageFactory.CombatContext.Api.Event.FlowInputStartedDtoEvent
[InventoryEvent] PUBLISH event=FlowNoOutputDtoEvent, listeners=0, payload=MageFactory.CombatContext.Api.Event.FlowNoOutputDtoEvent
[CombatContext] Picked enemy: Defender(TeamB)
[InventoryEvent] PUBLISH event=FlowAttackCreatedDtoEvent, listeners=0, payload=MageFactory.CombatContext.Api.Event.FlowAttackCreatedDtoEvent
[InventoryEvent] PUBLISH event=CharacterHpChangedDtoEvent, listeners=0, payload=MageFactory.Character.Api.Event.Dto.CharacterHpChangedDtoEvent
[Combat] IncomingAttackDamage resolved directly for character=236619, rawDamage=MageFactory.Shared.Model.DamageToReceive, finalDamage=7, damageRole=ATTACK
]]></output>
                </test-case>
                <test-case id="1064" name="should_route_to_available_neighbor_when_another_neighbor_is_full" fullname="MageFactory.Tests.Unit.Battle.DeterministicFlowScenarioTest.should_route_to_available_neighbor_when_another_neighbor_is_full" methodname="should_route_to_available_neighbor_when_another_neighbor_is_full" classname="MageFactory.Tests.Unit.Battle.DeterministicFlowScenarioTest" runstate="Runnable" seed="1272730274" result="Passed" start-time="2026-06-22 19:07:33Z" end-time="2026-06-22 19:07:33Z" duration="0.004657" asserts="0">
                  <properties>
                    <property name="retryIteration" value="0" />
                    <property name="repeatIteration" value="0" />
                  </properties>
                  <output><![CDATA[[InventoryEvent] PUBLISH event=NewItemPlacedDtoEvent, listeners=0, payload=MageFactory.Inventory.Api.Event.Dto.NewItemPlacedDtoEvent
[InventoryEvent] PUBLISH event=NewItemPlacedDtoEvent, listeners=0, payload=MageFactory.Inventory.Api.Event.Dto.NewItemPlacedDtoEvent
[InventoryEvent] PUBLISH event=NewItemPlacedDtoEvent, listeners=0, payload=MageFactory.Inventory.Api.Event.Dto.NewItemPlacedDtoEvent
[InventoryEvent] PUBLISH event=NewItemPlacedDtoEvent, listeners=0, payload=MageFactory.Inventory.Api.Event.Dto.NewItemPlacedDtoEvent
[InventoryEvent] PUBLISH event=CombatCharacterCreatedDtoEvent, listeners=0, payload=MageFactory.CombatContext.Api.Event.CombatCharacterCreatedDtoEvent
[InventoryEvent] PUBLISH event=CombatCharacterCreatedDtoEvent, listeners=0, payload=MageFactory.CombatContext.Api.Event.CombatCharacterCreatedDtoEvent
[InventoryEvent] PUBLISH event=CombatContextCreatedDtoEvent, listeners=0, payload=MageFactory.CombatContext.Api.Event.CombatContextCreatedDtoEvent
[InventoryEvent] PUBLISH event=FlowInputStartedDtoEvent, listeners=0, payload=MageFactory.CombatContext.Api.Event.FlowInputStartedDtoEvent
[InventoryEvent] PUBLISH event=FlowInputStartedDtoEvent, listeners=0, payload=MageFactory.CombatContext.Api.Event.FlowInputStartedDtoEvent
]]></output>
                </test-case>
                <test-case id="1074" name="should_skip_item_when_flow_processing_capacity_is_full" fullname="MageFactory.Tests.Unit.Battle.DeterministicFlowScenarioTest.should_skip_item_when_flow_processing_capacity_is_full" methodname="should_skip_item_when_flow_processing_capacity_is_full" classname="MageFactory.Tests.Unit.Battle.DeterministicFlowScenarioTest" runstate="Runnable" seed="163813495" result="Passed" start-time="2026-06-22 19:07:33Z" end-time="2026-06-22 19:07:33Z" duration="0.007703" asserts="0">
                  <properties>
                    <property name="retryIteration" value="0" />
                    <property name="repeatIteration" value="0" />
[...]
]]></output>
              </test-case>
              <test-case id="1171" name="TestSubscribeDeterministicOrder" fullname="Zenject.Tests.Signals.TestSignalsAdvanced.TestSubscribeDeterministicOrder" methodname="TestSubscribeDeterministicOrder" classname="Zenject.Tests.Signals.TestSignalsAdvanced" runstate="Runnable" seed="1739647874" result="Passed" start-time="2026-06-22 19:07:34Z" end-time="2026-06-22 19:07:34Z" duration="0.000661" asserts="0">
                <properties>
                  <property name="retryIteration" value="0" />
                  <property name="repeatIteration" value="0" />
                </properties>
              </test-case>
              <test-case id="1172" name="TestSubscribeUnsubscribeInsideHandler" fullname="Zenject.Tests.Signals.TestSignalsAdvanced.TestSubscribeUnsubscribeInsideHandler" methodname="TestSubscribeUnsubscribeInsideHandler" classname="Zenject.Tests.Signals.TestSignalsAdvanced" runstate="Runnable" seed="944580532" result="Passed" start-time="2026-06-22 19:07:34Z" end-time="2026-06-22 19:07:34Z" duration="0.001709" asserts="0">
                <properties>
                  <property name="retryIteration" value="0" />
                  <property name="repeatIteration" value="0" />
                </properties>
                <output><![CDATA[Fired signal 'TestSignalsAdvanced.FooSignal' but no subscriptions found!  If this is intentional then either add OptionalSubscriber() to the binding or change the default in ZenjectSettings
Fired signal 'TestSignalsAdvanced.FooSignal' but no subscriptions found!  If this is intentional then either add OptionalSubscriber() to the binding or change the default in ZenjectSettings
]]></output>
              </test-case>
            </test-suite>
          </test-suite>
          <test-suite type="TestFixture" id="1106" name="TestArrayPool" fullname="Zenject.Tests.TestArrayPool" classname="Zenject.Tests.TestArrayPool" runstate="Runnable" testcasecount="1" result="Passed" start-time="2026-06-22 19:07:34Z" end-time="2026-06-22 19:07:34Z" duration="0.002550" total="1" passed="1" failed="0" inconclusive="0" skipped="0" asserts="0">
            <properties />
            <test-case id="1107" name="RunTest" fullname="Zenject.Tests.TestArrayPool.RunTest" methodname="RunTest" classname="Zenject.Tests.TestArrayPool" runstate="Runnable" seed="559665371" result="Passed" start-time="2026-06-22 19:07:34Z" end-time="2026-06-22 19:07:34Z" duration="0.001691" asserts="0">
              <properties>
                <property name="retryIteration" value="0" />
                <property name="repeatIteration" value="0" />
              </properties>
            </test-case>
          </test-suite>
          <test-suite type="TestFixture" id="1108" name="TestDisposeBlock" fullname="Zenject.Tests.TestDisposeBlock" classname="Zenject.Tests.TestDisposeBlock" runstate="Runnable" testcasecount="3" result="Passed" start-time="2026-06-22 19:07:34Z" end-time="2026-06-22 19:07:34Z" duration="0.004475" total="3" passed="3" failed="0" inconclusive="0" skipped="0" asserts="0">
            <properties />
            <test-case id="1109" name="TestExceptions" fullname="Zenject.Tests.TestDisposeBlock.TestExceptions" methodname="TestExceptions" classname="Zenject.Tests.TestDisposeBlock" runstate="Runnable" seed="764358224" result="Passed" start-time="2026-06-22 19:07:34Z" end-time="2026-06-22 19:07:34Z" duration="0.000688" asserts="0">
              <properties>
                <property name="retryIteration" value="0" />
                <property name="repeatIteration" value="0" />
              </properties>
            </test-case>
            <test-case id="1111" name="TestWithNormalMemoryPool" fullname="Zenject.Tests.TestDisposeBlock.TestWithNormalMemoryPool" methodname="TestWithNormalMemoryPool" classname="Zenject.Tests.TestDisposeBlock" runstate="Runnable" seed="777655256" result="Passed" start-time="2026-06-22 19:07:34Z" end-time="2026-06-22 19:07:34Z" duration="0.001933" asserts="0">
              <properties>
                <property name="retryIteration" value="0" />
                <property name="repeatIteration" value="0" />
              </properties>
            </test-case>
            <test-case id="1110" name="TestWithStaticMemoryPool" fullname="Zenject.Tests.TestDisposeBlock.TestWithStaticMemoryPool" methodname="TestWithStaticMemoryPool" classname="Zenject.Tests.TestDisposeBlock" runstate="Runnable" seed="625230341" result="Passed" start-time="2026-06-22 19:07:34Z" end-time="2026-06-22 19:07:34Z" duration="0.000876" asserts="0">
              <properties>
                <property name="retryIteration" value="0" />
                <property name="repeatIteration" value="0" />
              </properties>
            </test-case>
          </test-suite>
          <test-suite type="TestFixture" id="1112" name="TestPoolableStaticMemoryPool" fullname="Zenject.Tests.TestPoolableStaticMemoryPool" classname="Zenject.Tests.TestPoolableStaticMemoryPool" runstate="Runnable" testcasecount="1" result="Passed" start-time="2026-06-22 19:07:34Z" end-time="2026-06-22 19:07:34Z" duration="0.001950" total="1" passed="1" failed="0" inconclusive="0" skipped="0" asserts="0">
            <properties />
            <test-case id="1113" name="RunTest" fullname="Zenject.Tests.TestPoolableStaticMemoryPool.RunTest" methodname="RunTest" classname="Zenject.Tests.TestPoolableStaticMemoryPool" runstate="Runnable" seed="250596287" result="Passed" start-time="2026-06-22 19:07:34Z" end-time="2026-06-22 19:07:34Z" duration="0.000986" asserts="0">
              <properties>
                <property name="retryIteration" value="0" />
                <property name="repeatIteration" value="0" />
              </properties>
            </test-case>
          </test-suite>
          <test-suite type="TestFixture" id="1114" name="TestStaticMemoryPool" fullname="Zenject.Tests.TestStaticMemoryPool" classname="Zenject.Tests.TestStaticMemoryPool" runstate="Runnable" testcasecount="4" result="Passed" start-time="2026-06-22 19:07:34Z" end-time="2026-06-22 19:07:34Z" duration="0.004401" total="4" passed="4" failed="0" inconclusive="0" skipped="0" asserts="0">
            <properties />
            <test-case id="1115" name="RunTest" fullname="Zenject.Tests.TestStaticMemoryPool.RunTest" methodname="RunTest" classname="Zenject.Tests.TestStaticMemoryPool" runstate="Runnable" seed="1806316491" result="Passed" start-time="2026-06-22 19:07:34Z" end-time="2026-06-22 19:07:34Z" duration="0.001170" asserts="0">
              <properties>
                <property name="retryIteration" value="0" />
                <property name="repeatIteration" value="0" />
              </properties>
            </test-case>
            <test-case id="1116" name="TestListPool" fullname="Zenject.Tests.TestStaticMemoryPool.TestListPool" methodname="TestListPool" classname="Zenject.Tests.TestStaticMemoryPool" runstate="Runnable" seed="1070278118" result="Passed" start-time="2026-06-22 19:07:34Z" end-time="2026-06-22 19:07:34Z" duration="0.000748" asserts="0">
              <properties>
                <property name="retryIteration" value="0" />
                <property name="repeatIteration" value="0" />
              </properties>
            </test-case>
            <test-case id="1117" name="TestPoolWrapper" fullname="Zenject.Tests.TestStaticMemoryPool.TestPoolWrapper" methodname="TestPoolWrapper" classname="Zenject.Tests.TestStaticMemoryPool" runstate="Runnable" seed="1286529768" result="Passed" start-time="2026-06-22 19:07:34Z" end-time="2026-06-22 19:07:34Z" duration="0.000419" asserts="0">
              <properties>
                <property name="retryIteration" value="0" />
                <property name="repeatIteration" value="0" />
              </properties>
            </test-case>
            <test-case id="1118" name="TestResize" fullname="Zenject.Tests.TestStaticMemoryPool.TestResize" methodname="TestResize" classname="Zenject.Tests.TestStaticMemoryPool" runstate="Runnable" seed="267733537" result="Passed" start-time="2026-06-22 19:07:34Z" end-time="2026-06-22 19:07:34Z" duration="0.000939" asserts="0">
              <properties>
                <property name="retryIteration" value="0" />
                <property name="repeatIteration" value="0" />
              </properties>
            </test-case>
          </test-suite>
          <test-suite type="TestFixture" id="1119" name="TestTestUtil" fullname="Zenject.Tests.TestTestUtil" classname="Zenject.Tests.TestTestUtil" runstate="Runnable" testcasecount="2" result="Passed" start-time="2026-06-22 19:07:34Z" end-time="2026-06-22 19:07:34Z" duration="0.001546" total="2" passed="2" failed="0" inconclusive="0" skipped="0" asserts="0">
            <properties />
            <test-case id="1121" name="TestFalse" fullname="Zenject.Tests.TestTestUtil.TestFalse" methodname="TestFalse" classname="Zenject.Tests.TestTestUtil" runstate="Runnable" seed="1613611344" result="Passed" start-time="2026-06-22 19:07:34Z" end-time="2026-06-22 19:07:34Z" duration="0.000644" asserts="0">
              <properties>
                <property name="retryIteration" value="0" />
                <property name="repeatIteration" value="0" />
              </properties>
            </test-case>
            <test-case id="1120" name="TestTrue" fullname="Zenject.Tests.TestTestUtil.TestTrue" methodname="TestTrue" classname="Zenject.Tests.TestTestUtil" runstate="Runnable" seed="1459682414" result="Passed" start-time="2026-06-22 19:07:34Z" end-time="2026-06-22 19:07:34Z" duration="0.000179" asserts="0">
              <properties>
                <property name="retryIteration" value="0" />
                <property name="repeatIteration" value="0" />
              </properties>
            </test-case>
          </test-suite>
          <test-suite type="TestFixture" id="1122" name="TestValidation" fullname="Zenject.Tests.TestValidation" classname="Zenject.Tests.TestValidation" runstate="Runnable" testcasecount="13" result="Passed" start-time="2026-06-22 19:07:34Z" end-time="2026-06-22 19:07:34Z" duration="0.012958" total="13" passed="13" failed="0" inconclusive="0" skipped="0" asserts="0">
            <properties />
            <test-case id="1135" name="TestCustomValidatable" fullname="Zenject.Tests.TestValidation.TestCustomValidatable" methodname="TestCustomValidatable" classname="Zenject.Tests.TestValidation" runstate="Runnable" seed="1156538326" result="Passed" start-time="2026-06-22 19:07:34Z" end-time="2026-06-22 19:07:34Z" duration="0.000978" asserts="0">
              <properties>
                <property name="retryIteration" value="0" />
                <property name="repeatIteration" value="0" />
              </properties>
            </test-case>
            <test-case id="1126" name="TestFactoryFail" fullname="Zenject.Tests.TestValidation.TestFactoryFail" methodname="TestFactoryFail" classname="Zenject.Tests.TestValidation" runstate="Runnable" seed="1778287473" result="Passed" start-time="2026-06-22 19:07:34Z" end-time="2026-06-22 19:07:34Z" duration="0.001494" asserts="0">
              <properties>
                <property name="retryIteration" value="0" />
                <property name="repeatIteration" value="0" />
              </properties>
            </test-case>
            <test-case id="1127" name="TestFactorySuccess" fullname="Zenject.Tests.TestValidation.TestFactorySuccess" methodname="TestFactorySuccess" classname="Zenject.Tests.TestValidation" runstate="Runnable" seed="109291843" result="Passed" start-time="2026-06-22 19:07:34Z" end-time="2026-06-22 19:07:34Z" duration="0.000710" asserts="0">
              <properties>
                <property name="retryIteration" value="0" />
                <property name="repeatIteration" value="0" />
              </properties>
            </test-case>
            <test-case id="1123" name="TestFailure" fullname="Zenject.Tests.TestValidation.TestFailure" methodname="TestFailure" classname="Zenject.Tests.TestValidation" runstate="Runnable" seed="459790156" result="Passed" start-time="2026-06-22 19:07:34Z" end-time="2026-06-22 19:07:34Z" duration="0.000393" asserts="0">
              <properties>
                <property name="retryIteration" value="0" />
                <property name="repeatIteration" value="0" />
              </properties>
            </test-case>
            <test-case id="1131" name="TestLazyFail" fullname="Zenject.Tests.TestValidation.TestLazyFail" methodname="TestLazyFail" classname="Zenject.Tests.TestValidation" runstate="Runnable" seed="1800478855" result="Passed" start-time="2026-06-22 19:07:34Z" end-time="2026-06-22 19:07:34Z" duration="0.000921" asserts="0">
              <properties>
                <property name="retryIteration" value="0" />
                <property name="repeatIteration" value="0" />
              </properties>
            </test-case>
            <test-case id="1132" name="TestLazySuccess" fullname="Zenject.Tests.TestValidation.TestLazySuccess" methodname="TestLazySuccess" classname="Zenject.Tests.TestValidation" runstate="Runnable" seed="1588571241" result="Passed" start-time="2026-06-22 19:07:34Z" end-time="2026-06-22 19:07:34Z" duration="0.000700" asserts="0">
              <properties>
                <property name="retryIteration" value="0" />
                <property name="repeatIteration" value="0" />
              </properties>
            </test-case>
            <test-case id="1133" name="TestMemoryPoolFailure" fullname="Zenject.Tests.TestValidation.TestMemoryPoolFailure" methodname="TestMemoryPoolFailure" classname="Zenject.Tests.TestValidation" runstate="Runnable" seed="873994099" result="Passed" start-time="2026-06-22 19:07:34Z" end-time="2026-06-22 19:07:34Z" duration="0.001448" asserts="0">
              <properties>
                <property name="retryIteration" value="0" />
                <property name="repeatIteration" value="0" />
              </properties>
            </test-case>
            <test-case id="1134" name="TestMemoryPoolSuccess" fullname="Zenject.Tests.TestValidation.TestMemoryPoolSuccess" methodname="TestMemoryPoolSuccess" classname="Zenject.Tests.TestValidation" runstate="Runnable" seed="757255154" result="Passed" start-time="2026-06-22 19:07:34Z" end-time="2026-06-22 19:07:34Z" duration="0.000374" asserts="0">
              <properties>
                <property name="retryIteration" value="0" />
                <property name="repeatIteration" value="0" />
              </properties>
            </test-case>
            <test-case id="1125" name="TestNumCalls" fullname="Zenject.Tests.TestValidation.TestNumCalls" methodname="TestNumCalls" classname="Zenject.Tests.TestValidation" runstate="Runnable" seed="1479138633" result="Passed" start-time="2026-06-22 19:07:34Z" end-time="2026-06-22 19:07:34Z" duration="0.001133" asserts="0">
              <properties>
                <property name="retryIteration" value="0" />
                <property name="repeatIteration" value="0" />
              </properties>
            </test-case>
            <test-case id="1130" name="TestSubContainerInstallerFailure" fullname="Zenject.Tests.TestValidation.TestSubContainerInstallerFailure" methodname="TestSubContainerInstallerFailure" classname="Zenject.Tests.TestValidation" runstate="Runnable" seed="800572878" result="Passed" start-time="2026-06-22 19:07:34Z" end-time="2026-06-22 19:07:34Z" duration="0.000838" asserts="0">
              <properties>
                <property name="retryIteration" value="0" />
                <property name="repeatIteration" value="0" />
              </properties>
            </test-case>
            <test-case id="1129" name="TestSubContainerMethodFailure" fullname="Zenject.Tests.TestValidation.TestSubContainerMethodFailure" methodname="TestSubContainerMethodFailure" classname="Zenject.Tests.TestValidation" runstate="Runnable" seed="1994844199" result="Passed" start-time="2026-06-22 19:07:34Z" end-time="2026-06-22 19:07:34Z" duration="0.000588" asserts="0">
              <properties>
                <property name="retryIteration" value="0" />
                <property name="repeatIteration" value="0" />
              </properties>
            </test-case>
            <test-case id="1128" name="TestSubContainerMethodSuccess" fullname="Zenject.Tests.TestValidation.TestSubContainerMethodSuccess" methodname="TestSubContainerMethodSuccess" classname="Zenject.Tests.TestValidation" runstate="Runnable" seed="816419986" result="Passed" start-time="2026-06-22 19:07:34Z" end-time="2026-06-22 19:07:34Z" duration="0.000589" asserts="0">
              <properties>
                <property name="retryIteration" value="0" />
                <property name="repeatIteration" value="0" />
              </properties>
            </test-case>
            <test-case id="1124" name="TestSuccess" fullname="Zenject.Tests.TestValidation.TestSuccess" methodname="TestSuccess" classname="Zenject.Tests.TestValidation" runstate="Runnable" seed="2054999521" result="Passed" start-time="2026-06-22 19:07:34Z" end-time="2026-06-22 19:07:34Z" duration="0.000357" asserts="0">
              <properties>
                <property name="retryIteration" value="0" />
                <property name="repeatIteration" value="0" />
              </properties>
            </test-case>
          </test-suite>
          <test-suite type="TestFixture" id="1136" name="TestValidationSettings" fullname="Zenject.Tests.TestValidationSettings" classname="Zenject.Tests.TestValidationSettings" runstate="Runnable" testcasecount="3" result="Passed" start-time="2026-06-22 19:07:34Z" end-time="2026-06-22 19:07:34Z" duration="0.002254" total="3" passed="3" failed="0" inconclusive="0" skipped="0" asserts="0">
            <properties />
            <test-case id="1138" name="TestOutsideObjectGraph1" fullname="Zenject.Tests.TestValidationSettings.TestOutsideObjectGraph1" methodname="TestOutsideObjectGraph1" classname="Zenject.Tests.TestValidationSettings" runstate="Runnable" seed="965726358" result="Passed" start-time="2026-06-22 19:07:34Z" end-time="2026-06-22 19:07:34Z" duration="0.000355" asserts="0">
              <properties>
                <property name="retryIteration" value="0" />
                <property name="repeatIteration" value="0" />
              </properties>
            </test-case>
            <test-case id="1139" name="TestOutsideObjectGraph2" fullname="Zenject.Tests.TestValidationSettings.TestOutsideObjectGraph2" methodname="TestOutsideObjectGraph2" classname="Zenject.Tests.TestValidationSettings" runstate="Runnable" seed="39450041" result="Passed" start-time="2026-06-22 19:07:34Z" end-time="2026-06-22 19:07:34Z" duration="0.000593" asserts="0">
              <properties>
                <property name="retryIteration" value="0" />
                <property name="repeatIteration" value="0" />
              </properties>
            </test-case>
            <test-case id="1137" name="TestValidationErrorThrows" fullname="Zenject.Tests.TestValidationSettings.TestValidationErrorThrows" methodname="TestValidationErrorThrows" classname="Zenject.Tests.TestValidationSettings" runstate="Runnable" seed="827576507" result="Passed" start-time="2026-06-22 19:07:34Z" end-time="2026-06-22 19:07:34Z" duration="0.000313" asserts="0">
              <properties>
                <property name="retryIteration" value="0" />
                <property name="repeatIteration" value="0" />
              </properties>
              <output><![CDATA[Saving results to: C:/Users/User/AppData/LocalLow/DefaultCompany/MrAngleGame\TestResults.xml
]]></output>
            </test-case>
          </test-suite>
        </test-suite>
      </test-suite>
    </test-suite>
  </test-suite>
</test-run>